<?xml version="1.0" encoding="utf-8"?>
<CoverageSession xmlns:xsd="http://www.w3.org/2001/XMLSchema" xmlns:xsi="http://www.w3.org/2001/XMLSchema-instance">
  <Summary numSequencePoints="389" visitedSequencePoints="202" numBranchPoints="160" visitedBranchPoints="100" sequenceCoverage="51.93" branchCoverage="62.5" maxCyclomaticComplexity="6" minCyclomaticComplexity="1" visitedClasses="13" numClasses="16" visitedMethods="91" numMethods="130" />
  <Modules>
    <Module skippedDueTo="Filter" hash="B5-3B-04-14-1C-C3-B8-34-C8-C1-ED-72-E3-29-CC-57-B0-70-7A-F4">
      <ModulePath>C:\Windows\assembly\GAC_64\mscorlib\2.0.0.0__b77a5c561934e089\mscorlib.dll</ModulePath>
      <ModuleTime>2017-03-18T01:53:18Z</ModuleTime>
      <ModuleName>mscorlib</ModuleName>
      <Classes />
    </Module>
    <Module skippedDueTo="Filter" hash="F9-04-A8-31-CD-FB-23-72-95-63-5D-14-9A-A0-66-8E-7F-44-93-7A">
      <ModulePath>C:\Windows\assembly\GAC_64\mscorlib\2.0.0.0__b77a5c561934e089\sorttbls.nlp</ModulePath>
      <ModuleTime>2017-02-10T18:17:04Z</ModuleTime>
      <ModuleName>mscorlib</ModuleName>
      <Classes />
    </Module>
    <Module skippedDueTo="Filter" hash="9F-C3-2E-51-B5-EB-69-B9-60-21-42-1F-17-25-12-07-16-11-20-50">
      <ModulePath>C:\Users\developer\Documents\projects\GHArkanis\packages\NUnit.Runners.2.6.4\tools\nunit-console.exe</ModulePath>
      <ModuleTime>2014-12-17T06:04:36Z</ModuleTime>
      <ModuleName>nunit-console</ModuleName>
      <Classes />
    </Module>
    <Module skippedDueTo="Filter" hash="F2-ED-FF-09-01-C9-D7-BC-29-AC-A6-93-C5-97-8A-0D-43-DD-8D-F2">
      <ModulePath>C:\Users\developer\Documents\projects\GHArkanis\packages\NUnit.Runners.2.6.4\tools\lib\nunit-console-runner.dll</ModulePath>
      <ModuleTime>2014-12-17T06:04:36Z</ModuleTime>
      <ModuleName>nunit-console-runner</ModuleName>
      <Classes />
    </Module>
    <Module skippedDueTo="Filter" hash="36-B9-FF-C0-07-EA-59-4D-23-2E-FD-CD-5A-45-CF-C0-2C-42-2A-98">
      <ModulePath>C:\Users\developer\Documents\projects\GHArkanis\packages\NUnit.Runners.2.6.4\tools\lib\nunit.core.dll</ModulePath>
      <ModuleTime>2014-12-17T06:04:36Z</ModuleTime>
      <ModuleName>nunit.core</ModuleName>
      <Classes />
    </Module>
    <Module skippedDueTo="Filter" hash="14-C3-4B-3E-39-7A-EE-C0-B9-2F-83-44-2F-04-8A-F7-48-7B-67-DE">
      <ModulePath>C:\Users\developer\Documents\projects\GHArkanis\packages\NUnit.Runners.2.6.4\tools\lib\nunit.util.dll</ModulePath>
      <ModuleTime>2014-12-17T06:04:36Z</ModuleTime>
      <ModuleName>nunit.util</ModuleName>
      <Classes />
    </Module>
    <Module skippedDueTo="Filter" hash="5E-95-A6-AD-88-48-98-B1-62-7F-4E-5A-C1-0E-F3-B7-85-56-44-E8">
      <ModulePath>C:\Users\developer\Documents\projects\GHArkanis\packages\NUnit.Runners.2.6.4\tools\lib\nunit.core.interfaces.dll</ModulePath>
      <ModuleTime>2014-12-17T06:04:36Z</ModuleTime>
      <ModuleName>nunit.core.interfaces</ModuleName>
      <Classes />
    </Module>
    <Module skippedDueTo="Filter" hash="6E-30-2E-50-36-FB-60-2C-8E-50-C0-83-54-8B-CC-EA-A8-91-B6-CC">
      <ModulePath>C:\Windows\assembly\GAC_64\mscorlib\2.0.0.0__b77a5c561934e089\sortkey.nlp</ModulePath>
      <ModuleTime>2017-02-10T18:17:04Z</ModuleTime>
      <ModuleName>mscorlib</ModuleName>
      <Classes />
    </Module>
    <Module skippedDueTo="Filter" hash="D9-E1-E4-30-FE-21-28-4C-D8-2B-4E-54-08-4D-62-AB-B5-41-4C-3D">
      <ModulePath>C:\Windows\assembly\GAC_MSIL\System.Configuration\2.0.0.0__b03f5f7f11d50a3a\System.Configuration.dll</ModulePath>
      <ModuleTime>2017-03-18T05:02:00Z</ModuleTime>
      <ModuleName>System.Configuration</ModuleName>
      <Classes />
    </Module>
    <Module skippedDueTo="Filter" hash="84-ED-EE-91-94-D2-39-93-90-C8-1A-EC-1D-57-11-26-A0-D3-FE-A8">
      <ModulePath>C:\Windows\assembly\GAC_MSIL\System\2.0.0.0__b77a5c561934e089\System.dll</ModulePath>
      <ModuleTime>2017-03-18T05:02:00Z</ModuleTime>
      <ModuleName>System</ModuleName>
      <Classes />
    </Module>
    <Module skippedDueTo="Filter" hash="68-D9-7A-5D-02-51-6D-19-DC-60-92-C2-50-E1-25-61-A6-2B-C6-50">
      <ModulePath>C:\Windows\assembly\GAC_MSIL\System.Xml\2.0.0.0__b77a5c561934e089\System.Xml.dll</ModulePath>
      <ModuleTime>2017-03-18T05:02:00Z</ModuleTime>
      <ModuleName>System.Xml</ModuleName>
      <Classes />
    </Module>
    <Module skippedDueTo="Filter" hash="BE-C3-3A-F7-17-24-98-3B-AD-68-A6-84-C6-DF-5D-15-C6-3D-92-17">
      <ModulePath>C:\Windows\assembly\GAC_MSIL\System.Runtime.Remoting\2.0.0.0__b77a5c561934e089\System.Runtime.Remoting.dll</ModulePath>
      <ModuleTime>2017-03-18T05:11:40Z</ModuleTime>
      <ModuleName>System.Runtime.Remoting</ModuleName>
      <Classes />
    </Module>
    <Module skippedDueTo="Filter" hash="34-11-C5-40-14-DD-EF-29-B9-4B-61-0B-E0-44-66-77-87-26-3C-F0">
      <ModulePath>C:\Windows\Microsoft.Net\assembly\GAC_64\mscorlib\v4.0_4.0.0.0__b77a5c561934e089\mscorlib.dll</ModulePath>
      <ModuleTime>2017-03-18T20:59:45.7595548Z</ModuleTime>
      <ModuleName>mscorlib</ModuleName>
      <Classes />
    </Module>
    <Module skippedDueTo="Filter" hash="E8-07-A4-A1-06-33-5B-A6-17-CF-DC-6F-28-47-58-85-D6-9F-6B-46">
      <ModulePath>C:\Users\developer\Documents\projects\GHArkanis\packages\NUnit.Runners.2.6.4\tools\nunit-agent.exe</ModulePath>
      <ModuleTime>2014-12-17T06:04:36Z</ModuleTime>
      <ModuleName>nunit-agent</ModuleName>
      <Classes />
    </Module>
    <Module skippedDueTo="Filter" hash="36-B9-FF-C0-07-EA-59-4D-23-2E-FD-CD-5A-45-CF-C0-2C-42-2A-98">
      <ModulePath>C:\Users\developer\Documents\projects\GHArkanis\packages\NUnit.Runners.2.6.4\tools\lib\nunit.core.dll</ModulePath>
      <ModuleTime>2014-12-17T06:04:36Z</ModuleTime>
      <ModuleName>nunit.core</ModuleName>
      <Classes />
    </Module>
    <Module skippedDueTo="Filter" hash="14-C3-4B-3E-39-7A-EE-C0-B9-2F-83-44-2F-04-8A-F7-48-7B-67-DE">
      <ModulePath>C:\Users\developer\Documents\projects\GHArkanis\packages\NUnit.Runners.2.6.4\tools\lib\nunit.util.dll</ModulePath>
      <ModuleTime>2014-12-17T06:04:36Z</ModuleTime>
      <ModuleName>nunit.util</ModuleName>
      <Classes />
    </Module>
    <Module skippedDueTo="Filter" hash="5E-95-A6-AD-88-48-98-B1-62-7F-4E-5A-C1-0E-F3-B7-85-56-44-E8">
      <ModulePath>C:\Users\developer\Documents\projects\GHArkanis\packages\NUnit.Runners.2.6.4\tools\lib\nunit.core.interfaces.dll</ModulePath>
      <ModuleTime>2014-12-17T06:04:36Z</ModuleTime>
      <ModuleName>nunit.core.interfaces</ModuleName>
      <Classes />
    </Module>
    <Module skippedDueTo="Filter" hash="1D-0A-A1-E9-E9-CE-21-2E-98-50-03-A3-97-EC-E3-07-66-E8-E7-DF">
      <ModulePath>C:\Windows\Microsoft.Net\assembly\GAC_MSIL\System\v4.0_4.0.0.0__b77a5c561934e089\System.dll</ModulePath>
      <ModuleTime>2017-03-18T20:59:43.8843944Z</ModuleTime>
      <ModuleName>System</ModuleName>
      <Classes />
    </Module>
    <Module skippedDueTo="Filter" hash="27-33-9D-83-64-AB-93-6A-B4-BE-AB-4D-9B-75-8B-E2-B9-63-8B-DE">
      <ModulePath>C:\Windows\Microsoft.Net\assembly\GAC_MSIL\System.Runtime.Remoting\v4.0_4.0.0.0__b77a5c561934e089\System.Runtime.Remoting.dll</ModulePath>
      <ModuleTime>2017-03-18T20:59:43.8062628Z</ModuleTime>
      <ModuleName>System.Runtime.Remoting</ModuleName>
      <Classes />
    </Module>
    <Module skippedDueTo="Filter" hash="0C-91-60-C5-26-07-2E-2E-54-A1-8A-32-86-67-C5-B4-A5-93-05-F9">
      <ModulePath>C:\Windows\Microsoft.Net\assembly\GAC_MSIL\System.Configuration\v4.0_4.0.0.0__b03f5f7f11d50a3a\System.Configuration.dll</ModulePath>
      <ModuleTime>2017-03-18T20:59:43.7281312Z</ModuleTime>
      <ModuleName>System.Configuration</ModuleName>
      <Classes />
    </Module>
    <Module skippedDueTo="Filter" hash="BC-3D-7B-FA-41-15-98-9E-BD-CB-6E-11-CC-4E-F2-49-2D-A6-58-72">
      <ModulePath>C:\Windows\Microsoft.Net\assembly\GAC_MSIL\System.Xml\v4.0_4.0.0.0__b77a5c561934e089\System.Xml.dll</ModulePath>
      <ModuleTime>2017-03-18T20:59:43.8218895Z</ModuleTime>
      <ModuleName>System.Xml</ModuleName>
      <Classes />
    </Module>
    <Module skippedDueTo="Filter" hash="23-BC-31-F6-43-B2-A8-0E-53-0D-F9-0B-70-B7-5D-8F-D4-C6-52-05">
      <ModulePath>C:\Windows\Microsoft.Net\assembly\GAC_64\System.Web\v4.0_4.0.0.0__b03f5f7f11d50a3a\System.Web.dll</ModulePath>
      <ModuleTime>2017-03-18T20:59:47.9159862Z</ModuleTime>
      <ModuleName>System.Web</ModuleName>
      <Classes />
    </Module>
    <Module skippedDueTo="Filter" hash="90-63-C8-99-42-A7-4D-0A-3F-27-55-D9-27-57-AE-E0-E9-B0-15-E8">
      <ModulePath>C:\Windows\assembly\GAC_64\System.Web\2.0.0.0__b03f5f7f11d50a3a\System.Web.dll</ModulePath>
      <ModuleTime>2017-03-18T01:53:22Z</ModuleTime>
      <ModuleName>System.Web</ModuleName>
      <Classes />
    </Module>
    <Module skippedDueTo="Filter" hash="36-B9-FF-C0-07-EA-59-4D-23-2E-FD-CD-5A-45-CF-C0-2C-42-2A-98">
      <ModulePath>C:\Users\developer\Documents\projects\GHArkanis\packages\NUnit.Runners.2.6.4\tools\lib\nunit.core.dll</ModulePath>
      <ModuleTime>2014-12-17T06:04:36Z</ModuleTime>
      <ModuleName>nunit.core</ModuleName>
      <Classes />
    </Module>
    <Module skippedDueTo="Filter" hash="1D-0A-A1-E9-E9-CE-21-2E-98-50-03-A3-97-EC-E3-07-66-E8-E7-DF">
      <ModulePath>C:\Windows\Microsoft.Net\assembly\GAC_MSIL\System\v4.0_4.0.0.0__b77a5c561934e089\System.dll</ModulePath>
      <ModuleTime>2017-03-18T20:59:43.8843944Z</ModuleTime>
      <ModuleName>System</ModuleName>
      <Classes />
    </Module>
    <Module skippedDueTo="Filter" hash="53-25-23-C6-63-70-35-C6-0C-82-04-1A-0A-BF-1A-E7-1F-EA-74-A3">
      <ModulePath>C:\Users\developer\Documents\projects\GHArkanis\packages\NUnit.Runners.2.6.4\tools\pnunit.framework.dll</ModulePath>
      <ModuleTime>2014-12-17T06:04:36Z</ModuleTime>
      <ModuleName>pnunit.framework</ModuleName>
      <Classes />
    </Module>
    <Module skippedDueTo="Filter" hash="21-69-E9-47-C6-F8-02-12-31-E6-18-DE-8E-43-24-C9-AB-F7-C2-BE">
      <ModulePath>C:\Users\developer\Documents\projects\GHArkanis\packages\NUnit.Runners.2.6.4\tools\pnunit-agent.exe</ModulePath>
      <ModuleTime>2014-12-17T06:04:36Z</ModuleTime>
      <ModuleName>pnunit-agent</ModuleName>
      <Classes />
    </Module>
    <Module skippedDueTo="Filter" hash="5E-95-A6-AD-88-48-98-B1-62-7F-4E-5A-C1-0E-F3-B7-85-56-44-E8">
      <ModulePath>C:\Users\developer\Documents\projects\GHArkanis\packages\NUnit.Runners.2.6.4\tools\lib\nunit.core.interfaces.dll</ModulePath>
      <ModuleTime>2014-12-17T06:04:36Z</ModuleTime>
      <ModuleName>nunit.core.interfaces</ModuleName>
      <Classes />
    </Module>
    <Module hash="B4-99-39-91-5E-56-31-0B-D3-3E-23-86-D2-2A-74-01-F9-C6-FE-27">
      <Summary numSequencePoints="24" visitedSequencePoints="16" numBranchPoints="4" visitedBranchPoints="2" sequenceCoverage="66.67" branchCoverage="50" maxCyclomaticComplexity="2" minCyclomaticComplexity="1" visitedClasses="2" numClasses="2" visitedMethods="2" numMethods="4" />
      <ModulePath>C:\Users\developer\Documents\projects\GHArkanis\Tests\Arkanis.FunctionalTests\bin\Debug\Arkanis.FunctionalTests.dll</ModulePath>
      <ModuleTime>2017-09-08T22:16:05.216608Z</ModuleTime>
      <ModuleName>Arkanis.FunctionalTests</ModuleName>
      <Files>
        <File uid="1" fullPath="c:\Users\developer\Documents\projects\GHArkanis\Tests\Arkanis.FunctionalTests\Services\ProductServiceTests.cs" />
        <File uid="2" fullPath="c:\Users\developer\Documents\projects\GHArkanis\Tests\Arkanis.FunctionalTests\Services\CategoryServiceTests.cs" />
      </Files>
      <Classes>
        <Class>
          <Summary numSequencePoints="0" visitedSequencePoints="0" numBranchPoints="0" visitedBranchPoints="0" sequenceCoverage="0" branchCoverage="0" maxCyclomaticComplexity="0" minCyclomaticComplexity="0" visitedClasses="0" numClasses="0" visitedMethods="0" numMethods="0" />
          <FullName>&lt;Module&gt;</FullName>
          <Methods />
        </Class>
        <Class>
          <Summary numSequencePoints="14" visitedSequencePoints="10" numBranchPoints="2" visitedBranchPoints="1" sequenceCoverage="71.43" branchCoverage="50" maxCyclomaticComplexity="2" minCyclomaticComplexity="1" visitedClasses="1" numClasses="1" visitedMethods="1" numMethods="2" />
          <FullName>Arkanis.FunctionalTests.Services.ProductServiceTests</FullName>
          <Methods>
            <Method visited="true" cyclomaticComplexity="2" nPathComplexity="0" sequenceCoverage="76.92" branchCoverage="100" isConstructor="false" isStatic="false" isGetter="false" isSetter="false">
              <Summary numSequencePoints="13" visitedSequencePoints="10" numBranchPoints="1" visitedBranchPoints="1" sequenceCoverage="76.92" branchCoverage="100" maxCyclomaticComplexity="2" minCyclomaticComplexity="2" visitedClasses="0" numClasses="0" visitedMethods="1" numMethods="1" />
              <MetadataToken>100663297</MetadataToken>
              <Name>System.Void Arkanis.FunctionalTests.Services.ProductServiceTests::CreateProduct_DataBase()</Name>
              <FileRef uid="1" />
              <SequencePoints>
                <SequencePoint vc="1" uspid="1" ordinal="0" offset="0" sl="15" sc="9" el="15" ec="10" bec="0" bev="0" fileid="1" />
                <SequencePoint vc="1" uspid="2" ordinal="1" offset="1" sl="16" sc="13" el="16" ec="31" bec="0" bev="0" fileid="1" />
                <SequencePoint vc="1" uspid="3" ordinal="2" offset="7" sl="17" sc="13" el="17" ec="46" bec="0" bev="0" fileid="1" />
                <SequencePoint vc="1" uspid="4" ordinal="3" offset="13" sl="18" sc="13" el="18" ec="31" bec="0" bev="0" fileid="1" />
                <SequencePoint vc="1" uspid="5" ordinal="4" offset="28" sl="19" sc="13" el="19" ec="51" bec="0" bev="0" fileid="1" />
                <SequencePoint vc="1" uspid="6" ordinal="5" offset="34" sl="20" sc="13" el="20" ec="35" bec="0" bev="0" fileid="1" />
                <SequencePoint vc="1" uspid="7" ordinal="6" offset="38" sl="21" sc="13" el="21" ec="34" bec="0" bev="0" fileid="1" />
                <SequencePoint vc="1" uspid="8" ordinal="7" offset="41" sl="22" sc="13" el="22" ec="40" bec="0" bev="0" fileid="1" />
                <SequencePoint vc="1" uspid="9" ordinal="8" offset="48" sl="24" sc="13" el="24" ec="83" bec="0" bev="0" fileid="1" />
                <SequencePoint vc="1" uspid="10" ordinal="9" offset="60" sl="26" sc="4" el="26" ec="90" bec="0" bev="0" fileid="1" />
                <SequencePoint vc="0" uspid="11" ordinal="10" offset="78" sl="27" sc="4" el="27" ec="67" bec="0" bev="0" fileid="1" />
                <SequencePoint vc="0" uspid="12" ordinal="11" offset="120" sl="28" sc="4" el="28" ec="43" bec="0" bev="0" fileid="1" />
                <SequencePoint vc="0" uspid="13" ordinal="12" offset="134" sl="30" sc="9" el="30" ec="10" bec="0" bev="0" fileid="1" />
              </SequencePoints>
              <BranchPoints />
              <MethodPoint xsi:type="SequencePoint" vc="1" uspid="1" ordinal="0" offset="0" sl="15" sc="9" el="15" ec="10" bec="0" bev="0" fileid="1" />
            </Method>
            <Method visited="true" cyclomaticComplexity="1" nPathComplexity="0" sequenceCoverage="0" branchCoverage="0" isConstructor="true" isStatic="false" isGetter="false" isSetter="false">
              <Summary numSequencePoints="0" visitedSequencePoints="0" numBranchPoints="0" visitedBranchPoints="0" sequenceCoverage="0" branchCoverage="0" maxCyclomaticComplexity="1" minCyclomaticComplexity="1" visitedClasses="0" numClasses="0" visitedMethods="0" numMethods="0" />
              <MetadataToken>100663298</MetadataToken>
              <Name>System.Void Arkanis.FunctionalTests.Services.ProductServiceTests::.ctor()</Name>
              <SequencePoints />
              <BranchPoints />
              <MethodPoint vc="1" uspid="16" ordinal="0" offset="0" />
            </Method>
            <Method visited="false" cyclomaticComplexity="1" nPathComplexity="0" sequenceCoverage="0" branchCoverage="0" isConstructor="false" isStatic="true" isGetter="false" isSetter="false">
              <Summary numSequencePoints="1" visitedSequencePoints="0" numBranchPoints="1" visitedBranchPoints="0" sequenceCoverage="0" branchCoverage="0" maxCyclomaticComplexity="1" minCyclomaticComplexity="1" visitedClasses="0" numClasses="0" visitedMethods="0" numMethods="1" />
              <MetadataToken>100663299</MetadataToken>
              <Name>Arkanis.Core.Entities.ProductEntity Arkanis.FunctionalTests.Services.ProductServiceTests::&lt;CreateProduct_DataBase&gt;b__0(Arkanis.Core.Entities.ProductEntity)</Name>
              <FileRef uid="1" />
              <SequencePoints>
                <SequencePoint vc="0" uspid="17" ordinal="0" offset="0" sl="27" sc="64" el="27" ec="65" bec="0" bev="0" fileid="1" />
              </SequencePoints>
              <BranchPoints />
              <MethodPoint xsi:type="SequencePoint" vc="0" uspid="17" ordinal="0" offset="0" sl="27" sc="64" el="27" ec="65" bec="0" bev="0" fileid="1" />
            </Method>
          </Methods>
        </Class>
        <Class>
          <Summary numSequencePoints="10" visitedSequencePoints="6" numBranchPoints="2" visitedBranchPoints="1" sequenceCoverage="60" branchCoverage="50" maxCyclomaticComplexity="2" minCyclomaticComplexity="1" visitedClasses="1" numClasses="1" visitedMethods="1" numMethods="2" />
          <FullName>Arkanis.FunctionalTests.Services.CategoryServiceTests</FullName>
          <Methods>
            <Method visited="true" cyclomaticComplexity="2" nPathComplexity="0" sequenceCoverage="66.67" branchCoverage="100" isConstructor="false" isStatic="false" isGetter="false" isSetter="false">
              <Summary numSequencePoints="9" visitedSequencePoints="6" numBranchPoints="1" visitedBranchPoints="1" sequenceCoverage="66.67" branchCoverage="100" maxCyclomaticComplexity="2" minCyclomaticComplexity="2" visitedClasses="0" numClasses="0" visitedMethods="1" numMethods="1" />
              <MetadataToken>100663300</MetadataToken>
              <Name>System.Void Arkanis.FunctionalTests.Services.CategoryServiceTests::CreateProduct_DataBase()</Name>
              <FileRef uid="2" />
              <SequencePoints>
                <SequencePoint vc="1" uspid="18" ordinal="0" offset="0" sl="15" sc="3" el="15" ec="4" bec="0" bev="0" fileid="2" />
                <SequencePoint vc="1" uspid="19" ordinal="1" offset="1" sl="16" sc="4" el="16" ec="22" bec="0" bev="0" fileid="2" />
                <SequencePoint vc="1" uspid="20" ordinal="2" offset="7" sl="17" sc="4" el="17" ec="42" bec="0" bev="0" fileid="2" />
                <SequencePoint vc="1" uspid="21" ordinal="3" offset="13" sl="18" sc="4" el="18" ec="40" bec="0" bev="0" fileid="2" />
                <SequencePoint vc="1" uspid="22" ordinal="4" offset="19" sl="20" sc="4" el="20" ec="77" bec="0" bev="0" fileid="2" />
                <SequencePoint vc="1" uspid="23" ordinal="5" offset="30" sl="22" sc="4" el="22" ec="44" bec="0" bev="0" fileid="2" />
                <SequencePoint vc="0" uspid="24" ordinal="6" offset="40" sl="23" sc="4" el="23" ec="61" bec="0" bev="0" fileid="2" />
                <SequencePoint vc="0" uspid="25" ordinal="7" offset="80" sl="24" sc="4" el="24" ec="41" bec="0" bev="0" fileid="2" />
                <SequencePoint vc="0" uspid="26" ordinal="8" offset="94" sl="26" sc="3" el="26" ec="4" bec="0" bev="0" fileid="2" />
              </SequencePoints>
              <BranchPoints />
              <MethodPoint xsi:type="SequencePoint" vc="1" uspid="18" ordinal="0" offset="0" sl="15" sc="3" el="15" ec="4" bec="0" bev="0" fileid="2" />
            </Method>
            <Method visited="true" cyclomaticComplexity="1" nPathComplexity="0" sequenceCoverage="0" branchCoverage="0" isConstructor="true" isStatic="false" isGetter="false" isSetter="false">
              <Summary numSequencePoints="0" visitedSequencePoints="0" numBranchPoints="0" visitedBranchPoints="0" sequenceCoverage="0" branchCoverage="0" maxCyclomaticComplexity="1" minCyclomaticComplexity="1" visitedClasses="0" numClasses="0" visitedMethods="0" numMethods="0" />
              <MetadataToken>100663301</MetadataToken>
              <Name>System.Void Arkanis.FunctionalTests.Services.CategoryServiceTests::.ctor()</Name>
              <SequencePoints />
              <BranchPoints />
              <MethodPoint vc="1" uspid="29" ordinal="0" offset="0" />
            </Method>
            <Method visited="false" cyclomaticComplexity="1" nPathComplexity="0" sequenceCoverage="0" branchCoverage="0" isConstructor="false" isStatic="true" isGetter="false" isSetter="false">
              <Summary numSequencePoints="1" visitedSequencePoints="0" numBranchPoints="1" visitedBranchPoints="0" sequenceCoverage="0" branchCoverage="0" maxCyclomaticComplexity="1" minCyclomaticComplexity="1" visitedClasses="0" numClasses="0" visitedMethods="0" numMethods="1" />
              <MetadataToken>100663302</MetadataToken>
              <Name>Arkanis.Core.Entities.CategoryEntity Arkanis.FunctionalTests.Services.CategoryServiceTests::&lt;CreateProduct_DataBase&gt;b__0(Arkanis.Core.Entities.CategoryEntity)</Name>
              <FileRef uid="2" />
              <SequencePoints>
                <SequencePoint vc="0" uspid="30" ordinal="0" offset="0" sl="23" sc="58" el="23" ec="59" bec="0" bev="0" fileid="2" />
              </SequencePoints>
              <BranchPoints />
              <MethodPoint xsi:type="SequencePoint" vc="0" uspid="30" ordinal="0" offset="0" sl="23" sc="58" el="23" ec="59" bec="0" bev="0" fileid="2" />
            </Method>
          </Methods>
        </Class>
      </Classes>
    </Module>
    <Module skippedDueTo="Filter" hash="A2-D0-DB-C9-20-FB-37-90-D4-D6-25-E5-C4-7B-E0-42-CA-32-C0-51">
      <ModulePath>C:\Users\developer\Documents\projects\GHArkanis\Tests\Arkanis.FunctionalTests\bin\Debug\nunit.framework.dll</ModulePath>
      <ModuleTime>2014-12-17T06:04:34Z</ModuleTime>
      <ModuleName>nunit.framework</ModuleName>
      <Classes />
    </Module>
    <Module skippedDueTo="Filter" hash="F2-ED-FF-09-01-C9-D7-BC-29-AC-A6-93-C5-97-8A-0D-43-DD-8D-F2">
      <ModulePath>C:\Users\developer\Documents\projects\GHArkanis\packages\NUnit.Runners.2.6.4\tools\lib\nunit-console-runner.dll</ModulePath>
      <ModuleTime>2014-12-17T06:04:36Z</ModuleTime>
      <ModuleName>nunit-console-runner</ModuleName>
      <Classes />
    </Module>
    <Module skippedDueTo="Filter" hash="27-33-9D-83-64-AB-93-6A-B4-BE-AB-4D-9B-75-8B-E2-B9-63-8B-DE">
      <ModulePath>C:\Windows\Microsoft.Net\assembly\GAC_MSIL\System.Runtime.Remoting\v4.0_4.0.0.0__b77a5c561934e089\System.Runtime.Remoting.dll</ModulePath>
      <ModuleTime>2017-03-18T20:59:43.8062628Z</ModuleTime>
      <ModuleName>System.Runtime.Remoting</ModuleName>
      <Classes />
    </Module>
    <Module skippedDueTo="Filter" hash="0C-91-60-C5-26-07-2E-2E-54-A1-8A-32-86-67-C5-B4-A5-93-05-F9">
      <ModulePath>C:\Windows\Microsoft.Net\assembly\GAC_MSIL\System.Configuration\v4.0_4.0.0.0__b03f5f7f11d50a3a\System.Configuration.dll</ModulePath>
      <ModuleTime>2017-03-18T20:59:43.7281312Z</ModuleTime>
      <ModuleName>System.Configuration</ModuleName>
      <Classes />
    </Module>
    <Module skippedDueTo="Filter" hash="BC-3D-7B-FA-41-15-98-9E-BD-CB-6E-11-CC-4E-F2-49-2D-A6-58-72">
      <ModulePath>C:\Windows\Microsoft.Net\assembly\GAC_MSIL\System.Xml\v4.0_4.0.0.0__b77a5c561934e089\System.Xml.dll</ModulePath>
      <ModuleTime>2017-03-18T20:59:43.8218895Z</ModuleTime>
      <ModuleName>System.Xml</ModuleName>
      <Classes />
    </Module>
    <Module hash="DE-71-CF-EC-16-9A-CC-96-DC-2B-DD-13-CA-BA-B8-A0-10-AD-75-51">
      <Summary numSequencePoints="215" visitedSequencePoints="98" numBranchPoints="80" visitedBranchPoints="52" sequenceCoverage="45.58" branchCoverage="65" maxCyclomaticComplexity="6" minCyclomaticComplexity="1" visitedClasses="6" numClasses="8" visitedMethods="51" numMethods="70" />
      <ModulePath>C:\Users\developer\Documents\projects\GHArkanis\Tests\Arkanis.FunctionalTests\bin\Debug\Arkanis.Repositories.dll</ModulePath>
      <ModuleTime>2017-09-08T21:50:27.8154485Z</ModuleTime>
      <ModuleName>Arkanis.Repositories</ModuleName>
      <Files>
        <File uid="5" fullPath="C:\Users\developer\Documents\projects\GHArkanis\Code\Arkanis.Repositories\MultipleDbConfiguration.cs" />
        <File uid="6" fullPath="C:\Users\developer\Documents\projects\GHArkanis\Code\Arkanis.Repositories\ProductRepository.cs" />
        <File uid="8" fullPath="C:\Users\developer\Documents\projects\GHArkanis\Code\Arkanis.Repositories\CategoryRepository.cs" />
        <File uid="9" fullPath="C:\Users\developer\Documents\projects\GHArkanis\Code\Arkanis.Repositories\DataModel\Arkanis.Context.cs" />
        <File uid="11" fullPath="C:\Users\developer\Documents\projects\GHArkanis\Code\Arkanis.Repositories\DataModel\Product.cs" />
        <File uid="12" fullPath="C:\Users\developer\Documents\projects\GHArkanis\Code\Arkanis.Repositories\DataModel\Category.cs" />
      </Files>
      <Classes>
        <Class>
          <Summary numSequencePoints="0" visitedSequencePoints="0" numBranchPoints="0" visitedBranchPoints="0" sequenceCoverage="0" branchCoverage="0" maxCyclomaticComplexity="0" minCyclomaticComplexity="0" visitedClasses="0" numClasses="0" visitedMethods="0" numMethods="0" />
          <FullName>&lt;Module&gt;</FullName>
          <Methods />
        </Class>
        <Class>
          <Summary numSequencePoints="8" visitedSequencePoints="8" numBranchPoints="2" visitedBranchPoints="2" sequenceCoverage="100" branchCoverage="100" maxCyclomaticComplexity="1" minCyclomaticComplexity="1" visitedClasses="1" numClasses="1" visitedMethods="2" numMethods="2" />
          <FullName>Arkanis.Repositories.MultipleDbConfiguration</FullName>
          <Methods>
            <Method visited="true" cyclomaticComplexity="1" nPathComplexity="0" sequenceCoverage="100" branchCoverage="100" isConstructor="true" isStatic="false" isGetter="false" isSetter="false">
              <Summary numSequencePoints="4" visitedSequencePoints="4" numBranchPoints="1" visitedBranchPoints="1" sequenceCoverage="100" branchCoverage="100" maxCyclomaticComplexity="1" minCyclomaticComplexity="1" visitedClasses="0" numClasses="0" visitedMethods="1" numMethods="1" />
              <MetadataToken>100663297</MetadataToken>
              <Name>System.Void Arkanis.Repositories.MultipleDbConfiguration::.ctor()</Name>
              <FileRef uid="5" />
              <SequencePoints>
                <SequencePoint vc="1" uspid="31" ordinal="0" offset="0" sl="17" sc="9" el="17" ec="41" bec="0" bev="0" fileid="5" />
                <SequencePoint vc="1" uspid="32" ordinal="1" offset="7" sl="18" sc="9" el="18" ec="10" bec="0" bev="0" fileid="5" />
                <SequencePoint vc="1" uspid="33" ordinal="2" offset="8" sl="19" sc="13" el="19" ec="103" bec="0" bev="0" fileid="5" />
                <SequencePoint vc="1" uspid="34" ordinal="3" offset="25" sl="20" sc="9" el="20" ec="10" bec="0" bev="0" fileid="5" />
              </SequencePoints>
              <BranchPoints />
              <MethodPoint xsi:type="SequencePoint" vc="1" uspid="31" ordinal="0" offset="0" sl="17" sc="9" el="17" ec="41" bec="0" bev="0" fileid="5" />
            </Method>
            <Method visited="true" cyclomaticComplexity="1" nPathComplexity="0" sequenceCoverage="100" branchCoverage="100" isConstructor="false" isStatic="true" isGetter="false" isSetter="false">
              <Summary numSequencePoints="4" visitedSequencePoints="4" numBranchPoints="1" visitedBranchPoints="1" sequenceCoverage="100" branchCoverage="100" maxCyclomaticComplexity="1" minCyclomaticComplexity="1" visitedClasses="0" numClasses="0" visitedMethods="1" numMethods="1" />
              <MetadataToken>100663298</MetadataToken>
              <Name>System.Data.Common.DbConnection Arkanis.Repositories.MultipleDbConfiguration::GetMySqlConnection(System.String)</Name>
              <FileRef uid="5" />
              <SequencePoints>
                <SequencePoint vc="2" uspid="35" ordinal="0" offset="0" sl="27" sc="9" el="27" ec="10" bec="0" bev="0" fileid="5" />
                <SequencePoint vc="2" uspid="36" ordinal="1" offset="1" sl="28" sc="13" el="28" ec="66" bec="0" bev="0" fileid="5" />
                <SequencePoint vc="2" uspid="37" ordinal="2" offset="7" sl="30" sc="13" el="30" ec="73" bec="0" bev="0" fileid="5" />
                <SequencePoint vc="2" uspid="38" ordinal="3" offset="17" sl="31" sc="9" el="31" ec="10" bec="0" bev="0" fileid="5" />
              </SequencePoints>
              <BranchPoints />
              <MethodPoint xsi:type="SequencePoint" vc="2" uspid="35" ordinal="0" offset="0" sl="27" sc="9" el="27" ec="10" bec="0" bev="0" fileid="5" />
            </Method>
          </Methods>
        </Class>
        <Class>
          <Summary numSequencePoints="77" visitedSequencePoints="16" numBranchPoints="11" visitedBranchPoints="1" sequenceCoverage="20.78" branchCoverage="9.09" maxCyclomaticComplexity="6" minCyclomaticComplexity="1" visitedClasses="1" numClasses="1" visitedMethods="1" numMethods="5" />
          <FullName>Arkanis.Repositories.ProductRepository</FullName>
          <Methods>
            <Method visited="true" cyclomaticComplexity="2" nPathComplexity="0" sequenceCoverage="88.89" branchCoverage="100" isConstructor="false" isStatic="false" isGetter="false" isSetter="false">
              <Summary numSequencePoints="18" visitedSequencePoints="16" numBranchPoints="1" visitedBranchPoints="1" sequenceCoverage="88.89" branchCoverage="100" maxCyclomaticComplexity="2" minCyclomaticComplexity="2" visitedClasses="0" numClasses="0" visitedMethods="1" numMethods="1" />
              <MetadataToken>100663299</MetadataToken>
              <Name>System.Int32 Arkanis.Repositories.ProductRepository::Create(Arkanis.Core.Entities.ProductEntity)</Name>
              <FileRef uid="6" />
              <SequencePoints>
                <SequencePoint vc="1" uspid="39" ordinal="0" offset="0" sl="13" sc="3" el="13" ec="4" bec="0" bev="0" fileid="6" />
                <SequencePoint vc="1" uspid="40" ordinal="1" offset="1" sl="14" sc="11" el="14" ec="47" bec="0" bev="0" fileid="6" />
                <SequencePoint vc="1" uspid="41" ordinal="2" offset="7" sl="15" sc="4" el="15" ec="5" bec="0" bev="0" fileid="6" />
                <SequencePoint vc="1" uspid="42" ordinal="3" offset="8" sl="16" sc="5" el="16" ec="30" bec="0" bev="0" fileid="6" />
                <SequencePoint vc="1" uspid="43" ordinal="4" offset="14" sl="17" sc="5" el="17" ec="28" bec="0" bev="0" fileid="6" />
                <SequencePoint vc="1" uspid="44" ordinal="5" offset="27" sl="18" sc="17" el="18" ec="41" bec="0" bev="0" fileid="6" />
                <SequencePoint vc="1" uspid="45" ordinal="6" offset="40" sl="19" sc="5" el="19" ec="42" bec="0" bev="0" fileid="6" />
                <SequencePoint vc="1" uspid="46" ordinal="7" offset="53" sl="21" sc="17" el="21" ec="50" bec="0" bev="0" fileid="6" />
                <SequencePoint vc="1" uspid="47" ordinal="8" offset="66" sl="22" sc="17" el="22" ec="56" bec="0" bev="0" fileid="6" />
                <SequencePoint vc="1" uspid="48" ordinal="9" offset="79" sl="23" sc="17" el="23" ec="56" bec="0" bev="0" fileid="6" />
                <SequencePoint vc="1" uspid="49" ordinal="10" offset="92" sl="25" sc="17" el="25" ec="44" bec="0" bev="0" fileid="6" />
                <SequencePoint vc="1" uspid="50" ordinal="11" offset="105" sl="26" sc="17" el="26" ec="48" bec="0" bev="0" fileid="6" />
                <SequencePoint vc="1" uspid="51" ordinal="12" offset="118" sl="28" sc="17" el="28" ec="49" bec="0" bev="0" fileid="6" />
                <SequencePoint vc="1" uspid="52" ordinal="13" offset="131" sl="29" sc="17" el="29" ec="49" bec="0" bev="0" fileid="6" />
                <SequencePoint vc="1" uspid="53" ordinal="14" offset="144" sl="31" sc="5" el="31" ec="31" bec="0" bev="0" fileid="6" />
                <SequencePoint vc="1" uspid="54" ordinal="15" offset="157" sl="32" sc="5" el="32" ec="27" bec="0" bev="0" fileid="6" />
                <SequencePoint vc="0" uspid="55" ordinal="16" offset="164" sl="33" sc="5" el="33" ec="20" bec="0" bev="0" fileid="6" />
                <SequencePoint vc="0" uspid="56" ordinal="17" offset="184" sl="35" sc="3" el="35" ec="4" bec="0" bev="0" fileid="6" />
              </SequencePoints>
              <BranchPoints />
              <MethodPoint xsi:type="SequencePoint" vc="1" uspid="39" ordinal="0" offset="0" sl="13" sc="3" el="13" ec="4" bec="0" bev="0" fileid="6" />
            </Method>
            <Method visited="false" cyclomaticComplexity="2" nPathComplexity="0" sequenceCoverage="0" branchCoverage="0" isConstructor="false" isStatic="false" isGetter="false" isSetter="false">
              <Summary numSequencePoints="8" visitedSequencePoints="0" numBranchPoints="1" visitedBranchPoints="0" sequenceCoverage="0" branchCoverage="0" maxCyclomaticComplexity="2" minCyclomaticComplexity="2" visitedClasses="0" numClasses="0" visitedMethods="0" numMethods="1" />
              <MetadataToken>100663300</MetadataToken>
              <Name>System.Void Arkanis.Repositories.ProductRepository::Delete(System.Int32)</Name>
              <FileRef uid="6" />
              <SequencePoints>
                <SequencePoint vc="0" uspid="57" ordinal="0" offset="0" sl="38" sc="3" el="38" ec="4" bec="0" bev="0" fileid="6" />
                <SequencePoint vc="0" uspid="58" ordinal="1" offset="1" sl="39" sc="11" el="39" ec="47" bec="0" bev="0" fileid="6" />
                <SequencePoint vc="0" uspid="59" ordinal="2" offset="7" sl="40" sc="4" el="40" ec="5" bec="0" bev="0" fileid="6" />
                <SequencePoint vc="0" uspid="60" ordinal="3" offset="8" sl="41" sc="5" el="41" ec="46" bec="0" bev="0" fileid="6" />
                <SequencePoint vc="0" uspid="61" ordinal="4" offset="35" sl="42" sc="5" el="42" ec="39" bec="0" bev="0" fileid="6" />
                <SequencePoint vc="0" uspid="62" ordinal="5" offset="48" sl="43" sc="5" el="43" ec="27" bec="0" bev="0" fileid="6" />
                <SequencePoint vc="0" uspid="63" ordinal="6" offset="55" sl="44" sc="4" el="44" ec="5" bec="0" bev="0" fileid="6" />
                <SequencePoint vc="0" uspid="64" ordinal="7" offset="69" sl="45" sc="3" el="45" ec="4" bec="0" bev="0" fileid="6" />
              </SequencePoints>
              <BranchPoints />
              <MethodPoint xsi:type="SequencePoint" vc="0" uspid="57" ordinal="0" offset="0" sl="38" sc="3" el="38" ec="4" bec="0" bev="0" fileid="6" />
            </Method>
            <Method visited="false" cyclomaticComplexity="3" nPathComplexity="2" sequenceCoverage="0" branchCoverage="0" isConstructor="false" isStatic="false" isGetter="false" isSetter="false">
              <Summary numSequencePoints="12" visitedSequencePoints="0" numBranchPoints="3" visitedBranchPoints="0" sequenceCoverage="0" branchCoverage="0" maxCyclomaticComplexity="3" minCyclomaticComplexity="3" visitedClasses="0" numClasses="0" visitedMethods="0" numMethods="1" />
              <MetadataToken>100663301</MetadataToken>
              <Name>Arkanis.Core.Entities.ProductEntity Arkanis.Repositories.ProductRepository::Get(System.String,System.String)</Name>
              <FileRef uid="6" />
              <SequencePoints>
                <SequencePoint vc="0" uspid="65" ordinal="0" offset="20" sl="48" sc="3" el="48" ec="4" bec="0" bev="0" fileid="6" />
                <SequencePoint vc="0" uspid="66" ordinal="1" offset="21" sl="49" sc="13" el="49" ec="43" bec="0" bev="0" fileid="6" />
                <SequencePoint vc="0" uspid="67" ordinal="2" offset="23" sl="50" sc="11" el="50" ec="47" bec="0" bev="0" fileid="6" />
                <SequencePoint vc="0" uspid="68" ordinal="3" offset="29" sl="51" sc="4" el="51" ec="5" bec="0" bev="0" fileid="6" />
                <SequencePoint vc="0" uspid="69" ordinal="4" offset="30" sl="52" sc="17" el="54" ec="58" bec="0" bev="0" fileid="6" />
                <SequencePoint vc="0" uspid="70" ordinal="5" offset="206" sl="55" sc="5" el="55" ec="27" bec="2" bev="0" fileid="6" />
                <SequencePoint vc="0" uspid="71" ordinal="6" offset="216" sl="56" sc="5" el="56" ec="6" bec="0" bev="0" fileid="6" />
                <SequencePoint vc="0" uspid="72" ordinal="7" offset="217" sl="57" sc="6" el="57" ec="45" bec="0" bev="0" fileid="6" />
                <SequencePoint vc="0" uspid="73" ordinal="8" offset="224" sl="58" sc="5" el="58" ec="6" bec="0" bev="0" fileid="6" />
                <SequencePoint vc="0" uspid="74" ordinal="9" offset="225" sl="59" sc="4" el="59" ec="5" bec="0" bev="0" fileid="6" />
                <SequencePoint vc="0" uspid="75" ordinal="10" offset="239" sl="60" sc="13" el="60" ec="29" bec="0" bev="0" fileid="6" />
                <SequencePoint vc="0" uspid="76" ordinal="11" offset="244" sl="61" sc="3" el="61" ec="4" bec="0" bev="0" fileid="6" />
              </SequencePoints>
              <BranchPoints>
                <BranchPoint vc="0" uspid="77" ordinal="0" offset="214" sl="55" path="0" offsetend="216" fileid="6" />
                <BranchPoint vc="0" uspid="78" ordinal="1" offset="214" sl="55" path="1" offsetend="225" fileid="6" />
              </BranchPoints>
              <MethodPoint vc="0" uspid="79" ordinal="0" offset="0" />
            </Method>
            <Method visited="false" cyclomaticComplexity="6" nPathComplexity="2" sequenceCoverage="0" branchCoverage="0" isConstructor="false" isStatic="false" isGetter="false" isSetter="false">
              <Summary numSequencePoints="19" visitedSequencePoints="0" numBranchPoints="3" visitedBranchPoints="0" sequenceCoverage="0" branchCoverage="0" maxCyclomaticComplexity="6" minCyclomaticComplexity="6" visitedClasses="0" numClasses="0" visitedMethods="0" numMethods="1" />
              <MetadataToken>100663302</MetadataToken>
              <Name>System.Collections.Generic.IEnumerable`1&lt;Arkanis.Core.Entities.ProductEntity&gt; Arkanis.Repositories.ProductRepository::GetAll()</Name>
              <FileRef uid="6" />
              <SequencePoints>
                <SequencePoint vc="0" uspid="80" ordinal="0" offset="0" sl="64" sc="3" el="64" ec="4" bec="0" bev="0" fileid="6" />
                <SequencePoint vc="0" uspid="81" ordinal="1" offset="1" sl="65" sc="13" el="65" ec="52" bec="0" bev="0" fileid="6" />
                <SequencePoint vc="0" uspid="82" ordinal="2" offset="7" sl="66" sc="11" el="66" ec="47" bec="0" bev="0" fileid="6" />
                <SequencePoint vc="0" uspid="83" ordinal="3" offset="13" sl="67" sc="4" el="67" ec="5" bec="0" bev="0" fileid="6" />
                <SequencePoint vc="0" uspid="84" ordinal="4" offset="14" sl="68" sc="5" el="68" ec="67" bec="0" bev="0" fileid="6" />
                <SequencePoint vc="0" uspid="85" ordinal="5" offset="36" sl="69" sc="5" el="69" ec="12" bec="0" bev="0" fileid="6" />
                <SequencePoint vc="0" uspid="86" ordinal="6" offset="37" sl="69" sc="26" el="69" ec="34" bec="0" bev="0" fileid="6" />
                <SequencePoint vc="0" uspid="87" ordinal="7" offset="46" sl="69" sc="14" el="69" ec="22" bec="0" bev="0" fileid="6" />
                <SequencePoint vc="0" uspid="88" ordinal="8" offset="55" sl="70" sc="5" el="70" ec="6" bec="0" bev="0" fileid="6" />
                <SequencePoint vc="0" uspid="89" ordinal="9" offset="56" sl="71" sc="6" el="71" ec="40" bec="0" bev="0" fileid="6" />
                <SequencePoint vc="0" uspid="90" ordinal="10" offset="65" sl="73" sc="6" el="73" ec="63" bec="2" bev="0" fileid="6" />
                <SequencePoint vc="0" uspid="91" ordinal="11" offset="98" sl="74" sc="6" el="74" ec="7" bec="0" bev="0" fileid="6" />
                <SequencePoint vc="0" uspid="92" ordinal="12" offset="99" sl="75" sc="25" el="75" ec="101" bec="0" bev="0" fileid="6" />
                <SequencePoint vc="0" uspid="93" ordinal="13" offset="155" sl="76" sc="6" el="76" ec="7" bec="0" bev="0" fileid="6" />
                <SequencePoint vc="0" uspid="94" ordinal="14" offset="156" sl="78" sc="6" el="78" ec="23" bec="0" bev="0" fileid="6" />
                <SequencePoint vc="0" uspid="95" ordinal="15" offset="165" sl="79" sc="5" el="79" ec="6" bec="0" bev="0" fileid="6" />
                <SequencePoint vc="0" uspid="96" ordinal="16" offset="166" sl="69" sc="23" el="69" ec="25" bec="0" bev="0" fileid="6" />
                <SequencePoint vc="0" uspid="97" ordinal="17" offset="195" sl="80" sc="5" el="80" ec="19" bec="0" bev="0" fileid="6" />
                <SequencePoint vc="0" uspid="98" ordinal="18" offset="211" sl="82" sc="3" el="82" ec="4" bec="0" bev="0" fileid="6" />
              </SequencePoints>
              <BranchPoints>
                <BranchPoint vc="0" uspid="101" ordinal="2" offset="96" sl="73" path="0" offsetend="98" fileid="6" />
                <BranchPoint vc="0" uspid="102" ordinal="3" offset="96" sl="73" path="1" offsetend="156" fileid="6" />
              </BranchPoints>
              <MethodPoint xsi:type="SequencePoint" vc="0" uspid="80" ordinal="0" offset="0" sl="64" sc="3" el="64" ec="4" bec="0" bev="0" fileid="6" />
            </Method>
            <Method visited="false" cyclomaticComplexity="6" nPathComplexity="2" sequenceCoverage="0" branchCoverage="0" isConstructor="false" isStatic="false" isGetter="false" isSetter="false">
              <Summary numSequencePoints="20" visitedSequencePoints="0" numBranchPoints="3" visitedBranchPoints="0" sequenceCoverage="0" branchCoverage="0" maxCyclomaticComplexity="6" minCyclomaticComplexity="6" visitedClasses="0" numClasses="0" visitedMethods="0" numMethods="1" />
              <MetadataToken>100663303</MetadataToken>
              <Name>System.Collections.Generic.IEnumerable`1&lt;Arkanis.Core.Entities.ProductEntity&gt; Arkanis.Repositories.ProductRepository::Search(System.String)</Name>
              <FileRef uid="6" />
              <SequencePoints>
                <SequencePoint vc="0" uspid="107" ordinal="0" offset="13" sl="85" sc="3" el="85" ec="4" bec="0" bev="0" fileid="6" />
                <SequencePoint vc="0" uspid="108" ordinal="1" offset="14" sl="86" sc="4" el="86" ec="43" bec="0" bev="0" fileid="6" />
                <SequencePoint vc="0" uspid="109" ordinal="2" offset="20" sl="87" sc="11" el="87" ec="47" bec="0" bev="0" fileid="6" />
                <SequencePoint vc="0" uspid="110" ordinal="3" offset="26" sl="88" sc="4" el="88" ec="5" bec="0" bev="0" fileid="6" />
                <SequencePoint vc="0" uspid="111" ordinal="4" offset="27" sl="89" sc="5" el="90" ec="81" bec="0" bev="0" fileid="6" />
                <SequencePoint vc="0" uspid="112" ordinal="5" offset="174" sl="91" sc="5" el="91" ec="12" bec="0" bev="0" fileid="6" />
                <SequencePoint vc="0" uspid="113" ordinal="6" offset="175" sl="91" sc="26" el="91" ec="34" bec="0" bev="0" fileid="6" />
                <SequencePoint vc="0" uspid="114" ordinal="7" offset="185" sl="91" sc="14" el="91" ec="22" bec="0" bev="0" fileid="6" />
                <SequencePoint vc="0" uspid="115" ordinal="8" offset="194" sl="92" sc="5" el="92" ec="6" bec="0" bev="0" fileid="6" />
                <SequencePoint vc="0" uspid="116" ordinal="9" offset="195" sl="93" sc="6" el="93" ec="40" bec="0" bev="0" fileid="6" />
                <SequencePoint vc="0" uspid="117" ordinal="10" offset="204" sl="94" sc="6" el="94" ec="65" bec="2" bev="0" fileid="6" />
                <SequencePoint vc="0" uspid="118" ordinal="11" offset="237" sl="95" sc="6" el="95" ec="7" bec="0" bev="0" fileid="6" />
                <SequencePoint vc="0" uspid="119" ordinal="12" offset="238" sl="96" sc="7" el="96" ec="83" bec="0" bev="0" fileid="6" />
                <SequencePoint vc="0" uspid="120" ordinal="13" offset="294" sl="97" sc="6" el="97" ec="7" bec="0" bev="0" fileid="6" />
                <SequencePoint vc="0" uspid="121" ordinal="14" offset="295" sl="98" sc="6" el="98" ec="23" bec="0" bev="0" fileid="6" />
                <SequencePoint vc="0" uspid="122" ordinal="15" offset="304" sl="99" sc="5" el="99" ec="6" bec="0" bev="0" fileid="6" />
                <SequencePoint vc="0" uspid="123" ordinal="16" offset="305" sl="91" sc="23" el="91" ec="25" bec="0" bev="0" fileid="6" />
                <SequencePoint vc="0" uspid="124" ordinal="17" offset="334" sl="100" sc="13" el="100" ec="14" bec="0" bev="0" fileid="6" />
                <SequencePoint vc="0" uspid="125" ordinal="18" offset="348" sl="101" sc="4" el="101" ec="18" bec="0" bev="0" fileid="6" />
                <SequencePoint vc="0" uspid="126" ordinal="19" offset="353" sl="102" sc="3" el="102" ec="4" bec="0" bev="0" fileid="6" />
              </SequencePoints>
              <BranchPoints>
                <BranchPoint vc="0" uspid="129" ordinal="2" offset="235" sl="94" path="0" offsetend="237" fileid="6" />
                <BranchPoint vc="0" uspid="130" ordinal="3" offset="235" sl="94" path="1" offsetend="295" fileid="6" />
              </BranchPoints>
              <MethodPoint vc="0" uspid="135" ordinal="0" offset="0" />
            </Method>
            <Method visited="true" cyclomaticComplexity="1" nPathComplexity="0" sequenceCoverage="0" branchCoverage="0" isConstructor="true" isStatic="false" isGetter="false" isSetter="false">
              <Summary numSequencePoints="0" visitedSequencePoints="0" numBranchPoints="0" visitedBranchPoints="0" sequenceCoverage="0" branchCoverage="0" maxCyclomaticComplexity="1" minCyclomaticComplexity="1" visitedClasses="0" numClasses="0" visitedMethods="0" numMethods="0" />
              <MetadataToken>100663304</MetadataToken>
              <Name>System.Void Arkanis.Repositories.ProductRepository::.ctor()</Name>
              <SequencePoints />
              <BranchPoints />
              <MethodPoint vc="1" uspid="136" ordinal="0" offset="0" />
            </Method>
          </Methods>
        </Class>
        <Class>
          <Summary numSequencePoints="0" visitedSequencePoints="0" numBranchPoints="0" visitedBranchPoints="0" sequenceCoverage="0" branchCoverage="0" maxCyclomaticComplexity="1" minCyclomaticComplexity="1" visitedClasses="0" numClasses="0" visitedMethods="0" numMethods="0" />
          <FullName>Arkanis.Repositories.ProductRepository/&lt;&gt;c__DisplayClass2_0</FullName>
          <Methods>
            <Method visited="false" cyclomaticComplexity="1" nPathComplexity="0" sequenceCoverage="0" branchCoverage="0" isConstructor="true" isStatic="false" isGetter="false" isSetter="false">
              <Summary numSequencePoints="0" visitedSequencePoints="0" numBranchPoints="0" visitedBranchPoints="0" sequenceCoverage="0" branchCoverage="0" maxCyclomaticComplexity="1" minCyclomaticComplexity="1" visitedClasses="0" numClasses="0" visitedMethods="0" numMethods="0" />
              <MetadataToken>100663365</MetadataToken>
              <Name>System.Void Arkanis.Repositories.ProductRepository/&lt;&gt;c__DisplayClass2_0::.ctor()</Name>
              <SequencePoints />
              <BranchPoints />
              <MethodPoint vc="0" uspid="137" ordinal="0" offset="0" />
            </Method>
          </Methods>
        </Class>
        <Class>
          <Summary numSequencePoints="2" visitedSequencePoints="0" numBranchPoints="2" visitedBranchPoints="0" sequenceCoverage="0" branchCoverage="0" maxCyclomaticComplexity="1" minCyclomaticComplexity="1" visitedClasses="0" numClasses="1" visitedMethods="0" numMethods="2" />
          <FullName>Arkanis.Repositories.ProductRepository/&lt;&gt;c</FullName>
          <Methods>
            <Method visited="false" cyclomaticComplexity="1" nPathComplexity="0" sequenceCoverage="0" branchCoverage="0" isConstructor="true" isStatic="true" isGetter="false" isSetter="false">
              <Summary numSequencePoints="0" visitedSequencePoints="0" numBranchPoints="0" visitedBranchPoints="0" sequenceCoverage="0" branchCoverage="0" maxCyclomaticComplexity="1" minCyclomaticComplexity="1" visitedClasses="0" numClasses="0" visitedMethods="0" numMethods="0" />
              <MetadataToken>100663366</MetadataToken>
              <Name>System.Void Arkanis.Repositories.ProductRepository/&lt;&gt;c::.cctor()</Name>
              <SequencePoints />
              <BranchPoints />
              <MethodPoint vc="0" uspid="138" ordinal="0" offset="0" />
            </Method>
            <Method visited="false" cyclomaticComplexity="1" nPathComplexity="0" sequenceCoverage="0" branchCoverage="0" isConstructor="true" isStatic="false" isGetter="false" isSetter="false">
              <Summary numSequencePoints="0" visitedSequencePoints="0" numBranchPoints="0" visitedBranchPoints="0" sequenceCoverage="0" branchCoverage="0" maxCyclomaticComplexity="1" minCyclomaticComplexity="1" visitedClasses="0" numClasses="0" visitedMethods="0" numMethods="0" />
              <MetadataToken>100663367</MetadataToken>
              <Name>System.Void Arkanis.Repositories.ProductRepository/&lt;&gt;c::.ctor()</Name>
              <SequencePoints />
              <BranchPoints />
              <MethodPoint vc="0" uspid="139" ordinal="0" offset="0" />
            </Method>
            <Method visited="false" cyclomaticComplexity="1" nPathComplexity="0" sequenceCoverage="0" branchCoverage="0" isConstructor="false" isStatic="false" isGetter="false" isSetter="false">
              <Summary numSequencePoints="1" visitedSequencePoints="0" numBranchPoints="1" visitedBranchPoints="0" sequenceCoverage="0" branchCoverage="0" maxCyclomaticComplexity="1" minCyclomaticComplexity="1" visitedClasses="0" numClasses="0" visitedMethods="0" numMethods="1" />
              <MetadataToken>100663368</MetadataToken>
              <Name>Arkanis.Core.Entities.CategoryEntity Arkanis.Repositories.ProductRepository/&lt;&gt;c::&lt;GetAll&gt;b__3_0(Arkanis.Repositories.DataModel.Category)</Name>
              <FileRef uid="6" />
              <SequencePoints>
                <SequencePoint vc="0" uspid="140" ordinal="0" offset="0" sl="75" sc="71" el="75" ec="90" bec="0" bev="0" fileid="6" />
              </SequencePoints>
              <BranchPoints />
              <MethodPoint xsi:type="SequencePoint" vc="0" uspid="140" ordinal="0" offset="0" sl="75" sc="71" el="75" ec="90" bec="0" bev="0" fileid="6" />
            </Method>
            <Method visited="false" cyclomaticComplexity="1" nPathComplexity="0" sequenceCoverage="0" branchCoverage="0" isConstructor="false" isStatic="false" isGetter="false" isSetter="false">
              <Summary numSequencePoints="1" visitedSequencePoints="0" numBranchPoints="1" visitedBranchPoints="0" sequenceCoverage="0" branchCoverage="0" maxCyclomaticComplexity="1" minCyclomaticComplexity="1" visitedClasses="0" numClasses="0" visitedMethods="0" numMethods="1" />
              <MetadataToken>100663369</MetadataToken>
              <Name>Arkanis.Core.Entities.CategoryEntity Arkanis.Repositories.ProductRepository/&lt;&gt;c::&lt;Search&gt;b__4_0(Arkanis.Repositories.DataModel.Category)</Name>
              <FileRef uid="6" />
              <SequencePoints>
                <SequencePoint vc="0" uspid="141" ordinal="0" offset="0" sl="96" sc="53" el="96" ec="72" bec="0" bev="0" fileid="6" />
              </SequencePoints>
              <BranchPoints />
              <MethodPoint xsi:type="SequencePoint" vc="0" uspid="141" ordinal="0" offset="0" sl="96" sc="53" el="96" ec="72" bec="0" bev="0" fileid="6" />
            </Method>
          </Methods>
        </Class>
        <Class>
          <Summary numSequencePoints="0" visitedSequencePoints="0" numBranchPoints="0" visitedBranchPoints="0" sequenceCoverage="0" branchCoverage="0" maxCyclomaticComplexity="1" minCyclomaticComplexity="1" visitedClasses="0" numClasses="0" visitedMethods="0" numMethods="0" />
          <FullName>Arkanis.Repositories.ProductRepository/&lt;&gt;c__DisplayClass4_0</FullName>
          <Methods>
            <Method visited="false" cyclomaticComplexity="1" nPathComplexity="0" sequenceCoverage="0" branchCoverage="0" isConstructor="true" isStatic="false" isGetter="false" isSetter="false">
              <Summary numSequencePoints="0" visitedSequencePoints="0" numBranchPoints="0" visitedBranchPoints="0" sequenceCoverage="0" branchCoverage="0" maxCyclomaticComplexity="1" minCyclomaticComplexity="1" visitedClasses="0" numClasses="0" visitedMethods="0" numMethods="0" />
              <MetadataToken>100663370</MetadataToken>
              <Name>System.Void Arkanis.Repositories.ProductRepository/&lt;&gt;c__DisplayClass4_0::.ctor()</Name>
              <SequencePoints />
              <BranchPoints />
              <MethodPoint vc="0" uspid="142" ordinal="0" offset="0" />
            </Method>
          </Methods>
        </Class>
        <Class>
          <Summary numSequencePoints="28" visitedSequencePoints="6" numBranchPoints="5" visitedBranchPoints="1" sequenceCoverage="21.43" branchCoverage="20" maxCyclomaticComplexity="3" minCyclomaticComplexity="1" visitedClasses="1" numClasses="1" visitedMethods="1" numMethods="3" />
          <FullName>Arkanis.Repositories.CategoryRepository</FullName>
          <Methods>
            <Method visited="true" cyclomaticComplexity="2" nPathComplexity="0" sequenceCoverage="75" branchCoverage="100" isConstructor="false" isStatic="false" isGetter="false" isSetter="false">
              <Summary numSequencePoints="8" visitedSequencePoints="6" numBranchPoints="1" visitedBranchPoints="1" sequenceCoverage="75" branchCoverage="100" maxCyclomaticComplexity="2" minCyclomaticComplexity="2" visitedClasses="0" numClasses="0" visitedMethods="1" numMethods="1" />
              <MetadataToken>100663305</MetadataToken>
              <Name>System.Int32 Arkanis.Repositories.CategoryRepository::Create(Arkanis.Core.Entities.CategoryEntity)</Name>
              <FileRef uid="8" />
              <SequencePoints>
                <SequencePoint vc="1" uspid="143" ordinal="0" offset="0" sl="13" sc="3" el="13" ec="4" bec="0" bev="0" fileid="8" />
                <SequencePoint vc="1" uspid="144" ordinal="1" offset="1" sl="14" sc="11" el="14" ec="47" bec="0" bev="0" fileid="8" />
                <SequencePoint vc="1" uspid="145" ordinal="2" offset="7" sl="15" sc="4" el="15" ec="5" bec="0" bev="0" fileid="8" />
                <SequencePoint vc="1" uspid="146" ordinal="3" offset="8" sl="16" sc="17" el="23" ec="19" bec="0" bev="0" fileid="8" />
                <SequencePoint vc="1" uspid="147" ordinal="4" offset="79" sl="25" sc="5" el="25" ec="32" bec="0" bev="0" fileid="8" />
                <SequencePoint vc="1" uspid="148" ordinal="5" offset="92" sl="26" sc="5" el="26" ec="27" bec="0" bev="0" fileid="8" />
                <SequencePoint vc="0" uspid="149" ordinal="6" offset="99" sl="27" sc="5" el="27" ec="20" bec="0" bev="0" fileid="8" />
                <SequencePoint vc="0" uspid="150" ordinal="7" offset="119" sl="29" sc="3" el="29" ec="4" bec="0" bev="0" fileid="8" />
              </SequencePoints>
              <BranchPoints />
              <MethodPoint xsi:type="SequencePoint" vc="1" uspid="143" ordinal="0" offset="0" sl="13" sc="3" el="13" ec="4" bec="0" bev="0" fileid="8" />
            </Method>
            <Method visited="false" cyclomaticComplexity="2" nPathComplexity="0" sequenceCoverage="0" branchCoverage="0" isConstructor="false" isStatic="false" isGetter="false" isSetter="false">
              <Summary numSequencePoints="8" visitedSequencePoints="0" numBranchPoints="1" visitedBranchPoints="0" sequenceCoverage="0" branchCoverage="0" maxCyclomaticComplexity="2" minCyclomaticComplexity="2" visitedClasses="0" numClasses="0" visitedMethods="0" numMethods="1" />
              <MetadataToken>100663306</MetadataToken>
              <Name>System.Void Arkanis.Repositories.CategoryRepository::Delete(System.Int32)</Name>
              <FileRef uid="8" />
              <SequencePoints>
                <SequencePoint vc="0" uspid="151" ordinal="0" offset="0" sl="32" sc="3" el="32" ec="4" bec="0" bev="0" fileid="8" />
                <SequencePoint vc="0" uspid="152" ordinal="1" offset="1" sl="33" sc="11" el="33" ec="47" bec="0" bev="0" fileid="8" />
                <SequencePoint vc="0" uspid="153" ordinal="2" offset="7" sl="34" sc="4" el="34" ec="5" bec="0" bev="0" fileid="8" />
                <SequencePoint vc="0" uspid="154" ordinal="3" offset="8" sl="35" sc="5" el="35" ec="47" bec="0" bev="0" fileid="8" />
                <SequencePoint vc="0" uspid="155" ordinal="4" offset="35" sl="36" sc="5" el="36" ec="40" bec="0" bev="0" fileid="8" />
                <SequencePoint vc="0" uspid="156" ordinal="5" offset="48" sl="37" sc="5" el="37" ec="27" bec="0" bev="0" fileid="8" />
                <SequencePoint vc="0" uspid="157" ordinal="6" offset="55" sl="38" sc="4" el="38" ec="5" bec="0" bev="0" fileid="8" />
                <SequencePoint vc="0" uspid="158" ordinal="7" offset="69" sl="39" sc="3" el="39" ec="4" bec="0" bev="0" fileid="8" />
              </SequencePoints>
              <BranchPoints />
              <MethodPoint xsi:type="SequencePoint" vc="0" uspid="151" ordinal="0" offset="0" sl="32" sc="3" el="32" ec="4" bec="0" bev="0" fileid="8" />
            </Method>
            <Method visited="false" cyclomaticComplexity="3" nPathComplexity="2" sequenceCoverage="0" branchCoverage="0" isConstructor="false" isStatic="false" isGetter="false" isSetter="false">
              <Summary numSequencePoints="12" visitedSequencePoints="0" numBranchPoints="3" visitedBranchPoints="0" sequenceCoverage="0" branchCoverage="0" maxCyclomaticComplexity="3" minCyclomaticComplexity="3" visitedClasses="0" numClasses="0" visitedMethods="0" numMethods="1" />
              <MetadataToken>100663307</MetadataToken>
              <Name>Arkanis.Core.Entities.CategoryEntity Arkanis.Repositories.CategoryRepository::Get(System.String)</Name>
              <FileRef uid="8" />
              <SequencePoints>
                <SequencePoint vc="0" uspid="159" ordinal="0" offset="13" sl="42" sc="3" el="42" ec="4" bec="0" bev="0" fileid="8" />
                <SequencePoint vc="0" uspid="160" ordinal="1" offset="14" sl="43" sc="13" el="43" ec="44" bec="0" bev="0" fileid="8" />
                <SequencePoint vc="0" uspid="161" ordinal="2" offset="16" sl="44" sc="11" el="44" ec="47" bec="0" bev="0" fileid="8" />
                <SequencePoint vc="0" uspid="162" ordinal="3" offset="22" sl="45" sc="4" el="45" ec="5" bec="0" bev="0" fileid="8" />
                <SequencePoint vc="0" uspid="163" ordinal="4" offset="23" sl="46" sc="17" el="48" ec="58" bec="0" bev="0" fileid="8" />
                <SequencePoint vc="0" uspid="164" ordinal="5" offset="160" sl="49" sc="5" el="49" ec="27" bec="2" bev="0" fileid="8" />
                <SequencePoint vc="0" uspid="165" ordinal="6" offset="170" sl="50" sc="5" el="50" ec="6" bec="0" bev="0" fileid="8" />
                <SequencePoint vc="0" uspid="166" ordinal="7" offset="171" sl="51" sc="6" el="51" ec="45" bec="0" bev="0" fileid="8" />
                <SequencePoint vc="0" uspid="167" ordinal="8" offset="178" sl="52" sc="5" el="52" ec="6" bec="0" bev="0" fileid="8" />
                <SequencePoint vc="0" uspid="168" ordinal="9" offset="179" sl="53" sc="4" el="53" ec="5" bec="0" bev="0" fileid="8" />
                <SequencePoint vc="0" uspid="169" ordinal="10" offset="193" sl="54" sc="13" el="54" ec="29" bec="0" bev="0" fileid="8" />
                <SequencePoint vc="0" uspid="170" ordinal="11" offset="198" sl="55" sc="3" el="55" ec="4" bec="0" bev="0" fileid="8" />
              </SequencePoints>
              <BranchPoints>
                <BranchPoint vc="0" uspid="171" ordinal="0" offset="168" sl="49" path="0" offsetend="170" fileid="8" />
                <BranchPoint vc="0" uspid="172" ordinal="1" offset="168" sl="49" path="1" offsetend="179" fileid="8" />
              </BranchPoints>
              <MethodPoint vc="0" uspid="173" ordinal="0" offset="0" />
            </Method>
            <Method visited="true" cyclomaticComplexity="1" nPathComplexity="0" sequenceCoverage="0" branchCoverage="0" isConstructor="true" isStatic="false" isGetter="false" isSetter="false">
              <Summary numSequencePoints="0" visitedSequencePoints="0" numBranchPoints="0" visitedBranchPoints="0" sequenceCoverage="0" branchCoverage="0" maxCyclomaticComplexity="1" minCyclomaticComplexity="1" visitedClasses="0" numClasses="0" visitedMethods="0" numMethods="0" />
              <MetadataToken>100663308</MetadataToken>
              <Name>System.Void Arkanis.Repositories.CategoryRepository::.ctor()</Name>
              <SequencePoints />
              <BranchPoints />
              <MethodPoint vc="1" uspid="174" ordinal="0" offset="0" />
            </Method>
          </Methods>
        </Class>
        <Class>
          <Summary numSequencePoints="0" visitedSequencePoints="0" numBranchPoints="0" visitedBranchPoints="0" sequenceCoverage="0" branchCoverage="0" maxCyclomaticComplexity="1" minCyclomaticComplexity="1" visitedClasses="0" numClasses="0" visitedMethods="0" numMethods="0" />
          <FullName>Arkanis.Repositories.CategoryRepository/&lt;&gt;c__DisplayClass2_0</FullName>
          <Methods>
            <Method visited="false" cyclomaticComplexity="1" nPathComplexity="0" sequenceCoverage="0" branchCoverage="0" isConstructor="true" isStatic="false" isGetter="false" isSetter="false">
              <Summary numSequencePoints="0" visitedSequencePoints="0" numBranchPoints="0" visitedBranchPoints="0" sequenceCoverage="0" branchCoverage="0" maxCyclomaticComplexity="1" minCyclomaticComplexity="1" visitedClasses="0" numClasses="0" visitedMethods="0" numMethods="0" />
              <MetadataToken>100663371</MetadataToken>
              <Name>System.Void Arkanis.Repositories.CategoryRepository/&lt;&gt;c__DisplayClass2_0::.ctor()</Name>
              <SequencePoints />
              <BranchPoints />
              <MethodPoint vc="0" uspid="175" ordinal="0" offset="0" />
            </Method>
          </Methods>
        </Class>
        <Class>
          <Summary numSequencePoints="34" visitedSequencePoints="25" numBranchPoints="10" visitedBranchPoints="9" sequenceCoverage="73.53" branchCoverage="90" maxCyclomaticComplexity="4" minCyclomaticComplexity="1" visitedClasses="1" numClasses="1" visitedMethods="8" numMethods="8" />
          <FullName>Arkanis.Repositories.DataModel.ArkanisDBContext</FullName>
          <Methods>
            <Method visited="true" cyclomaticComplexity="1" nPathComplexity="0" sequenceCoverage="100" branchCoverage="100" isConstructor="false" isStatic="true" isGetter="true" isSetter="false">
              <Summary numSequencePoints="3" visitedSequencePoints="3" numBranchPoints="1" visitedBranchPoints="1" sequenceCoverage="100" branchCoverage="100" maxCyclomaticComplexity="1" minCyclomaticComplexity="1" visitedClasses="0" numClasses="0" visitedMethods="1" numMethods="1" />
              <MetadataToken>100663309</MetadataToken>
              <Name>System.String Arkanis.Repositories.DataModel.ArkanisDBContext::get_ArkanisConnectionString()</Name>
              <FileRef uid="9" />
              <SequencePoints>
                <SequencePoint vc="2" uspid="176" ordinal="0" offset="0" sl="15" sc="60" el="15" ec="61" bec="0" bev="0" fileid="9" />
                <SequencePoint vc="2" uspid="177" ordinal="1" offset="1" sl="15" sc="62" el="15" ec="136" bec="0" bev="0" fileid="9" />
                <SequencePoint vc="2" uspid="178" ordinal="2" offset="24" sl="15" sc="137" el="15" ec="138" bec="0" bev="0" fileid="9" />
              </SequencePoints>
              <BranchPoints />
              <MethodPoint xsi:type="SequencePoint" vc="2" uspid="176" ordinal="0" offset="0" sl="15" sc="60" el="15" ec="61" bec="0" bev="0" fileid="9" />
            </Method>
            <Method visited="true" cyclomaticComplexity="1" nPathComplexity="0" sequenceCoverage="100" branchCoverage="100" isConstructor="false" isStatic="false" isGetter="true" isSetter="false">
              <Summary numSequencePoints="1" visitedSequencePoints="1" numBranchPoints="1" visitedBranchPoints="1" sequenceCoverage="100" branchCoverage="100" maxCyclomaticComplexity="1" minCyclomaticComplexity="1" visitedClasses="0" numClasses="0" visitedMethods="1" numMethods="1" />
              <MetadataToken>100663312</MetadataToken>
              <Name>System.Data.Entity.DbSet`1&lt;Arkanis.Repositories.DataModel.Product&gt; Arkanis.Repositories.DataModel.ArkanisDBContext::get_Product()</Name>
              <FileRef uid="9" />
              <SequencePoints>
                <SequencePoint vc="1" uspid="179" ordinal="0" offset="0" sl="29" sc="35" el="29" ec="39" bec="0" bev="0" fileid="9" />
              </SequencePoints>
              <BranchPoints />
              <MethodPoint xsi:type="SequencePoint" vc="1" uspid="179" ordinal="0" offset="0" sl="29" sc="35" el="29" ec="39" bec="0" bev="0" fileid="9" />
            </Method>
            <Method visited="true" cyclomaticComplexity="1" nPathComplexity="0" sequenceCoverage="100" branchCoverage="100" isConstructor="false" isStatic="false" isGetter="false" isSetter="true">
              <Summary numSequencePoints="1" visitedSequencePoints="1" numBranchPoints="1" visitedBranchPoints="1" sequenceCoverage="100" branchCoverage="100" maxCyclomaticComplexity="1" minCyclomaticComplexity="1" visitedClasses="0" numClasses="0" visitedMethods="1" numMethods="1" />
              <MetadataToken>100663313</MetadataToken>
              <Name>System.Void Arkanis.Repositories.DataModel.ArkanisDBContext::set_Product(System.Data.Entity.DbSet`1&lt;Arkanis.Repositories.DataModel.Product&gt;)</Name>
              <FileRef uid="9" />
              <SequencePoints>
                <SequencePoint vc="2" uspid="180" ordinal="0" offset="0" sl="29" sc="40" el="29" ec="44" bec="0" bev="0" fileid="9" />
              </SequencePoints>
              <BranchPoints />
              <MethodPoint xsi:type="SequencePoint" vc="2" uspid="180" ordinal="0" offset="0" sl="29" sc="40" el="29" ec="44" bec="0" bev="0" fileid="9" />
            </Method>
            <Method visited="true" cyclomaticComplexity="1" nPathComplexity="0" sequenceCoverage="100" branchCoverage="100" isConstructor="false" isStatic="false" isGetter="true" isSetter="false">
              <Summary numSequencePoints="1" visitedSequencePoints="1" numBranchPoints="1" visitedBranchPoints="1" sequenceCoverage="100" branchCoverage="100" maxCyclomaticComplexity="1" minCyclomaticComplexity="1" visitedClasses="0" numClasses="0" visitedMethods="1" numMethods="1" />
              <MetadataToken>100663314</MetadataToken>
              <Name>System.Data.Entity.DbSet`1&lt;Arkanis.Repositories.DataModel.Category&gt; Arkanis.Repositories.DataModel.ArkanisDBContext::get_Category()</Name>
              <FileRef uid="9" />
              <SequencePoints>
                <SequencePoint vc="1" uspid="181" ordinal="0" offset="0" sl="30" sc="37" el="30" ec="41" bec="0" bev="0" fileid="9" />
              </SequencePoints>
              <BranchPoints />
              <MethodPoint xsi:type="SequencePoint" vc="1" uspid="181" ordinal="0" offset="0" sl="30" sc="37" el="30" ec="41" bec="0" bev="0" fileid="9" />
            </Method>
            <Method visited="true" cyclomaticComplexity="1" nPathComplexity="0" sequenceCoverage="100" branchCoverage="100" isConstructor="false" isStatic="false" isGetter="false" isSetter="true">
              <Summary numSequencePoints="1" visitedSequencePoints="1" numBranchPoints="1" visitedBranchPoints="1" sequenceCoverage="100" branchCoverage="100" maxCyclomaticComplexity="1" minCyclomaticComplexity="1" visitedClasses="0" numClasses="0" visitedMethods="1" numMethods="1" />
              <MetadataToken>100663315</MetadataToken>
              <Name>System.Void Arkanis.Repositories.DataModel.ArkanisDBContext::set_Category(System.Data.Entity.DbSet`1&lt;Arkanis.Repositories.DataModel.Category&gt;)</Name>
              <FileRef uid="9" />
              <SequencePoints>
                <SequencePoint vc="2" uspid="182" ordinal="0" offset="0" sl="30" sc="42" el="30" ec="46" bec="0" bev="0" fileid="9" />
              </SequencePoints>
              <BranchPoints />
              <MethodPoint xsi:type="SequencePoint" vc="2" uspid="182" ordinal="0" offset="0" sl="30" sc="42" el="30" ec="46" bec="0" bev="0" fileid="9" />
            </Method>
            <Method visited="true" cyclomaticComplexity="1" nPathComplexity="0" sequenceCoverage="100" branchCoverage="100" isConstructor="true" isStatic="false" isGetter="false" isSetter="false">
              <Summary numSequencePoints="5" visitedSequencePoints="5" numBranchPoints="1" visitedBranchPoints="1" sequenceCoverage="100" branchCoverage="100" maxCyclomaticComplexity="1" minCyclomaticComplexity="1" visitedClasses="0" numClasses="0" visitedMethods="1" numMethods="1" />
              <MetadataToken>100663310</MetadataToken>
              <Name>System.Void Arkanis.Repositories.DataModel.ArkanisDBContext::.ctor()</Name>
              <FileRef uid="9" />
              <SequencePoints>
                <SequencePoint vc="2" uspid="183" ordinal="0" offset="0" sl="17" sc="37" el="17" ec="116" bec="0" bev="0" fileid="9" />
                <SequencePoint vc="2" uspid="184" ordinal="1" offset="18" sl="18" sc="9" el="18" ec="10" bec="0" bev="0" fileid="9" />
                <SequencePoint vc="2" uspid="185" ordinal="2" offset="19" sl="19" sc="13" el="19" ec="59" bec="0" bev="0" fileid="9" />
                <SequencePoint vc="2" uspid="186" ordinal="3" offset="32" sl="20" sc="13" el="20" ec="47" bec="0" bev="0" fileid="9" />
                <SequencePoint vc="2" uspid="187" ordinal="4" offset="51" sl="21" sc="9" el="21" ec="10" bec="0" bev="0" fileid="9" />
              </SequencePoints>
              <BranchPoints />
              <MethodPoint xsi:type="SequencePoint" vc="2" uspid="183" ordinal="0" offset="0" sl="17" sc="37" el="17" ec="116" bec="0" bev="0" fileid="9" />
            </Method>
            <Method visited="true" cyclomaticComplexity="1" nPathComplexity="0" sequenceCoverage="100" branchCoverage="100" isConstructor="false" isStatic="false" isGetter="false" isSetter="false">
              <Summary numSequencePoints="4" visitedSequencePoints="4" numBranchPoints="1" visitedBranchPoints="1" sequenceCoverage="100" branchCoverage="100" maxCyclomaticComplexity="1" minCyclomaticComplexity="1" visitedClasses="0" numClasses="0" visitedMethods="1" numMethods="1" />
              <MetadataToken>100663311</MetadataToken>
              <Name>System.Void Arkanis.Repositories.DataModel.ArkanisDBContext::OnModelCreating(System.Data.Entity.DbModelBuilder)</Name>
              <FileRef uid="9" />
              <SequencePoints>
                <SequencePoint vc="1" uspid="188" ordinal="0" offset="0" sl="24" sc="9" el="24" ec="10" bec="0" bev="0" fileid="9" />
                <SequencePoint vc="1" uspid="189" ordinal="1" offset="1" sl="25" sc="13" el="25" ec="65" bec="0" bev="0" fileid="9" />
                <SequencePoint vc="1" uspid="190" ordinal="2" offset="18" sl="26" sc="13" el="26" ec="63" bec="0" bev="0" fileid="9" />
                <SequencePoint vc="1" uspid="191" ordinal="3" offset="35" sl="27" sc="3" el="27" ec="4" bec="0" bev="0" fileid="9" />
              </SequencePoints>
              <BranchPoints />
              <MethodPoint xsi:type="SequencePoint" vc="1" uspid="188" ordinal="0" offset="0" sl="24" sc="9" el="24" ec="10" bec="0" bev="0" fileid="9" />
            </Method>
            <Method visited="true" cyclomaticComplexity="4" nPathComplexity="2" sequenceCoverage="50" branchCoverage="66.67" isConstructor="false" isStatic="false" isGetter="false" isSetter="false">
              <Summary numSequencePoints="18" visitedSequencePoints="9" numBranchPoints="3" visitedBranchPoints="2" sequenceCoverage="50" branchCoverage="66.67" maxCyclomaticComplexity="4" minCyclomaticComplexity="4" visitedClasses="0" numClasses="0" visitedMethods="1" numMethods="1" />
              <MetadataToken>100663316</MetadataToken>
              <Name>System.Int32 Arkanis.Repositories.DataModel.ArkanisDBContext::SaveChanges()</Name>
              <FileRef uid="9" />
              <SequencePoints>
                <SequencePoint vc="2" uspid="192" ordinal="0" offset="0" sl="34" sc="9" el="34" ec="10" bec="0" bev="0" fileid="9" />
                <SequencePoint vc="2" uspid="193" ordinal="1" offset="1" sl="36" sc="13" el="36" ec="14" bec="0" bev="0" fileid="9" />
                <SequencePoint vc="2" uspid="194" ordinal="2" offset="2" sl="37" sc="17" el="37" ec="43" bec="0" bev="0" fileid="9" />
                <SequencePoint vc="2" uspid="195" ordinal="3" offset="14" sl="39" sc="13" el="39" ec="41" bec="0" bev="0" fileid="9" />
                <SequencePoint vc="2" uspid="196" ordinal="4" offset="15" sl="40" sc="13" el="40" ec="14" bec="0" bev="0" fileid="9" />
                <SequencePoint vc="2" uspid="197" ordinal="5" offset="16" sl="41" sc="17" el="41" ec="49" bec="0" bev="0" fileid="9" />
                <SequencePoint vc="2" uspid="198" ordinal="6" offset="23" sl="42" sc="17" el="42" ec="33" bec="2" bev="1" fileid="9" />
                <SequencePoint vc="2" uspid="199" ordinal="7" offset="31" sl="43" sc="17" el="43" ec="18" bec="0" bev="0" fileid="9" />
                <SequencePoint vc="2" uspid="200" ordinal="8" offset="32" sl="44" sc="21" el="44" ec="121" bec="0" bev="0" fileid="9" />
                <SequencePoint vc="0" uspid="201" ordinal="9" offset="54" sl="46" sc="22" el="46" ec="23" bec="0" bev="0" fileid="9" />
                <SequencePoint vc="0" uspid="202" ordinal="10" offset="55" sl="47" sc="21" el="47" ec="120" bec="0" bev="0" fileid="9" />
                <SequencePoint vc="0" uspid="203" ordinal="11" offset="77" sl="50" sc="13" el="50" ec="51" bec="0" bev="0" fileid="9" />
                <SequencePoint vc="0" uspid="204" ordinal="12" offset="79" sl="51" sc="13" el="51" ec="14" bec="0" bev="0" fileid="9" />
                <SequencePoint vc="0" uspid="205" ordinal="13" offset="80" sl="53" sc="17" el="55" ec="54" bec="0" bev="0" fileid="9" />
                <SequencePoint vc="0" uspid="206" ordinal="14" offset="161" sl="58" sc="17" el="58" ec="73" bec="0" bev="0" fileid="9" />
                <SequencePoint vc="0" uspid="207" ordinal="15" offset="175" sl="61" sc="17" el="61" ec="116" bec="0" bev="0" fileid="9" />
                <SequencePoint vc="0" uspid="208" ordinal="16" offset="196" sl="64" sc="17" el="64" ec="100" bec="0" bev="0" fileid="9" />
                <SequencePoint vc="0" uspid="209" ordinal="17" offset="211" sl="66" sc="9" el="66" ec="10" bec="0" bev="0" fileid="9" />
              </SequencePoints>
              <BranchPoints>
                <BranchPoint vc="2" uspid="210" ordinal="0" offset="29" sl="42" path="0" offsetend="31" fileid="9" />
                <BranchPoint vc="0" uspid="211" ordinal="1" offset="29" sl="42" path="1" offsetend="54" fileid="9" />
              </BranchPoints>
              <MethodPoint xsi:type="SequencePoint" vc="2" uspid="192" ordinal="0" offset="0" sl="34" sc="9" el="34" ec="10" bec="0" bev="0" fileid="9" />
            </Method>
          </Methods>
        </Class>
        <Class>
          <Summary numSequencePoints="2" visitedSequencePoints="0" numBranchPoints="2" visitedBranchPoints="0" sequenceCoverage="0" branchCoverage="0" maxCyclomaticComplexity="1" minCyclomaticComplexity="1" visitedClasses="0" numClasses="1" visitedMethods="0" numMethods="2" />
          <FullName>Arkanis.Repositories.DataModel.ArkanisDBContext/&lt;&gt;c</FullName>
          <Methods>
            <Method visited="true" cyclomaticComplexity="1" nPathComplexity="0" sequenceCoverage="0" branchCoverage="0" isConstructor="true" isStatic="true" isGetter="false" isSetter="false">
              <Summary numSequencePoints="0" visitedSequencePoints="0" numBranchPoints="0" visitedBranchPoints="0" sequenceCoverage="0" branchCoverage="0" maxCyclomaticComplexity="1" minCyclomaticComplexity="1" visitedClasses="0" numClasses="0" visitedMethods="0" numMethods="0" />
              <MetadataToken>100663372</MetadataToken>
              <Name>System.Void Arkanis.Repositories.DataModel.ArkanisDBContext/&lt;&gt;c::.cctor()</Name>
              <SequencePoints />
              <BranchPoints />
              <MethodPoint vc="1" uspid="216" ordinal="0" offset="0" />
            </Method>
            <Method visited="true" cyclomaticComplexity="1" nPathComplexity="0" sequenceCoverage="0" branchCoverage="0" isConstructor="true" isStatic="false" isGetter="false" isSetter="false">
              <Summary numSequencePoints="0" visitedSequencePoints="0" numBranchPoints="0" visitedBranchPoints="0" sequenceCoverage="0" branchCoverage="0" maxCyclomaticComplexity="1" minCyclomaticComplexity="1" visitedClasses="0" numClasses="0" visitedMethods="0" numMethods="0" />
              <MetadataToken>100663373</MetadataToken>
              <Name>System.Void Arkanis.Repositories.DataModel.ArkanisDBContext/&lt;&gt;c::.ctor()</Name>
              <SequencePoints />
              <BranchPoints />
              <MethodPoint vc="1" uspid="217" ordinal="0" offset="0" />
            </Method>
            <Method visited="false" cyclomaticComplexity="1" nPathComplexity="0" sequenceCoverage="0" branchCoverage="0" isConstructor="false" isStatic="false" isGetter="false" isSetter="false">
              <Summary numSequencePoints="1" visitedSequencePoints="0" numBranchPoints="1" visitedBranchPoints="0" sequenceCoverage="0" branchCoverage="0" maxCyclomaticComplexity="1" minCyclomaticComplexity="1" visitedClasses="0" numClasses="0" visitedMethods="0" numMethods="1" />
              <MetadataToken>100663374</MetadataToken>
              <Name>System.Collections.Generic.IEnumerable`1&lt;System.Data.Entity.Validation.DbValidationError&gt; Arkanis.Repositories.DataModel.ArkanisDBContext/&lt;&gt;c::&lt;SaveChanges&gt;b__12_0(System.Data.Entity.Validation.DbEntityValidationResult)</Name>
              <FileRef uid="9" />
              <SequencePoints>
                <SequencePoint vc="0" uspid="218" ordinal="0" offset="0" sl="54" sc="42" el="54" ec="60" bec="0" bev="0" fileid="9" />
              </SequencePoints>
              <BranchPoints />
              <MethodPoint xsi:type="SequencePoint" vc="0" uspid="218" ordinal="0" offset="0" sl="54" sc="42" el="54" ec="60" bec="0" bev="0" fileid="9" />
            </Method>
            <Method visited="false" cyclomaticComplexity="1" nPathComplexity="0" sequenceCoverage="0" branchCoverage="0" isConstructor="false" isStatic="false" isGetter="false" isSetter="false">
              <Summary numSequencePoints="1" visitedSequencePoints="0" numBranchPoints="1" visitedBranchPoints="0" sequenceCoverage="0" branchCoverage="0" maxCyclomaticComplexity="1" minCyclomaticComplexity="1" visitedClasses="0" numClasses="0" visitedMethods="0" numMethods="1" />
              <MetadataToken>100663375</MetadataToken>
              <Name>System.String Arkanis.Repositories.DataModel.ArkanisDBContext/&lt;&gt;c::&lt;SaveChanges&gt;b__12_1(System.Data.Entity.Validation.DbValidationError)</Name>
              <FileRef uid="9" />
              <SequencePoints>
                <SequencePoint vc="0" uspid="219" ordinal="0" offset="0" sl="55" sc="38" el="55" ec="52" bec="0" bev="0" fileid="9" />
              </SequencePoints>
              <BranchPoints />
              <MethodPoint xsi:type="SequencePoint" vc="0" uspid="219" ordinal="0" offset="0" sl="55" sc="38" el="55" ec="52" bec="0" bev="0" fileid="9" />
            </Method>
          </Methods>
        </Class>
        <Class>
          <Summary numSequencePoints="35" visitedSequencePoints="27" numBranchPoints="30" visitedBranchPoints="25" sequenceCoverage="77.14" branchCoverage="83.33" maxCyclomaticComplexity="1" minCyclomaticComplexity="1" visitedClasses="1" numClasses="1" visitedMethods="25" numMethods="30" />
[...]
              <MetadataToken>100663318</MetadataToken>
              <Name>System.Void Arkanis.Core.Entities.ProductEntity::.ctor()</Name>
              <FileRef uid="27" />
              <SequencePoints>
                <SequencePoint vc="0" uspid="398" ordinal="0" offset="0" sl="11" sc="34" el="11" ec="40" bec="0" bev="0" fileid="27" />
                <SequencePoint vc="0" uspid="399" ordinal="1" offset="7" sl="11" sc="41" el="11" ec="42" bec="0" bev="0" fileid="27" />
                <SequencePoint vc="0" uspid="400" ordinal="2" offset="8" sl="11" sc="43" el="11" ec="44" bec="0" bev="0" fileid="27" />
              </SequencePoints>
              <BranchPoints />
              <MethodPoint xsi:type="SequencePoint" vc="0" uspid="398" ordinal="0" offset="0" sl="11" sc="34" el="11" ec="40" bec="0" bev="0" fileid="27" />
            </Method>
            <Method visited="true" cyclomaticComplexity="1" nPathComplexity="0" sequenceCoverage="100" branchCoverage="100" isConstructor="true" isStatic="false" isGetter="false" isSetter="false">
              <Summary numSequencePoints="5" visitedSequencePoints="5" numBranchPoints="1" visitedBranchPoints="1" sequenceCoverage="100" branchCoverage="100" maxCyclomaticComplexity="1" minCyclomaticComplexity="1" visitedClasses="0" numClasses="0" visitedMethods="1" numMethods="1" />
              <MetadataToken>100663319</MetadataToken>
              <Name>System.Void Arkanis.Core.Entities.ProductEntity::.ctor(System.String,System.String)</Name>
              <FileRef uid="27" />
              <SequencePoints>
                <SequencePoint vc="1" uspid="401" ordinal="0" offset="0" sl="12" sc="53" el="12" ec="59" bec="0" bev="0" fileid="27" />
                <SequencePoint vc="1" uspid="402" ordinal="1" offset="7" sl="13" sc="3" el="13" ec="4" bec="0" bev="0" fileid="27" />
                <SequencePoint vc="1" uspid="403" ordinal="2" offset="8" sl="14" sc="4" el="14" ec="21" bec="0" bev="0" fileid="27" />
                <SequencePoint vc="1" uspid="404" ordinal="3" offset="16" sl="15" sc="4" el="15" ec="23" bec="0" bev="0" fileid="27" />
                <SequencePoint vc="1" uspid="405" ordinal="4" offset="24" sl="16" sc="3" el="16" ec="4" bec="0" bev="0" fileid="27" />
              </SequencePoints>
              <BranchPoints />
              <MethodPoint xsi:type="SequencePoint" vc="1" uspid="401" ordinal="0" offset="0" sl="12" sc="53" el="12" ec="59" bec="0" bev="0" fileid="27" />
            </Method>
            <Method visited="true" cyclomaticComplexity="3" nPathComplexity="4" sequenceCoverage="100" branchCoverage="60" isConstructor="false" isStatic="false" isGetter="false" isSetter="false">
              <Summary numSequencePoints="12" visitedSequencePoints="12" numBranchPoints="5" visitedBranchPoints="3" sequenceCoverage="100" branchCoverage="60" maxCyclomaticComplexity="3" minCyclomaticComplexity="3" visitedClasses="0" numClasses="0" visitedMethods="1" numMethods="1" />
              <MetadataToken>100663340</MetadataToken>
              <Name>System.Void Arkanis.Core.Entities.ProductEntity::Create()</Name>
              <FileRef uid="27" />
              <SequencePoints>
                <SequencePoint vc="1" uspid="406" ordinal="0" offset="0" sl="34" sc="30" el="34" ec="31" bec="0" bev="0" fileid="27" />
                <SequencePoint vc="1" uspid="407" ordinal="1" offset="1" sl="35" sc="13" el="35" ec="24" bec="0" bev="0" fileid="27" />
                <SequencePoint vc="1" uspid="408" ordinal="2" offset="8" sl="36" sc="13" el="36" ec="36" bec="2" bev="1" fileid="27" />
                <SequencePoint vc="1" uspid="409" ordinal="3" offset="21" sl="36" sc="36" el="36" ec="37" bec="0" bev="0" fileid="27" />
                <SequencePoint vc="1" uspid="410" ordinal="4" offset="22" sl="37" sc="17" el="37" ec="60" bec="0" bev="0" fileid="27" />
                <SequencePoint vc="1" uspid="411" ordinal="5" offset="28" sl="38" sc="17" el="38" ec="77" bec="0" bev="0" fileid="27" />
                <SequencePoint vc="1" uspid="412" ordinal="6" offset="48" sl="39" sc="13" el="39" ec="14" bec="0" bev="0" fileid="27" />
                <SequencePoint vc="1" uspid="413" ordinal="7" offset="49" sl="40" sc="13" el="40" ec="40" bec="2" bev="1" fileid="27" />
                <SequencePoint vc="1" uspid="414" ordinal="8" offset="62" sl="40" sc="41" el="40" ec="42" bec="0" bev="0" fileid="27" />
                <SequencePoint vc="1" uspid="415" ordinal="9" offset="63" sl="41" sc="17" el="41" ec="28" bec="0" bev="0" fileid="27" />
                <SequencePoint vc="1" uspid="416" ordinal="10" offset="71" sl="42" sc="13" el="42" ec="14" bec="0" bev="0" fileid="27" />
                <SequencePoint vc="1" uspid="417" ordinal="11" offset="72" sl="43" sc="9" el="43" ec="10" bec="0" bev="0" fileid="27" />
              </SequencePoints>
              <BranchPoints>
                <BranchPoint vc="1" uspid="418" ordinal="0" offset="19" sl="36" path="0" offsetend="21" fileid="27" />
                <BranchPoint vc="0" uspid="419" ordinal="1" offset="19" sl="36" path="1" offsetend="49" fileid="27" />
                <BranchPoint vc="1" uspid="420" ordinal="2" offset="60" sl="40" path="0" offsetend="62" fileid="27" />
                <BranchPoint vc="0" uspid="421" ordinal="3" offset="60" sl="40" path="1" offsetend="72" fileid="27" />
              </BranchPoints>
              <MethodPoint xsi:type="SequencePoint" vc="1" uspid="406" ordinal="0" offset="0" sl="34" sc="30" el="34" ec="31" bec="0" bev="0" fileid="27" />
            </Method>
            <Method visited="true" cyclomaticComplexity="5" nPathComplexity="16" sequenceCoverage="61.54" branchCoverage="55.56" isConstructor="false" isStatic="false" isGetter="false" isSetter="false">
              <Summary numSequencePoints="13" visitedSequencePoints="8" numBranchPoints="9" visitedBranchPoints="5" sequenceCoverage="61.54" branchCoverage="55.56" maxCyclomaticComplexity="5" minCyclomaticComplexity="5" visitedClasses="0" numClasses="0" visitedMethods="1" numMethods="1" />
              <MetadataToken>100663341</MetadataToken>
              <Name>System.Void Arkanis.Core.Entities.ProductEntity::Validate()</Name>
              <FileRef uid="27" />
              <SequencePoints>
                <SequencePoint vc="1" uspid="422" ordinal="0" offset="0" sl="46" sc="3" el="46" ec="4" bec="0" bev="0" fileid="27" />
                <SequencePoint vc="1" uspid="423" ordinal="1" offset="1" sl="47" sc="13" el="47" ec="54" bec="2" bev="1" fileid="27" />
                <SequencePoint vc="0" uspid="424" ordinal="2" offset="16" sl="48" sc="5" el="48" ec="65" bec="0" bev="0" fileid="27" />
                <SequencePoint vc="1" uspid="425" ordinal="3" offset="27" sl="50" sc="13" el="50" ec="55" bec="2" bev="1" fileid="27" />
                <SequencePoint vc="0" uspid="426" ordinal="4" offset="42" sl="51" sc="17" el="51" ec="77" bec="0" bev="0" fileid="27" />
                <SequencePoint vc="1" uspid="427" ordinal="5" offset="53" sl="53" sc="13" el="53" ec="32" bec="2" bev="1" fileid="27" />
                <SequencePoint vc="0" uspid="428" ordinal="6" offset="75" sl="54" sc="17" el="54" ec="82" bec="0" bev="0" fileid="27" />
                <SequencePoint vc="1" uspid="429" ordinal="7" offset="86" sl="56" sc="13" el="56" ec="80" bec="0" bev="0" fileid="27" />
                <SequencePoint vc="1" uspid="430" ordinal="8" offset="92" sl="57" sc="4" el="57" ec="43" bec="0" bev="0" fileid="27" />
                <SequencePoint vc="1" uspid="431" ordinal="9" offset="100" sl="58" sc="4" el="58" ec="25" bec="2" bev="1" fileid="27" />
                <SequencePoint vc="0" uspid="432" ordinal="10" offset="115" sl="59" sc="4" el="59" ec="5" bec="0" bev="0" fileid="27" />
                <SequencePoint vc="0" uspid="433" ordinal="11" offset="116" sl="60" sc="5" el="60" ec="33" bec="0" bev="0" fileid="27" />
                <SequencePoint vc="1" uspid="434" ordinal="12" offset="123" sl="63" sc="3" el="63" ec="4" bec="0" bev="0" fileid="27" />
              </SequencePoints>
              <BranchPoints>
                <BranchPoint vc="0" uspid="435" ordinal="0" offset="14" sl="47" path="0" offsetend="16" fileid="27" />
                <BranchPoint vc="1" uspid="436" ordinal="1" offset="14" sl="47" path="1" offsetend="27" fileid="27" />
                <BranchPoint vc="0" uspid="437" ordinal="2" offset="40" sl="50" path="0" offsetend="42" fileid="27" />
                <BranchPoint vc="1" uspid="438" ordinal="3" offset="40" sl="50" path="1" offsetend="53" fileid="27" />
                <BranchPoint vc="0" uspid="439" ordinal="4" offset="73" sl="53" path="0" offsetend="75" fileid="27" />
                <BranchPoint vc="1" uspid="440" ordinal="5" offset="73" sl="53" path="1" offsetend="86" fileid="27" />
                <BranchPoint vc="0" uspid="441" ordinal="6" offset="113" sl="58" path="0" offsetend="115" fileid="27" />
                <BranchPoint vc="1" uspid="442" ordinal="7" offset="113" sl="58" path="1" offsetend="123" fileid="27" />
              </BranchPoints>
              <MethodPoint xsi:type="SequencePoint" vc="1" uspid="422" ordinal="0" offset="0" sl="46" sc="3" el="46" ec="4" bec="0" bev="0" fileid="27" />
            </Method>
          </Methods>
        </Class>
        <Class>
          <Summary numSequencePoints="11" visitedSequencePoints="0" numBranchPoints="1" visitedBranchPoints="0" sequenceCoverage="0" branchCoverage="0" maxCyclomaticComplexity="3" minCyclomaticComplexity="3" visitedClasses="0" numClasses="1" visitedMethods="0" numMethods="1" />
          <FullName>Arkanis.Core.Infrastructure.ValidationResultsExtension</FullName>
          <Methods>
            <Method visited="false" cyclomaticComplexity="3" nPathComplexity="0" sequenceCoverage="0" branchCoverage="0" isConstructor="false" isStatic="true" isGetter="false" isSetter="false">
              <Summary numSequencePoints="11" visitedSequencePoints="0" numBranchPoints="1" visitedBranchPoints="0" sequenceCoverage="0" branchCoverage="0" maxCyclomaticComplexity="3" minCyclomaticComplexity="3" visitedClasses="0" numClasses="0" visitedMethods="0" numMethods="1" />
              <MetadataToken>100663342</MetadataToken>
              <Name>System.ApplicationException Arkanis.Core.Infrastructure.ValidationResultsExtension::ToException(Microsoft.Practices.EnterpriseLibrary.Validation.ValidationResults)</Name>
              <FileRef uid="28" />
              <SequencePoints>
                <SequencePoint vc="0" uspid="443" ordinal="0" offset="0" sl="10" sc="3" el="10" ec="4" bec="0" bev="0" fileid="28" />
                <SequencePoint vc="0" uspid="444" ordinal="1" offset="1" sl="11" sc="4" el="11" ec="43" bec="0" bev="0" fileid="28" />
                <SequencePoint vc="0" uspid="445" ordinal="2" offset="7" sl="12" sc="4" el="12" ec="11" bec="0" bev="0" fileid="28" />
                <SequencePoint vc="0" uspid="446" ordinal="3" offset="8" sl="12" sc="25" el="12" ec="32" bec="0" bev="0" fileid="28" />
                <SequencePoint vc="0" uspid="447" ordinal="4" offset="17" sl="12" sc="13" el="12" ec="21" bec="0" bev="0" fileid="28" />
                <SequencePoint vc="0" uspid="448" ordinal="5" offset="24" sl="13" sc="4" el="13" ec="5" bec="0" bev="0" fileid="28" />
                <SequencePoint vc="0" uspid="449" ordinal="6" offset="25" sl="14" sc="5" el="14" ec="33" bec="0" bev="0" fileid="28" />
                <SequencePoint vc="0" uspid="450" ordinal="7" offset="38" sl="15" sc="4" el="15" ec="5" bec="0" bev="0" fileid="28" />
                <SequencePoint vc="0" uspid="451" ordinal="8" offset="39" sl="12" sc="22" el="12" ec="24" bec="0" bev="0" fileid="28" />
                <SequencePoint vc="0" uspid="452" ordinal="9" offset="60" sl="16" sc="4" el="16" ec="51" bec="0" bev="0" fileid="28" />
                <SequencePoint vc="0" uspid="453" ordinal="10" offset="74" sl="17" sc="3" el="17" ec="4" bec="0" bev="0" fileid="28" />
              </SequencePoints>
              <BranchPoints />
              <MethodPoint xsi:type="SequencePoint" vc="0" uspid="443" ordinal="0" offset="0" sl="10" sc="3" el="10" ec="4" bec="0" bev="0" fileid="28" />
            </Method>
          </Methods>
        </Class>
      </Classes>
    </Module>
    <Module skippedDueTo="Filter" hash="74-F0-A7-4F-1E-8F-15-13-FF-F1-3C-D4-D7-A6-06-58-F5-9D-C8-56">
      <ModulePath>C:\Users\developer\Documents\projects\GHArkanis\Tests\Arkanis.FunctionalTests\bin\Debug\Microsoft.Practices.EnterpriseLibrary.Validation.dll</ModulePath>
      <ModuleTime>2013-04-25T17:04:22Z</ModuleTime>
      <ModuleName>Microsoft.Practices.EnterpriseLibrary.Validation</ModuleName>
      <Classes />
    </Module>
    <Module skippedDueTo="Filter" hash="74-28-C6-4C-3E-68-DD-45-E8-9F-DF-EB-A0-8F-75-F1-D3-A4-9B-29">
      <ModulePath>C:\Users\developer\Documents\projects\GHArkanis\Tests\Arkanis.FunctionalTests\bin\Debug\Microsoft.Practices.EnterpriseLibrary.Common.dll</ModulePath>
      <ModuleTime>2013-04-25T17:04:08Z</ModuleTime>
      <ModuleName>Microsoft.Practices.EnterpriseLibrary.Common</ModuleName>
      <Classes />
    </Module>
    <Module skippedDueTo="Filter" hash="85-58-23-8F-0C-AC-C8-F5-79-06-9F-C2-0E-A7-D8-8C-BA-5B-5C-2D">
      <ModulePath>C:\Windows\Microsoft.Net\assembly\GAC_MSIL\System.Core\v4.0_4.0.0.0__b77a5c561934e089\System.Core.dll</ModulePath>
      <ModuleTime>2017-03-18T20:59:45.8533111Z</ModuleTime>
      <ModuleName>System.Core</ModuleName>
      <Classes />
    </Module>
    <Module skippedDueTo="Filter" hash="5A-19-01-15-5F-43-79-80-9C-C2-15-F8-4A-4D-C3-F0-D1-6C-F7-07">
      <ModulePath>C:\Windows\Microsoft.Net\assembly\GAC_MSIL\System.ComponentModel.DataAnnotations\v4.0_4.0.0.0__31bf3856ad364e35\System.ComponentModel.DataAnnotations.dll</ModulePath>
      <ModuleTime>2017-03-18T20:59:45.9939488Z</ModuleTime>
      <ModuleName>System.ComponentModel.DataAnnotations</ModuleName>
      <Classes />
    </Module>
    <Module skippedDueTo="Filter" hash="4E-75-0E-1D-FE-71-FF-E7-3E-12-71-73-33-10-89-E5-FA-1F-C8-82">
      <ModulePath>C:\Users\developer\Documents\projects\GHArkanis\Tests\Arkanis.FunctionalTests\bin\Debug\EntityFramework.dll</ModulePath>
      <ModuleTime>2013-09-11T16:10:04Z</ModuleTime>
      <ModuleName>EntityFramework</ModuleName>
      <Classes />
    </Module>
    <Module skippedDueTo="Filter" hash="30-96-FE-A8-20-7F-74-88-78-7A-03-19-27-C1-FF-1D-63-28-69-7A">
      <ModulePath>C:\Windows\Microsoft.Net\assembly\GAC_64\System.Data\v4.0_4.0.0.0__b77a5c561934e089\System.Data.dll</ModulePath>
      <ModuleTime>2017-03-18T20:59:45.6970483Z</ModuleTime>
      <ModuleName>System.Data</ModuleName>
      <Classes />
    </Module>
    <Module skippedDueTo="Filter" hash="28-6F-10-48-EE-A6-4A-9D-EE-E6-08-A1-6C-DF-30-7A-42-9C-C4-22">
      <ModulePath>C:\Users\developer\Documents\projects\GHArkanis\Tests\Arkanis.FunctionalTests\bin\Debug\MySql.Data.Entity.EF6.dll</ModulePath>
      <ModuleTime>2016-06-18T01:29:12Z</ModuleTime>
      <ModuleName>MySql.Data.Entity.EF6</ModuleName>
      <Classes />
    </Module>
    <Module skippedDueTo="Filter" hash="C3-04-5F-75-20-EE-56-D2-5D-9A-1C-79-D6-6A-56-F9-33-C3-7D-2C">
      <ModulePath>C:\Users\developer\Documents\projects\GHArkanis\Tests\Arkanis.FunctionalTests\bin\Debug\MySql.Data.dll</ModulePath>
      <ModuleTime>2016-06-18T01:29:10Z</ModuleTime>
      <ModuleName>MySql.Data</ModuleName>
      <Classes />
    </Module>
    <Module skippedDueTo="Filter" hash="CD-1A-0F-9A-99-BF-1A-24-9B-B5-D0-21-D3-27-93-4B-AB-87-97-FC">
      <ModulePath>C:\Windows\Microsoft.Net\assembly\GAC_64\System.Transactions\v4.0_4.0.0.0__b77a5c561934e089\System.Transactions.dll</ModulePath>
      <ModuleTime>2017-03-18T20:59:43.8531422Z</ModuleTime>
      <ModuleName>System.Transactions</ModuleName>
      <Classes />
    </Module>
    <Module skippedDueTo="Filter" hash="7F-D0-99-21-BA-2B-90-5B-93-02-29-B8-7B-1C-AD-0D-2A-CF-99-EC">
      <ModulePath>C:\Users\developer\Documents\projects\GHArkanis\Tests\Arkanis.FunctionalTests\bin\Debug\EntityFramework.SqlServer.dll</ModulePath>
      <ModuleTime>2013-09-11T16:10:04Z</ModuleTime>
      <ModuleName>EntityFramework.SqlServer</ModuleName>
      <Classes />
    </Module>
    <Module skippedDueTo="Filter" hash="">
      <ModulePath>RefEmit_InMemoryManifestModule</ModulePath>
      <ModuleTime>0001-01-01T00:00:00</ModuleTime>
      <ModuleName>Anonymously Hosted DynamicMethods Assembly</ModuleName>
      <Classes />
    </Module>
    <Module skippedDueTo="Filter" hash="59-F8-E7-31-B8-D6-73-4E-ED-89-F7-22-B8-47-F6-C3-A3-9B-17-BE">
      <ModulePath>C:\Windows\Microsoft.Net\assembly\GAC_MSIL\System.Numerics\v4.0_4.0.0.0__b77a5c561934e089\System.Numerics.dll</ModulePath>
      <ModuleTime>2017-03-18T20:59:43.8218895Z</ModuleTime>
      <ModuleName>System.Numerics</ModuleName>
      <Classes />
    </Module>
    <Module skippedDueTo="Filter" hash="89-46-FE-AD-F5-3B-1B-75-9C-41-91-22-AD-11-6D-B5-4B-3C-9C-B9">
      <ModulePath>C:\Windows\Microsoft.Net\assembly\GAC_64\System.Data.OracleClient\v4.0_4.0.0.0__b77a5c561934e089\System.Data.OracleClient.dll</ModulePath>
      <ModuleTime>2017-03-18T20:59:45.9939488Z</ModuleTime>
      <ModuleName>System.Data.OracleClient</ModuleName>
      <Classes />
    </Module>
    <Module skippedDueTo="Filter" hash="0F-7F-25-98-8D-37-21-1F-A0-FF-E6-8C-CF-1C-08-16-5C-85-43-27">
      <ModulePath>C:\Windows\Microsoft.Net\assembly\GAC_64\System.EnterpriseServices\v4.0_4.0.0.0__b03f5f7f11d50a3a\System.EnterpriseServices.dll</ModulePath>
      <ModuleTime>2017-03-18T20:59:45.6501693Z</ModuleTime>
      <ModuleName>System.EnterpriseServices</ModuleName>
      <Classes />
    </Module>
    <Module skippedDueTo="Filter" hash="85-58-23-8F-0C-AC-C8-F5-79-06-9F-C2-0E-A7-D8-8C-BA-5B-5C-2D">
      <ModulePath>C:\Windows\Microsoft.Net\assembly\GAC_MSIL\System.Core\v4.0_4.0.0.0__b77a5c561934e089\System.Core.dll</ModulePath>
      <ModuleTime>2017-03-18T20:59:45.8533111Z</ModuleTime>
      <ModuleName>System.Core</ModuleName>
      <Classes />
    </Module>
    <Module skippedDueTo="Filter" hash="DC-10-DB-63-91-2A-93-9E-22-02-79-C0-9E-43-AD-76-61-ED-B3-67">
      <ModulePath>C:\Windows\Microsoft.Net\assembly\GAC_MSIL\System.Management\v4.0_4.0.0.0__b03f5f7f11d50a3a\System.Management.dll</ModulePath>
      <ModuleTime>2017-03-18T20:59:47.9941174Z</ModuleTime>
      <ModuleName>System.Management</ModuleName>
      <Classes />
    </Module>
    <Module skippedDueTo="Filter" hash="B2-28-6B-70-63-9D-E4-57-87-05-C1-81-C5-79-94-3B-83-FA-E0-DD">
      <ModulePath>C:\Windows\Microsoft.Net\assembly\GAC_MSIL\System.Xml.Linq\v4.0_4.0.0.0__b77a5c561934e089\System.Xml.Linq.dll</ModulePath>
      <ModuleTime>2017-03-18T20:59:45.7283009Z</ModuleTime>
      <ModuleName>System.Xml.Linq</ModuleName>
      <Classes />
    </Module>
    <Module skippedDueTo="Filter" hash="78-34-25-03-D2-B2-45-90-ED-CB-35-FE-38-B1-51-C0-BF-C1-56-82">
      <ModulePath>C:\Windows\Microsoft.Net\assembly\GAC_MSIL\System.Runtime.Serialization\v4.0_4.0.0.0__b77a5c561934e089\System.Runtime.Serialization.dll</ModulePath>
      <ModuleTime>2017-03-18T20:59:46.1033339Z</ModuleTime>
      <ModuleName>System.Runtime.Serialization</ModuleName>
      <Classes />
    </Module>
    <Module skippedDueTo="Filter" hash="">
      <ModulePath>RefEmit_InMemoryManifestModule</ModulePath>
      <ModuleTime>0001-01-01T00:00:00</ModuleTime>
      <ModuleName>EntityFrameworkDynamicProxies-EntityFramework</ModuleName>
      <Classes />
    </Module>
    <Module skippedDueTo="Filter" hash="F4-0C-CD-F5-C4-19-05-92-95-76-BE-F5-61-D0-B8-4D-3B-79-20-67">
      <ModulePath>C:\Windows\Microsoft.Net\assembly\GAC_MSIL\System.Web.Extensions\v4.0_4.0.0.0__31bf3856ad364e35\System.Web.Extensions.dll</ModulePath>
      <ModuleTime>2017-03-18T20:59:42.2436309Z</ModuleTime>
      <ModuleName>System.Web.Extensions</ModuleName>
      <Classes />
    </Module>
  </Modules>
</CoverageSession>