<?xml version="1.0" encoding="utf-8"?>
<CoverageSession xmlns:xsd="http://www.w3.org/2001/XMLSchema" xmlns:xsi="http://www.w3.org/2001/XMLSchema-instance">
  <Summary numSequencePoints="491" visitedSequencePoints="329" numBranchPoints="200" visitedBranchPoints="142" sequenceCoverage="67.01" branchCoverage="71" maxCyclomaticComplexity="6" minCyclomaticComplexity="1" visitedClasses="18" numClasses="25" visitedMethods="124" numMethods="158" />
  <Modules>
    <Module skippedDueTo="Filter" hash="66-2A-90-30-5A-FF-40-F8-50-2C-AA-CA-44-C9-D0-3E-36-3C-E1-76">
      <ModulePath>C:\Windows\assembly\GAC_64\mscorlib\2.0.0.0__b77a5c561934e089\mscorlib.dll</ModulePath>
      <ModuleTime>2017-07-28T01:27:56.1354079Z</ModuleTime>
      <ModuleName>mscorlib</ModuleName>
      <Classes />
    </Module>
    <Module skippedDueTo="Filter" hash="F9-04-A8-31-CD-FB-23-72-95-63-5D-14-9A-A0-66-8E-7F-44-93-7A">
      <ModulePath>C:\Windows\assembly\GAC_64\mscorlib\2.0.0.0__b77a5c561934e089\sorttbls.nlp</ModulePath>
      <ModuleTime>2017-02-10T18:17:04Z</ModuleTime>
      <ModuleName>mscorlib</ModuleName>
      <Classes />
    </Module>
    <Module skippedDueTo="Filter" hash="9F-C3-2E-51-B5-EB-69-B9-60-21-42-1F-17-25-12-07-16-11-20-50">
      <ModulePath>C:\Users\developer\Documents\projects\GHArkanis\packages\NUnit.Runners.2.6.4\tools\nunit-console.exe</ModulePath>
      <ModuleTime>2014-12-17T06:04:36Z</ModuleTime>
      <ModuleName>nunit-console</ModuleName>
      <Classes />
    </Module>
    <Module skippedDueTo="Filter" hash="F2-ED-FF-09-01-C9-D7-BC-29-AC-A6-93-C5-97-8A-0D-43-DD-8D-F2">
      <ModulePath>C:\Users\developer\Documents\projects\GHArkanis\packages\NUnit.Runners.2.6.4\tools\lib\nunit-console-runner.dll</ModulePath>
      <ModuleTime>2014-12-17T06:04:36Z</ModuleTime>
      <ModuleName>nunit-console-runner</ModuleName>
      <Classes />
    </Module>
    <Module skippedDueTo="Filter" hash="36-B9-FF-C0-07-EA-59-4D-23-2E-FD-CD-5A-45-CF-C0-2C-42-2A-98">
      <ModulePath>C:\Users\developer\Documents\projects\GHArkanis\packages\NUnit.Runners.2.6.4\tools\lib\nunit.core.dll</ModulePath>
      <ModuleTime>2014-12-17T06:04:36Z</ModuleTime>
      <ModuleName>nunit.core</ModuleName>
      <Classes />
    </Module>
    <Module skippedDueTo="Filter" hash="14-C3-4B-3E-39-7A-EE-C0-B9-2F-83-44-2F-04-8A-F7-48-7B-67-DE">
      <ModulePath>C:\Users\developer\Documents\projects\GHArkanis\packages\NUnit.Runners.2.6.4\tools\lib\nunit.util.dll</ModulePath>
      <ModuleTime>2014-12-17T06:04:36Z</ModuleTime>
      <ModuleName>nunit.util</ModuleName>
      <Classes />
    </Module>
    <Module skippedDueTo="Filter" hash="5E-95-A6-AD-88-48-98-B1-62-7F-4E-5A-C1-0E-F3-B7-85-56-44-E8">
      <ModulePath>C:\Users\developer\Documents\projects\GHArkanis\packages\NUnit.Runners.2.6.4\tools\lib\nunit.core.interfaces.dll</ModulePath>
      <ModuleTime>2014-12-17T06:04:36Z</ModuleTime>
      <ModuleName>nunit.core.interfaces</ModuleName>
      <Classes />
    </Module>
    <Module skippedDueTo="Filter" hash="6E-30-2E-50-36-FB-60-2C-8E-50-C0-83-54-8B-CC-EA-A8-91-B6-CC">
      <ModulePath>C:\Windows\assembly\GAC_64\mscorlib\2.0.0.0__b77a5c561934e089\sortkey.nlp</ModulePath>
      <ModuleTime>2017-02-10T18:17:04Z</ModuleTime>
      <ModuleName>mscorlib</ModuleName>
      <Classes />
    </Module>
    <Module skippedDueTo="Filter" hash="D9-E1-E4-30-FE-21-28-4C-D8-2B-4E-54-08-4D-62-AB-B5-41-4C-3D">
      <ModulePath>C:\Windows\assembly\GAC_MSIL\System.Configuration\2.0.0.0__b03f5f7f11d50a3a\System.Configuration.dll</ModulePath>
      <ModuleTime>2017-03-18T05:02:00Z</ModuleTime>
      <ModuleName>System.Configuration</ModuleName>
      <Classes />
    </Module>
    <Module skippedDueTo="Filter" hash="A8-58-D3-E7-C8-D3-4C-23-66-87-A8-C4-46-B5-D4-32-5B-6C-13-35">
      <ModulePath>C:\Windows\assembly\GAC_MSIL\System\2.0.0.0__b77a5c561934e089\System.dll</ModulePath>
      <ModuleTime>2017-07-11T11:10:03.2788215Z</ModuleTime>
      <ModuleName>System</ModuleName>
      <Classes />
    </Module>
    <Module skippedDueTo="Filter" hash="68-D9-7A-5D-02-51-6D-19-DC-60-92-C2-50-E1-25-61-A6-2B-C6-50">
      <ModulePath>C:\Windows\assembly\GAC_MSIL\System.Xml\2.0.0.0__b77a5c561934e089\System.Xml.dll</ModulePath>
      <ModuleTime>2017-03-18T05:02:00Z</ModuleTime>
      <ModuleName>System.Xml</ModuleName>
      <Classes />
    </Module>
    <Module skippedDueTo="Filter" hash="BE-C3-3A-F7-17-24-98-3B-AD-68-A6-84-C6-DF-5D-15-C6-3D-92-17">
      <ModulePath>C:\Windows\assembly\GAC_MSIL\System.Runtime.Remoting\2.0.0.0__b77a5c561934e089\System.Runtime.Remoting.dll</ModulePath>
      <ModuleTime>2017-03-18T05:11:40Z</ModuleTime>
      <ModuleName>System.Runtime.Remoting</ModuleName>
      <Classes />
    </Module>
    <Module skippedDueTo="Filter" hash="F6-1C-26-32-B8-C7-A6-87-68-7E-80-4F-D3-1F-1C-EF-30-D1-05-7D">
      <ModulePath>C:\Windows\Microsoft.Net\assembly\GAC_64\mscorlib\v4.0_4.0.0.0__b77a5c561934e089\mscorlib.dll</ModulePath>
      <ModuleTime>2017-07-28T01:28:15.6381222Z</ModuleTime>
      <ModuleName>mscorlib</ModuleName>
      <Classes />
    </Module>
    <Module skippedDueTo="Filter" hash="E8-07-A4-A1-06-33-5B-A6-17-CF-DC-6F-28-47-58-85-D6-9F-6B-46">
      <ModulePath>C:\Users\developer\Documents\projects\GHArkanis\packages\NUnit.Runners.2.6.4\tools\nunit-agent.exe</ModulePath>
      <ModuleTime>2014-12-17T06:04:36Z</ModuleTime>
      <ModuleName>nunit-agent</ModuleName>
      <Classes />
    </Module>
    <Module skippedDueTo="Filter" hash="36-B9-FF-C0-07-EA-59-4D-23-2E-FD-CD-5A-45-CF-C0-2C-42-2A-98">
      <ModulePath>C:\Users\developer\Documents\projects\GHArkanis\packages\NUnit.Runners.2.6.4\tools\lib\nunit.core.dll</ModulePath>
      <ModuleTime>2014-12-17T06:04:36Z</ModuleTime>
      <ModuleName>nunit.core</ModuleName>
      <Classes />
    </Module>
    <Module skippedDueTo="Filter" hash="14-C3-4B-3E-39-7A-EE-C0-B9-2F-83-44-2F-04-8A-F7-48-7B-67-DE">
      <ModulePath>C:\Users\developer\Documents\projects\GHArkanis\packages\NUnit.Runners.2.6.4\tools\lib\nunit.util.dll</ModulePath>
      <ModuleTime>2014-12-17T06:04:36Z</ModuleTime>
      <ModuleName>nunit.util</ModuleName>
      <Classes />
    </Module>
    <Module skippedDueTo="Filter" hash="5E-95-A6-AD-88-48-98-B1-62-7F-4E-5A-C1-0E-F3-B7-85-56-44-E8">
      <ModulePath>C:\Users\developer\Documents\projects\GHArkanis\packages\NUnit.Runners.2.6.4\tools\lib\nunit.core.interfaces.dll</ModulePath>
      <ModuleTime>2014-12-17T06:04:36Z</ModuleTime>
      <ModuleName>nunit.core.interfaces</ModuleName>
      <Classes />
    </Module>
    <Module skippedDueTo="Filter" hash="5C-45-AC-96-1A-3F-70-62-64-3B-4B-48-49-8E-92-C9-37-49-F8-8E">
      <ModulePath>C:\Windows\Microsoft.Net\assembly\GAC_MSIL\System\v4.0_4.0.0.0__b77a5c561934e089\System.dll</ModulePath>
      <ModuleTime>2017-07-31T22:45:57.8867608Z</ModuleTime>
      <ModuleName>System</ModuleName>
      <Classes />
    </Module>
    <Module skippedDueTo="Filter" hash="27-33-9D-83-64-AB-93-6A-B4-BE-AB-4D-9B-75-8B-E2-B9-63-8B-DE">
      <ModulePath>C:\Windows\Microsoft.Net\assembly\GAC_MSIL\System.Runtime.Remoting\v4.0_4.0.0.0__b77a5c561934e089\System.Runtime.Remoting.dll</ModulePath>
      <ModuleTime>2017-03-18T20:59:43.8062628Z</ModuleTime>
      <ModuleName>System.Runtime.Remoting</ModuleName>
      <Classes />
    </Module>
    <Module skippedDueTo="Filter" hash="0C-91-60-C5-26-07-2E-2E-54-A1-8A-32-86-67-C5-B4-A5-93-05-F9">
      <ModulePath>C:\Windows\Microsoft.Net\assembly\GAC_MSIL\System.Configuration\v4.0_4.0.0.0__b03f5f7f11d50a3a\System.Configuration.dll</ModulePath>
      <ModuleTime>2017-03-18T20:59:43.7281312Z</ModuleTime>
      <ModuleName>System.Configuration</ModuleName>
      <Classes />
    </Module>
    <Module skippedDueTo="Filter" hash="21-E4-90-B5-42-20-26-BA-49-19-94-C3-CA-93-44-7B-60-08-D7-1C">
      <ModulePath>C:\Windows\Microsoft.Net\assembly\GAC_MSIL\System.Xml\v4.0_4.0.0.0__b77a5c561934e089\System.Xml.dll</ModulePath>
      <ModuleTime>2017-07-28T01:29:28.9125785Z</ModuleTime>
      <ModuleName>System.Xml</ModuleName>
      <Classes />
    </Module>
    <Module skippedDueTo="Filter" hash="BA-C3-1A-32-62-15-B4-CA-4B-D6-04-07-22-46-9F-35-6C-EF-4A-64">
      <ModulePath>C:\Windows\Microsoft.Net\assembly\GAC_64\System.Web\v4.0_4.0.0.0__b03f5f7f11d50a3a\System.Web.dll</ModulePath>
      <ModuleTime>2017-07-31T22:46:54.556383Z</ModuleTime>
      <ModuleName>System.Web</ModuleName>
      <Classes />
    </Module>
    <Module skippedDueTo="Filter" hash="7A-49-65-6E-AE-46-F5-21-A8-D9-54-E0-52-F2-8F-7B-C4-F3-43-25">
      <ModulePath>C:\Windows\assembly\GAC_64\System.Web\2.0.0.0__b03f5f7f11d50a3a\System.Web.dll</ModulePath>
      <ModuleTime>2017-07-31T22:46:27.5353546Z</ModuleTime>
      <ModuleName>System.Web</ModuleName>
      <Classes />
    </Module>
    <Module skippedDueTo="Filter" hash="36-B9-FF-C0-07-EA-59-4D-23-2E-FD-CD-5A-45-CF-C0-2C-42-2A-98">
      <ModulePath>C:\Users\developer\Documents\projects\GHArkanis\packages\NUnit.Runners.2.6.4\tools\lib\nunit.core.dll</ModulePath>
      <ModuleTime>2014-12-17T06:04:36Z</ModuleTime>
      <ModuleName>nunit.core</ModuleName>
      <Classes />
    </Module>
    <Module skippedDueTo="Filter" hash="5C-45-AC-96-1A-3F-70-62-64-3B-4B-48-49-8E-92-C9-37-49-F8-8E">
      <ModulePath>C:\Windows\Microsoft.Net\assembly\GAC_MSIL\System\v4.0_4.0.0.0__b77a5c561934e089\System.dll</ModulePath>
      <ModuleTime>2017-07-31T22:45:57.8867608Z</ModuleTime>
      <ModuleName>System</ModuleName>
      <Classes />
    </Module>
    <Module skippedDueTo="Filter" hash="53-25-23-C6-63-70-35-C6-0C-82-04-1A-0A-BF-1A-E7-1F-EA-74-A3">
      <ModulePath>C:\Users\developer\Documents\projects\GHArkanis\packages\NUnit.Runners.2.6.4\tools\pnunit.framework.dll</ModulePath>
      <ModuleTime>2014-12-17T06:04:36Z</ModuleTime>
      <ModuleName>pnunit.framework</ModuleName>
      <Classes />
    </Module>
    <Module skippedDueTo="Filter" hash="21-69-E9-47-C6-F8-02-12-31-E6-18-DE-8E-43-24-C9-AB-F7-C2-BE">
      <ModulePath>C:\Users\developer\Documents\projects\GHArkanis\packages\NUnit.Runners.2.6.4\tools\pnunit-agent.exe</ModulePath>
      <ModuleTime>2014-12-17T06:04:36Z</ModuleTime>
      <ModuleName>pnunit-agent</ModuleName>
      <Classes />
    </Module>
    <Module skippedDueTo="Filter" hash="5E-95-A6-AD-88-48-98-B1-62-7F-4E-5A-C1-0E-F3-B7-85-56-44-E8">
      <ModulePath>C:\Users\developer\Documents\projects\GHArkanis\packages\NUnit.Runners.2.6.4\tools\lib\nunit.core.interfaces.dll</ModulePath>
      <ModuleTime>2014-12-17T06:04:36Z</ModuleTime>
      <ModuleName>nunit.core.interfaces</ModuleName>
      <Classes />
    </Module>
    <Module hash="EC-16-ED-64-E9-27-4D-00-4F-25-80-08-93-A1-91-E4-56-96-7C-9B">
      <Summary numSequencePoints="55" visitedSequencePoints="51" numBranchPoints="8" visitedBranchPoints="7" sequenceCoverage="92.73" branchCoverage="87.5" maxCyclomaticComplexity="2" minCyclomaticComplexity="1" visitedClasses="2" numClasses="2" visitedMethods="7" numMethods="8" />
      <ModulePath>C:\Users\developer\Documents\projects\GHArkanis\Tests\Arkanis.FunctionalTests\bin\Debug\Arkanis.FunctionalTests.dll</ModulePath>
      <ModuleTime>2017-09-09T04:09:29.35Z</ModuleTime>
      <ModuleName>Arkanis.FunctionalTests</ModuleName>
      <Files>
        <File uid="1" fullPath="c:\Users\developer\Documents\projects\GHArkanis\Tests\Arkanis.FunctionalTests\Services\ProductServiceTests.cs" />
        <File uid="2" fullPath="c:\Users\developer\Documents\projects\GHArkanis\Tests\Arkanis.FunctionalTests\Services\CategoryServiceTests.cs" />
      </Files>
      <Classes>
        <Class>
          <Summary numSequencePoints="0" visitedSequencePoints="0" numBranchPoints="0" visitedBranchPoints="0" sequenceCoverage="0" branchCoverage="0" maxCyclomaticComplexity="0" minCyclomaticComplexity="0" visitedClasses="0" numClasses="0" visitedMethods="0" numMethods="0" />
          <FullName>&lt;Module&gt;</FullName>
          <Methods />
        </Class>
        <Class>
          <Summary numSequencePoints="45" visitedSequencePoints="41" numBranchPoints="6" visitedBranchPoints="5" sequenceCoverage="91.11" branchCoverage="83.33" maxCyclomaticComplexity="2" minCyclomaticComplexity="1" visitedClasses="1" numClasses="1" visitedMethods="5" numMethods="6" />
          <FullName>Arkanis.FunctionalTests.Services.ProductServiceTests</FullName>
          <Methods>
            <Method visited="true" cyclomaticComplexity="2" nPathComplexity="0" sequenceCoverage="78.57" branchCoverage="100" isConstructor="false" isStatic="false" isGetter="false" isSetter="false">
              <Summary numSequencePoints="14" visitedSequencePoints="11" numBranchPoints="1" visitedBranchPoints="1" sequenceCoverage="78.57" branchCoverage="100" maxCyclomaticComplexity="2" minCyclomaticComplexity="2" visitedClasses="0" numClasses="0" visitedMethods="1" numMethods="1" />
              <MetadataToken>100663297</MetadataToken>
              <Name>System.Void Arkanis.FunctionalTests.Services.ProductServiceTests::CreateProduct_DefaultApp()</Name>
              <FileRef uid="1" />
              <SequencePoints>
                <SequencePoint vc="1" uspid="1" ordinal="0" offset="0" sl="15" sc="9" el="15" ec="10" bec="0" bev="0" fileid="1" />
                <SequencePoint vc="1" uspid="2" ordinal="1" offset="1" sl="16" sc="13" el="16" ec="31" bec="0" bev="0" fileid="1" />
                <SequencePoint vc="1" uspid="3" ordinal="2" offset="7" sl="17" sc="13" el="17" ec="46" bec="0" bev="0" fileid="1" />
                <SequencePoint vc="1" uspid="4" ordinal="3" offset="13" sl="18" sc="13" el="18" ec="31" bec="0" bev="0" fileid="1" />
                <SequencePoint vc="1" uspid="5" ordinal="4" offset="28" sl="19" sc="13" el="19" ec="51" bec="0" bev="0" fileid="1" />
                <SequencePoint vc="1" uspid="6" ordinal="5" offset="34" sl="20" sc="13" el="20" ec="35" bec="0" bev="0" fileid="1" />
                <SequencePoint vc="1" uspid="7" ordinal="6" offset="38" sl="21" sc="13" el="21" ec="34" bec="0" bev="0" fileid="1" />
                <SequencePoint vc="1" uspid="8" ordinal="7" offset="41" sl="22" sc="13" el="22" ec="40" bec="0" bev="0" fileid="1" />
                <SequencePoint vc="1" uspid="9" ordinal="8" offset="48" sl="23" sc="13" el="23" ec="33" bec="0" bev="0" fileid="1" />
                <SequencePoint vc="1" uspid="10" ordinal="9" offset="61" sl="25" sc="13" el="25" ec="94" bec="0" bev="0" fileid="1" />
                <SequencePoint vc="1" uspid="11" ordinal="10" offset="78" sl="27" sc="4" el="27" ec="100" bec="0" bev="0" fileid="1" />
                <SequencePoint vc="0" uspid="12" ordinal="11" offset="98" sl="28" sc="4" el="28" ec="67" bec="0" bev="0" fileid="1" />
                <SequencePoint vc="0" uspid="13" ordinal="12" offset="140" sl="29" sc="4" el="29" ec="43" bec="0" bev="0" fileid="1" />
                <SequencePoint vc="0" uspid="14" ordinal="13" offset="154" sl="31" sc="9" el="31" ec="10" bec="0" bev="0" fileid="1" />
              </SequencePoints>
              <BranchPoints />
              <MethodPoint xsi:type="SequencePoint" vc="1" uspid="1" ordinal="0" offset="0" sl="15" sc="9" el="15" ec="10" bec="0" bev="0" fileid="1" />
            </Method>
            <Method visited="true" cyclomaticComplexity="2" nPathComplexity="0" sequenceCoverage="100" branchCoverage="100" isConstructor="false" isStatic="false" isGetter="false" isSetter="false">
              <Summary numSequencePoints="14" visitedSequencePoints="14" numBranchPoints="1" visitedBranchPoints="1" sequenceCoverage="100" branchCoverage="100" maxCyclomaticComplexity="2" minCyclomaticComplexity="2" visitedClasses="0" numClasses="0" visitedMethods="1" numMethods="1" />
              <MetadataToken>100663298</MetadataToken>
              <Name>System.Void Arkanis.FunctionalTests.Services.ProductServiceTests::CreateProduct_Memory()</Name>
              <FileRef uid="1" />
              <SequencePoints>
                <SequencePoint vc="1" uspid="17" ordinal="0" offset="0" sl="35" sc="9" el="35" ec="10" bec="0" bev="0" fileid="1" />
                <SequencePoint vc="1" uspid="18" ordinal="1" offset="1" sl="36" sc="13" el="36" ec="32" bec="0" bev="0" fileid="1" />
                <SequencePoint vc="1" uspid="19" ordinal="2" offset="7" sl="37" sc="13" el="37" ec="55" bec="0" bev="0" fileid="1" />
                <SequencePoint vc="1" uspid="20" ordinal="3" offset="13" sl="38" sc="13" el="38" ec="31" bec="0" bev="0" fileid="1" />
                <SequencePoint vc="1" uspid="21" ordinal="4" offset="28" sl="39" sc="13" el="39" ec="51" bec="0" bev="0" fileid="1" />
                <SequencePoint vc="1" uspid="22" ordinal="5" offset="34" sl="40" sc="13" el="40" ec="35" bec="0" bev="0" fileid="1" />
                <SequencePoint vc="1" uspid="23" ordinal="6" offset="38" sl="41" sc="13" el="41" ec="34" bec="0" bev="0" fileid="1" />
                <SequencePoint vc="1" uspid="24" ordinal="7" offset="41" sl="42" sc="13" el="42" ec="40" bec="0" bev="0" fileid="1" />
                <SequencePoint vc="1" uspid="25" ordinal="8" offset="48" sl="43" sc="13" el="43" ec="33" bec="0" bev="0" fileid="1" />
                <SequencePoint vc="1" uspid="26" ordinal="9" offset="61" sl="45" sc="13" el="45" ec="90" bec="0" bev="0" fileid="1" />
                <SequencePoint vc="1" uspid="27" ordinal="10" offset="78" sl="47" sc="13" el="47" ec="109" bec="0" bev="0" fileid="1" />
                <SequencePoint vc="1" uspid="28" ordinal="11" offset="98" sl="48" sc="13" el="48" ec="76" bec="0" bev="0" fileid="1" />
                <SequencePoint vc="1" uspid="29" ordinal="12" offset="140" sl="49" sc="13" el="49" ec="52" bec="0" bev="0" fileid="1" />
                <SequencePoint vc="1" uspid="30" ordinal="13" offset="154" sl="51" sc="9" el="51" ec="10" bec="0" bev="0" fileid="1" />
              </SequencePoints>
              <BranchPoints />
              <MethodPoint xsi:type="SequencePoint" vc="1" uspid="17" ordinal="0" offset="0" sl="35" sc="9" el="35" ec="10" bec="0" bev="0" fileid="1" />
            </Method>
            <Method visited="true" cyclomaticComplexity="2" nPathComplexity="0" sequenceCoverage="100" branchCoverage="100" isConstructor="false" isStatic="false" isGetter="false" isSetter="false">
              <Summary numSequencePoints="14" visitedSequencePoints="14" numBranchPoints="1" visitedBranchPoints="1" sequenceCoverage="100" branchCoverage="100" maxCyclomaticComplexity="2" minCyclomaticComplexity="2" visitedClasses="0" numClasses="0" visitedMethods="1" numMethods="1" />
              <MetadataToken>100663299</MetadataToken>
              <Name>System.Void Arkanis.FunctionalTests.Services.ProductServiceTests::CreateProduct_DataBase()</Name>
              <FileRef uid="1" />
              <SequencePoints>
                <SequencePoint vc="1" uspid="33" ordinal="0" offset="0" sl="55" sc="9" el="55" ec="10" bec="0" bev="0" fileid="1" />
                <SequencePoint vc="1" uspid="34" ordinal="1" offset="1" sl="56" sc="13" el="56" ec="32" bec="0" bev="0" fileid="1" />
                <SequencePoint vc="1" uspid="35" ordinal="2" offset="7" sl="57" sc="13" el="57" ec="57" bec="0" bev="0" fileid="1" />
                <SequencePoint vc="1" uspid="36" ordinal="3" offset="13" sl="58" sc="13" el="58" ec="31" bec="0" bev="0" fileid="1" />
                <SequencePoint vc="1" uspid="37" ordinal="4" offset="28" sl="59" sc="13" el="59" ec="51" bec="0" bev="0" fileid="1" />
                <SequencePoint vc="1" uspid="38" ordinal="5" offset="34" sl="60" sc="13" el="60" ec="35" bec="0" bev="0" fileid="1" />
                <SequencePoint vc="1" uspid="39" ordinal="6" offset="38" sl="61" sc="13" el="61" ec="34" bec="0" bev="0" fileid="1" />
                <SequencePoint vc="1" uspid="40" ordinal="7" offset="41" sl="62" sc="13" el="62" ec="40" bec="0" bev="0" fileid="1" />
                <SequencePoint vc="1" uspid="41" ordinal="8" offset="48" sl="63" sc="13" el="63" ec="33" bec="0" bev="0" fileid="1" />
                <SequencePoint vc="1" uspid="42" ordinal="9" offset="61" sl="65" sc="13" el="65" ec="92" bec="0" bev="0" fileid="1" />
                <SequencePoint vc="1" uspid="43" ordinal="10" offset="78" sl="67" sc="13" el="67" ec="109" bec="0" bev="0" fileid="1" />
                <SequencePoint vc="1" uspid="44" ordinal="11" offset="98" sl="68" sc="13" el="68" ec="76" bec="0" bev="0" fileid="1" />
                <SequencePoint vc="1" uspid="45" ordinal="12" offset="140" sl="69" sc="13" el="69" ec="52" bec="0" bev="0" fileid="1" />
                <SequencePoint vc="1" uspid="46" ordinal="13" offset="154" sl="71" sc="9" el="71" ec="10" bec="0" bev="0" fileid="1" />
              </SequencePoints>
              <BranchPoints />
              <MethodPoint xsi:type="SequencePoint" vc="1" uspid="33" ordinal="0" offset="0" sl="55" sc="9" el="55" ec="10" bec="0" bev="0" fileid="1" />
            </Method>
            <Method visited="true" cyclomaticComplexity="1" nPathComplexity="0" sequenceCoverage="0" branchCoverage="0" isConstructor="true" isStatic="false" isGetter="false" isSetter="false">
              <Summary numSequencePoints="0" visitedSequencePoints="0" numBranchPoints="0" visitedBranchPoints="0" sequenceCoverage="0" branchCoverage="0" maxCyclomaticComplexity="1" minCyclomaticComplexity="1" visitedClasses="0" numClasses="0" visitedMethods="0" numMethods="0" />
              <MetadataToken>100663300</MetadataToken>
              <Name>System.Void Arkanis.FunctionalTests.Services.ProductServiceTests::.ctor()</Name>
              <SequencePoints />
              <BranchPoints />
              <MethodPoint vc="1" uspid="49" ordinal="0" offset="0" />
            </Method>
            <Method visited="false" cyclomaticComplexity="1" nPathComplexity="0" sequenceCoverage="0" branchCoverage="0" isConstructor="false" isStatic="true" isGetter="false" isSetter="false">
              <Summary numSequencePoints="1" visitedSequencePoints="0" numBranchPoints="1" visitedBranchPoints="0" sequenceCoverage="0" branchCoverage="0" maxCyclomaticComplexity="1" minCyclomaticComplexity="1" visitedClasses="0" numClasses="0" visitedMethods="0" numMethods="1" />
              <MetadataToken>100663301</MetadataToken>
              <Name>Arkanis.Core.Entities.ProductEntity Arkanis.FunctionalTests.Services.ProductServiceTests::&lt;CreateProduct_DefaultApp&gt;b__0(Arkanis.Core.Entities.ProductEntity)</Name>
              <FileRef uid="1" />
              <SequencePoints>
                <SequencePoint vc="0" uspid="50" ordinal="0" offset="0" sl="28" sc="64" el="28" ec="65" bec="0" bev="0" fileid="1" />
              </SequencePoints>
              <BranchPoints />
              <MethodPoint xsi:type="SequencePoint" vc="0" uspid="50" ordinal="0" offset="0" sl="28" sc="64" el="28" ec="65" bec="0" bev="0" fileid="1" />
            </Method>
            <Method visited="true" cyclomaticComplexity="1" nPathComplexity="0" sequenceCoverage="100" branchCoverage="100" isConstructor="false" isStatic="true" isGetter="false" isSetter="false">
              <Summary numSequencePoints="1" visitedSequencePoints="1" numBranchPoints="1" visitedBranchPoints="1" sequenceCoverage="100" branchCoverage="100" maxCyclomaticComplexity="1" minCyclomaticComplexity="1" visitedClasses="0" numClasses="0" visitedMethods="1" numMethods="1" />
              <MetadataToken>100663302</MetadataToken>
              <Name>Arkanis.Core.Entities.ProductEntity Arkanis.FunctionalTests.Services.ProductServiceTests::&lt;CreateProduct_Memory&gt;b__2(Arkanis.Core.Entities.ProductEntity)</Name>
              <FileRef uid="1" />
              <SequencePoints>
                <SequencePoint vc="1" uspid="51" ordinal="0" offset="0" sl="48" sc="73" el="48" ec="74" bec="0" bev="0" fileid="1" />
              </SequencePoints>
              <BranchPoints />
              <MethodPoint xsi:type="SequencePoint" vc="1" uspid="51" ordinal="0" offset="0" sl="48" sc="73" el="48" ec="74" bec="0" bev="0" fileid="1" />
            </Method>
            <Method visited="true" cyclomaticComplexity="1" nPathComplexity="0" sequenceCoverage="100" branchCoverage="100" isConstructor="false" isStatic="true" isGetter="false" isSetter="false">
              <Summary numSequencePoints="1" visitedSequencePoints="1" numBranchPoints="1" visitedBranchPoints="1" sequenceCoverage="100" branchCoverage="100" maxCyclomaticComplexity="1" minCyclomaticComplexity="1" visitedClasses="0" numClasses="0" visitedMethods="1" numMethods="1" />
              <MetadataToken>100663303</MetadataToken>
              <Name>Arkanis.Core.Entities.ProductEntity Arkanis.FunctionalTests.Services.ProductServiceTests::&lt;CreateProduct_DataBase&gt;b__4(Arkanis.Core.Entities.ProductEntity)</Name>
              <FileRef uid="1" />
              <SequencePoints>
                <SequencePoint vc="1" uspid="52" ordinal="0" offset="0" sl="68" sc="73" el="68" ec="74" bec="0" bev="0" fileid="1" />
              </SequencePoints>
              <BranchPoints />
              <MethodPoint xsi:type="SequencePoint" vc="1" uspid="52" ordinal="0" offset="0" sl="68" sc="73" el="68" ec="74" bec="0" bev="0" fileid="1" />
            </Method>
          </Methods>
        </Class>
        <Class>
          <Summary numSequencePoints="10" visitedSequencePoints="10" numBranchPoints="2" visitedBranchPoints="2" sequenceCoverage="100" branchCoverage="100" maxCyclomaticComplexity="2" minCyclomaticComplexity="1" visitedClasses="1" numClasses="1" visitedMethods="2" numMethods="2" />
          <FullName>Arkanis.FunctionalTests.Services.CategoryServiceTests</FullName>
          <Methods>
            <Method visited="true" cyclomaticComplexity="2" nPathComplexity="0" sequenceCoverage="100" branchCoverage="100" isConstructor="false" isStatic="false" isGetter="false" isSetter="false">
              <Summary numSequencePoints="9" visitedSequencePoints="9" numBranchPoints="1" visitedBranchPoints="1" sequenceCoverage="100" branchCoverage="100" maxCyclomaticComplexity="2" minCyclomaticComplexity="2" visitedClasses="0" numClasses="0" visitedMethods="1" numMethods="1" />
              <MetadataToken>100663304</MetadataToken>
              <Name>System.Void Arkanis.FunctionalTests.Services.CategoryServiceTests::CreateProduct_DataBase()</Name>
              <FileRef uid="2" />
              <SequencePoints>
                <SequencePoint vc="1" uspid="53" ordinal="0" offset="0" sl="15" sc="3" el="15" ec="4" bec="0" bev="0" fileid="2" />
                <SequencePoint vc="1" uspid="54" ordinal="1" offset="1" sl="16" sc="4" el="16" ec="22" bec="0" bev="0" fileid="2" />
                <SequencePoint vc="1" uspid="55" ordinal="2" offset="7" sl="17" sc="4" el="17" ec="42" bec="0" bev="0" fileid="2" />
                <SequencePoint vc="1" uspid="56" ordinal="3" offset="13" sl="18" sc="4" el="18" ec="40" bec="0" bev="0" fileid="2" />
                <SequencePoint vc="1" uspid="57" ordinal="4" offset="19" sl="20" sc="4" el="20" ec="77" bec="0" bev="0" fileid="2" />
                <SequencePoint vc="1" uspid="58" ordinal="5" offset="30" sl="22" sc="4" el="22" ec="44" bec="0" bev="0" fileid="2" />
                <SequencePoint vc="1" uspid="59" ordinal="6" offset="40" sl="23" sc="4" el="23" ec="61" bec="0" bev="0" fileid="2" />
                <SequencePoint vc="1" uspid="60" ordinal="7" offset="80" sl="24" sc="4" el="24" ec="41" bec="0" bev="0" fileid="2" />
                <SequencePoint vc="1" uspid="61" ordinal="8" offset="94" sl="26" sc="3" el="26" ec="4" bec="0" bev="0" fileid="2" />
              </SequencePoints>
              <BranchPoints />
              <MethodPoint xsi:type="SequencePoint" vc="1" uspid="53" ordinal="0" offset="0" sl="15" sc="3" el="15" ec="4" bec="0" bev="0" fileid="2" />
            </Method>
            <Method visited="true" cyclomaticComplexity="1" nPathComplexity="0" sequenceCoverage="0" branchCoverage="0" isConstructor="true" isStatic="false" isGetter="false" isSetter="false">
              <Summary numSequencePoints="0" visitedSequencePoints="0" numBranchPoints="0" visitedBranchPoints="0" sequenceCoverage="0" branchCoverage="0" maxCyclomaticComplexity="1" minCyclomaticComplexity="1" visitedClasses="0" numClasses="0" visitedMethods="0" numMethods="0" />
              <MetadataToken>100663305</MetadataToken>
              <Name>System.Void Arkanis.FunctionalTests.Services.CategoryServiceTests::.ctor()</Name>
              <SequencePoints />
              <BranchPoints />
              <MethodPoint vc="1" uspid="64" ordinal="0" offset="0" />
            </Method>
            <Method visited="true" cyclomaticComplexity="1" nPathComplexity="0" sequenceCoverage="100" branchCoverage="100" isConstructor="false" isStatic="true" isGetter="false" isSetter="false">
              <Summary numSequencePoints="1" visitedSequencePoints="1" numBranchPoints="1" visitedBranchPoints="1" sequenceCoverage="100" branchCoverage="100" maxCyclomaticComplexity="1" minCyclomaticComplexity="1" visitedClasses="0" numClasses="0" visitedMethods="1" numMethods="1" />
              <MetadataToken>100663306</MetadataToken>
              <Name>Arkanis.Core.Entities.CategoryEntity Arkanis.FunctionalTests.Services.CategoryServiceTests::&lt;CreateProduct_DataBase&gt;b__0(Arkanis.Core.Entities.CategoryEntity)</Name>
              <FileRef uid="2" />
              <SequencePoints>
                <SequencePoint vc="1" uspid="65" ordinal="0" offset="0" sl="23" sc="58" el="23" ec="59" bec="0" bev="0" fileid="2" />
              </SequencePoints>
              <BranchPoints />
              <MethodPoint xsi:type="SequencePoint" vc="1" uspid="65" ordinal="0" offset="0" sl="23" sc="58" el="23" ec="59" bec="0" bev="0" fileid="2" />
            </Method>
          </Methods>
        </Class>
      </Classes>
    </Module>
    <Module skippedDueTo="Filter" hash="A2-D0-DB-C9-20-FB-37-90-D4-D6-25-E5-C4-7B-E0-42-CA-32-C0-51">
      <ModulePath>C:\Users\developer\Documents\projects\GHArkanis\Tests\Arkanis.FunctionalTests\bin\Debug\nunit.framework.dll</ModulePath>
      <ModuleTime>2014-12-17T06:04:34Z</ModuleTime>
      <ModuleName>nunit.framework</ModuleName>
      <Classes />
    </Module>
    <Module skippedDueTo="Filter" hash="F2-ED-FF-09-01-C9-D7-BC-29-AC-A6-93-C5-97-8A-0D-43-DD-8D-F2">
      <ModulePath>C:\Users\developer\Documents\projects\GHArkanis\packages\NUnit.Runners.2.6.4\tools\lib\nunit-console-runner.dll</ModulePath>
      <ModuleTime>2014-12-17T06:04:36Z</ModuleTime>
      <ModuleName>nunit-console-runner</ModuleName>
      <Classes />
    </Module>
    <Module skippedDueTo="Filter" hash="27-33-9D-83-64-AB-93-6A-B4-BE-AB-4D-9B-75-8B-E2-B9-63-8B-DE">
      <ModulePath>C:\Windows\Microsoft.Net\assembly\GAC_MSIL\System.Runtime.Remoting\v4.0_4.0.0.0__b77a5c561934e089\System.Runtime.Remoting.dll</ModulePath>
      <ModuleTime>2017-03-18T20:59:43.8062628Z</ModuleTime>
      <ModuleName>System.Runtime.Remoting</ModuleName>
      <Classes />
    </Module>
    <Module skippedDueTo="Filter" hash="0C-91-60-C5-26-07-2E-2E-54-A1-8A-32-86-67-C5-B4-A5-93-05-F9">
      <ModulePath>C:\Windows\Microsoft.Net\assembly\GAC_MSIL\System.Configuration\v4.0_4.0.0.0__b03f5f7f11d50a3a\System.Configuration.dll</ModulePath>
      <ModuleTime>2017-03-18T20:59:43.7281312Z</ModuleTime>
      <ModuleName>System.Configuration</ModuleName>
      <Classes />
    </Module>
    <Module skippedDueTo="Filter" hash="21-E4-90-B5-42-20-26-BA-49-19-94-C3-CA-93-44-7B-60-08-D7-1C">
      <ModulePath>C:\Windows\Microsoft.Net\assembly\GAC_MSIL\System.Xml\v4.0_4.0.0.0__b77a5c561934e089\System.Xml.dll</ModulePath>
      <ModuleTime>2017-07-28T01:29:28.9125785Z</ModuleTime>
      <ModuleName>System.Xml</ModuleName>
      <Classes />
    </Module>
    <Module hash="DE-38-67-38-42-5E-36-63-40-FC-AF-D3-57-D6-4A-07-D9-10-24-7A">
      <Summary numSequencePoints="286" visitedSequencePoints="168" numBranchPoints="116" visitedBranchPoints="79" sequenceCoverage="58.74" branchCoverage="68.10" maxCyclomaticComplexity="6" minCyclomaticComplexity="1" visitedClasses="11" numClasses="17" visitedMethods="71" numMethods="94" />
      <ModulePath>C:\Users\developer\Documents\projects\GHArkanis\Tests\Arkanis.FunctionalTests\bin\Debug\Arkanis.Repositories.dll</ModulePath>
      <ModuleTime>2017-09-09T02:24:44.9029552Z</ModuleTime>
      <ModuleName>Arkanis.Repositories</ModuleName>
      <Files>
        <File uid="5" fullPath="C:\Users\developer\Documents\projects\GHArkanis\Code\Arkanis.Repositories\DataStoreFactory.cs" />
        <File uid="6" fullPath="C:\Users\developer\Documents\projects\GHArkanis\Code\Arkanis.Repositories\MultipleDbConfiguration.cs" />
        <File uid="7" fullPath="C:\Users\developer\Documents\projects\GHArkanis\Code\Arkanis.Repositories\ProductApplicationRepository.cs" />
        <File uid="11" fullPath="C:\Users\developer\Documents\projects\GHArkanis\Code\Arkanis.Repositories\ProductMemoryRepository.cs" />
        <File uid="15" fullPath="C:\Users\developer\Documents\projects\GHArkanis\Code\Arkanis.Repositories\ProductRepository.cs" />
        <File uid="17" fullPath="C:\Users\developer\Documents\projects\GHArkanis\Code\Arkanis.Repositories\CategoryRepository.cs" />
        <File uid="18" fullPath="C:\Users\developer\Documents\projects\GHArkanis\Code\Arkanis.Repositories\DataModel\Arkanis.Context.cs" />
        <File uid="20" fullPath="C:\Users\developer\Documents\projects\GHArkanis\Code\Arkanis.Repositories\DataModel\Product.cs" />
        <File uid="21" fullPath="C:\Users\developer\Documents\projects\GHArkanis\Code\Arkanis.Repositories\DataModel\Category.cs" />
      </Files>
      <Classes>
        <Class>
          <Summary numSequencePoints="0" visitedSequencePoints="0" numBranchPoints="0" visitedBranchPoints="0" sequenceCoverage="0" branchCoverage="0" maxCyclomaticComplexity="0" minCyclomaticComplexity="0" visitedClasses="0" numClasses="0" visitedMethods="0" numMethods="0" />
          <FullName>&lt;Module&gt;</FullName>
          <Methods />
        </Class>
        <Class>
          <Summary numSequencePoints="10" visitedSequencePoints="10" numBranchPoints="8" visitedBranchPoints="8" sequenceCoverage="100" branchCoverage="100" maxCyclomaticComplexity="4" minCyclomaticComplexity="1" visitedClasses="1" numClasses="1" visitedMethods="2" numMethods="2" />
          <FullName>Arkanis.Repositories.DataStoreFactory</FullName>
          <Methods>
            <Method visited="true" cyclomaticComplexity="1" nPathComplexity="0" sequenceCoverage="100" branchCoverage="100" isConstructor="true" isStatic="false" isGetter="false" isSetter="false">
              <Summary numSequencePoints="4" visitedSequencePoints="4" numBranchPoints="1" visitedBranchPoints="1" sequenceCoverage="100" branchCoverage="100" maxCyclomaticComplexity="1" minCyclomaticComplexity="1" visitedClasses="0" numClasses="0" visitedMethods="1" numMethods="1" />
              <MetadataToken>100663297</MetadataToken>
              <Name>System.Void Arkanis.Repositories.DataStoreFactory::.ctor(System.String)</Name>
              <FileRef uid="5" />
              <SequencePoints>
                <SequencePoint vc="3" uspid="66" ordinal="0" offset="0" sl="14" sc="9" el="14" ec="52" bec="0" bev="0" fileid="5" />
                <SequencePoint vc="3" uspid="67" ordinal="1" offset="7" sl="15" sc="9" el="15" ec="10" bec="0" bev="0" fileid="5" />
                <SequencePoint vc="3" uspid="68" ordinal="2" offset="8" sl="16" sc="13" el="16" ec="29" bec="0" bev="0" fileid="5" />
                <SequencePoint vc="3" uspid="69" ordinal="3" offset="15" sl="17" sc="9" el="17" ec="10" bec="0" bev="0" fileid="5" />
              </SequencePoints>
              <BranchPoints />
              <MethodPoint xsi:type="SequencePoint" vc="3" uspid="66" ordinal="0" offset="0" sl="14" sc="9" el="14" ec="52" bec="0" bev="0" fileid="5" />
            </Method>
            <Method visited="true" cyclomaticComplexity="4" nPathComplexity="8" sequenceCoverage="100" branchCoverage="100" isConstructor="false" isStatic="false" isGetter="false" isSetter="false">
              <Summary numSequencePoints="6" visitedSequencePoints="6" numBranchPoints="7" visitedBranchPoints="7" sequenceCoverage="100" branchCoverage="100" maxCyclomaticComplexity="4" minCyclomaticComplexity="4" visitedClasses="0" numClasses="0" visitedMethods="1" numMethods="1" />
              <MetadataToken>100663298</MetadataToken>
              <Name>Arkanis.Services.Repositories.IProductRepository Arkanis.Repositories.DataStoreFactory::CreateProductStore()</Name>
              <FileRef uid="5" />
              <SequencePoints>
                <SequencePoint vc="3" uspid="70" ordinal="0" offset="0" sl="19" sc="9" el="19" ec="10" bec="0" bev="0" fileid="5" />
                <SequencePoint vc="3" uspid="71" ordinal="1" offset="1" sl="20" sc="13" el="20" ec="31" bec="5" bev="5" fileid="5" />
                <SequencePoint vc="1" uspid="72" ordinal="2" offset="49" sl="23" sc="21" el="23" ec="58" bec="0" bev="0" fileid="5" />
                <SequencePoint vc="1" uspid="73" ordinal="3" offset="57" sl="25" sc="21" el="25" ec="52" bec="0" bev="0" fileid="5" />
                <SequencePoint vc="1" uspid="74" ordinal="4" offset="65" sl="28" sc="21" el="28" ec="63" bec="0" bev="0" fileid="5" />
                <SequencePoint vc="3" uspid="75" ordinal="5" offset="73" sl="30" sc="9" el="30" ec="10" bec="0" bev="0" fileid="5" />
              </SequencePoints>
              <BranchPoints>
                <BranchPoint vc="2" uspid="76" ordinal="0" offset="19" sl="20" path="0" offsetend="21" fileid="5" />
                <BranchPoint vc="1" uspid="77" ordinal="1" offset="19" sl="20" path="1" offsetend="49" fileid="5" />
                <BranchPoint vc="1" uspid="78" ordinal="2" offset="32" sl="20" path="0" offsetend="34" fileid="5" />
                <BranchPoint vc="1" uspid="79" ordinal="3" offset="32" sl="20" path="1" offsetend="57" fileid="5" />
                <BranchPoint vc="1" uspid="80" ordinal="4" offset="45" sl="20" path="0" offsetchain="47" offsetend="65" fileid="5" />
                <BranchPoint vc="1" uspid="81" ordinal="5" offset="45" sl="20" path="1" offsetend="65" fileid="5" />
              </BranchPoints>
              <MethodPoint xsi:type="SequencePoint" vc="3" uspid="70" ordinal="0" offset="0" sl="19" sc="9" el="19" ec="10" bec="0" bev="0" fileid="5" />
            </Method>
          </Methods>
        </Class>
        <Class>
          <Summary numSequencePoints="8" visitedSequencePoints="8" numBranchPoints="2" visitedBranchPoints="2" sequenceCoverage="100" branchCoverage="100" maxCyclomaticComplexity="1" minCyclomaticComplexity="1" visitedClasses="1" numClasses="1" visitedMethods="2" numMethods="2" />
          <FullName>Arkanis.Repositories.MultipleDbConfiguration</FullName>
          <Methods>
            <Method visited="true" cyclomaticComplexity="1" nPathComplexity="0" sequenceCoverage="100" branchCoverage="100" isConstructor="true" isStatic="false" isGetter="false" isSetter="false">
              <Summary numSequencePoints="4" visitedSequencePoints="4" numBranchPoints="1" visitedBranchPoints="1" sequenceCoverage="100" branchCoverage="100" maxCyclomaticComplexity="1" minCyclomaticComplexity="1" visitedClasses="0" numClasses="0" visitedMethods="1" numMethods="1" />
              <MetadataToken>100663299</MetadataToken>
              <Name>System.Void Arkanis.Repositories.MultipleDbConfiguration::.ctor()</Name>
              <FileRef uid="6" />
              <SequencePoints>
                <SequencePoint vc="1" uspid="82" ordinal="0" offset="0" sl="17" sc="9" el="17" ec="41" bec="0" bev="0" fileid="6" />
                <SequencePoint vc="1" uspid="83" ordinal="1" offset="7" sl="18" sc="9" el="18" ec="10" bec="0" bev="0" fileid="6" />
                <SequencePoint vc="1" uspid="84" ordinal="2" offset="8" sl="19" sc="13" el="19" ec="103" bec="0" bev="0" fileid="6" />
                <SequencePoint vc="1" uspid="85" ordinal="3" offset="25" sl="20" sc="9" el="20" ec="10" bec="0" bev="0" fileid="6" />
              </SequencePoints>
              <BranchPoints />
              <MethodPoint xsi:type="SequencePoint" vc="1" uspid="82" ordinal="0" offset="0" sl="17" sc="9" el="17" ec="41" bec="0" bev="0" fileid="6" />
            </Method>
            <Method visited="true" cyclomaticComplexity="1" nPathComplexity="0" sequenceCoverage="100" branchCoverage="100" isConstructor="false" isStatic="true" isGetter="false" isSetter="false">
              <Summary numSequencePoints="4" visitedSequencePoints="4" numBranchPoints="1" visitedBranchPoints="1" sequenceCoverage="100" branchCoverage="100" maxCyclomaticComplexity="1" minCyclomaticComplexity="1" visitedClasses="0" numClasses="0" visitedMethods="1" numMethods="1" />
              <MetadataToken>100663300</MetadataToken>
              <Name>System.Data.Common.DbConnection Arkanis.Repositories.MultipleDbConfiguration::GetMySqlConnection(System.String)</Name>
              <FileRef uid="6" />
              <SequencePoints>
                <SequencePoint vc="4" uspid="86" ordinal="0" offset="0" sl="27" sc="9" el="27" ec="10" bec="0" bev="0" fileid="6" />
                <SequencePoint vc="4" uspid="87" ordinal="1" offset="1" sl="28" sc="13" el="28" ec="66" bec="0" bev="0" fileid="6" />
                <SequencePoint vc="4" uspid="88" ordinal="2" offset="7" sl="30" sc="13" el="30" ec="73" bec="0" bev="0" fileid="6" />
                <SequencePoint vc="4" uspid="89" ordinal="3" offset="17" sl="31" sc="9" el="31" ec="10" bec="0" bev="0" fileid="6" />
              </SequencePoints>
              <BranchPoints />
              <MethodPoint xsi:type="SequencePoint" vc="4" uspid="86" ordinal="0" offset="0" sl="27" sc="9" el="27" ec="10" bec="0" bev="0" fileid="6" />
            </Method>
          </Methods>
        </Class>
        <Class>
          <Summary numSequencePoints="31" visitedSequencePoints="4" numBranchPoints="11" visitedBranchPoints="2" sequenceCoverage="12.90" branchCoverage="18.18" maxCyclomaticComplexity="2" minCyclomaticComplexity="1" visitedClasses="1" numClasses="1" visitedMethods="2" numMethods="7" />
          <FullName>Arkanis.Repositories.ProductApplicationRepository</FullName>
          <Methods>
            <Method visited="true" cyclomaticComplexity="2" nPathComplexity="2" sequenceCoverage="25" branchCoverage="33.33" isConstructor="false" isStatic="false" isGetter="true" isSetter="false">
              <Summary numSequencePoints="8" visitedSequencePoints="2" numBranchPoints="3" visitedBranchPoints="1" sequenceCoverage="25" branchCoverage="33.33" maxCyclomaticComplexity="2" minCyclomaticComplexity="2" visitedClasses="0" numClasses="0" visitedMethods="1" numMethods="1" />
              <MetadataToken>100663301</MetadataToken>
              <Name>System.Collections.Generic.ICollection`1&lt;Arkanis.Core.Entities.ProductEntity&gt; Arkanis.Repositories.ProductApplicationRepository::get__products()</Name>
              <FileRef uid="7" />
              <SequencePoints>
                <SequencePoint vc="1" uspid="90" ordinal="0" offset="0" sl="17" sc="13" el="17" ec="14" bec="0" bev="0" fileid="7" />
                <SequencePoint vc="1" uspid="91" ordinal="1" offset="1" sl="18" sc="17" el="18" ec="75" bec="0" bev="0" fileid="7" />
                <SequencePoint vc="0" uspid="92" ordinal="2" offset="22" sl="19" sc="17" el="19" ec="38" bec="2" bev="0" fileid="7" />
                <SequencePoint vc="0" uspid="93" ordinal="3" offset="30" sl="20" sc="17" el="20" ec="18" bec="0" bev="0" fileid="7" />
                <SequencePoint vc="0" uspid="94" ordinal="4" offset="31" sl="21" sc="21" el="21" ec="92" bec="0" bev="0" fileid="7" />
                <SequencePoint vc="0" uspid="95" ordinal="5" offset="57" sl="22" sc="17" el="22" ec="18" bec="0" bev="0" fileid="7" />
                <SequencePoint vc="0" uspid="96" ordinal="6" offset="58" sl="23" sc="17" el="23" ec="95" bec="0" bev="0" fileid="7" />
                <SequencePoint vc="0" uspid="97" ordinal="7" offset="86" sl="24" sc="13" el="24" ec="14" bec="0" bev="0" fileid="7" />
              </SequencePoints>
              <BranchPoints>
                <BranchPoint vc="0" uspid="98" ordinal="0" offset="28" sl="19" path="0" offsetend="30" fileid="7" />
                <BranchPoint vc="0" uspid="99" ordinal="1" offset="28" sl="19" path="1" offsetend="58" fileid="7" />
              </BranchPoints>
              <MethodPoint xsi:type="SequencePoint" vc="1" uspid="90" ordinal="0" offset="0" sl="17" sc="13" el="17" ec="14" bec="0" bev="0" fileid="7" />
            </Method>
            <Method visited="false" cyclomaticComplexity="1" nPathComplexity="0" sequenceCoverage="0" branchCoverage="0" isConstructor="false" isStatic="false" isGetter="false" isSetter="true">
              <Summary numSequencePoints="3" visitedSequencePoints="0" numBranchPoints="1" visitedBranchPoints="0" sequenceCoverage="0" branchCoverage="0" maxCyclomaticComplexity="1" minCyclomaticComplexity="1" visitedClasses="0" numClasses="0" visitedMethods="0" numMethods="1" />
              <MetadataToken>100663302</MetadataToken>
              <Name>System.Void Arkanis.Repositories.ProductApplicationRepository::set__products(System.Collections.Generic.ICollection`1&lt;Arkanis.Core.Entities.ProductEntity&gt;)</Name>
              <FileRef uid="7" />
              <SequencePoints>
                <SequencePoint vc="0" uspid="100" ordinal="0" offset="0" sl="26" sc="13" el="26" ec="14" bec="0" bev="0" fileid="7" />
                <SequencePoint vc="0" uspid="101" ordinal="1" offset="1" sl="27" sc="17" el="27" ec="68" bec="0" bev="0" fileid="7" />
                <SequencePoint vc="0" uspid="102" ordinal="2" offset="23" sl="28" sc="13" el="28" ec="14" bec="0" bev="0" fileid="7" />
              </SequencePoints>
              <BranchPoints />
              <MethodPoint xsi:type="SequencePoint" vc="0" uspid="100" ordinal="0" offset="0" sl="26" sc="13" el="26" ec="14" bec="0" bev="0" fileid="7" />
            </Method>
            <Method visited="true" cyclomaticComplexity="1" nPathComplexity="0" sequenceCoverage="33.33" branchCoverage="100" isConstructor="false" isStatic="false" isGetter="false" isSetter="false">
              <Summary numSequencePoints="6" visitedSequencePoints="2" numBranchPoints="1" visitedBranchPoints="1" sequenceCoverage="33.33" branchCoverage="100" maxCyclomaticComplexity="1" minCyclomaticComplexity="1" visitedClasses="0" numClasses="0" visitedMethods="1" numMethods="1" />
              <MetadataToken>100663303</MetadataToken>
              <Name>System.Int32 Arkanis.Repositories.ProductApplicationRepository::Create(Arkanis.Core.Entities.ProductEntity)</Name>
              <FileRef uid="7" />
              <SequencePoints>
                <SequencePoint vc="1" uspid="103" ordinal="0" offset="0" sl="32" sc="9" el="32" ec="10" bec="0" bev="0" fileid="7" />
                <SequencePoint vc="1" uspid="104" ordinal="1" offset="1" sl="33" sc="13" el="33" ec="41" bec="0" bev="0" fileid="7" />
                <SequencePoint vc="0" uspid="105" ordinal="2" offset="13" sl="34" sc="13" el="34" ec="32" bec="0" bev="0" fileid="7" />
                <SequencePoint vc="0" uspid="106" ordinal="3" offset="25" sl="35" sc="13" el="35" ec="34" bec="0" bev="0" fileid="7" />
                <SequencePoint vc="0" uspid="107" ordinal="4" offset="38" sl="36" sc="13" el="36" ec="29" bec="0" bev="0" fileid="7" />
                <SequencePoint vc="0" uspid="108" ordinal="5" offset="47" sl="37" sc="9" el="37" ec="10" bec="0" bev="0" fileid="7" />
              </SequencePoints>
              <BranchPoints />
              <MethodPoint xsi:type="SequencePoint" vc="1" uspid="103" ordinal="0" offset="0" sl="32" sc="9" el="32" ec="10" bec="0" bev="0" fileid="7" />
            </Method>
            <Method visited="false" cyclomaticComplexity="2" nPathComplexity="2" sequenceCoverage="0" branchCoverage="0" isConstructor="false" isStatic="false" isGetter="false" isSetter="false">
              <Summary numSequencePoints="5" visitedSequencePoints="0" numBranchPoints="3" visitedBranchPoints="0" sequenceCoverage="0" branchCoverage="0" maxCyclomaticComplexity="2" minCyclomaticComplexity="2" visitedClasses="0" numClasses="0" visitedMethods="0" numMethods="1" />
              <MetadataToken>100663304</MetadataToken>
              <Name>System.Void Arkanis.Repositories.ProductApplicationRepository::Delete(System.Int32)</Name>
              <FileRef uid="7" />
              <SequencePoints>
                <SequencePoint vc="0" uspid="109" ordinal="0" offset="13" sl="40" sc="9" el="40" ec="10" bec="0" bev="0" fileid="7" />
                <SequencePoint vc="0" uspid="110" ordinal="1" offset="14" sl="41" sc="13" el="41" ec="74" bec="0" bev="0" fileid="7" />
                <SequencePoint vc="0" uspid="111" ordinal="2" offset="43" sl="42" sc="13" el="42" ec="30" bec="2" bev="0" fileid="7" />
                <SequencePoint vc="0" uspid="112" ordinal="3" offset="51" sl="43" sc="17" el="43" ec="40" bec="0" bev="0" fileid="7" />
                <SequencePoint vc="0" uspid="113" ordinal="4" offset="64" sl="44" sc="9" el="44" ec="10" bec="0" bev="0" fileid="7" />
              </SequencePoints>
              <BranchPoints>
                <BranchPoint vc="0" uspid="114" ordinal="0" offset="49" sl="42" path="0" offsetend="51" fileid="7" />
                <BranchPoint vc="0" uspid="115" ordinal="1" offset="49" sl="42" path="1" offsetend="64" fileid="7" />
              </BranchPoints>
              <MethodPoint vc="0" uspid="116" ordinal="0" offset="0" />
            </Method>
            <Method visited="false" cyclomaticComplexity="1" nPathComplexity="0" sequenceCoverage="0" branchCoverage="0" isConstructor="false" isStatic="false" isGetter="false" isSetter="false">
              <Summary numSequencePoints="3" visitedSequencePoints="0" numBranchPoints="1" visitedBranchPoints="0" sequenceCoverage="0" branchCoverage="0" maxCyclomaticComplexity="1" minCyclomaticComplexity="1" visitedClasses="0" numClasses="0" visitedMethods="0" numMethods="1" />
              <MetadataToken>100663305</MetadataToken>
              <Name>Arkanis.Core.Entities.ProductEntity Arkanis.Repositories.ProductApplicationRepository::Get(System.String,System.String)</Name>
              <FileRef uid="7" />
              <SequencePoints>
                <SequencePoint vc="0" uspid="117" ordinal="0" offset="20" sl="47" sc="9" el="47" ec="10" bec="0" bev="0" fileid="7" />
                <SequencePoint vc="0" uspid="118" ordinal="1" offset="21" sl="48" sc="13" el="48" ec="103" bec="0" bev="0" fileid="7" />
                <SequencePoint vc="0" uspid="119" ordinal="2" offset="52" sl="49" sc="9" el="49" ec="10" bec="0" bev="0" fileid="7" />
              </SequencePoints>
              <BranchPoints />
              <MethodPoint vc="0" uspid="120" ordinal="0" offset="0" />
            </Method>
            <Method visited="false" cyclomaticComplexity="1" nPathComplexity="0" sequenceCoverage="0" branchCoverage="0" isConstructor="false" isStatic="false" isGetter="false" isSetter="false">
              <Summary numSequencePoints="3" visitedSequencePoints="0" numBranchPoints="1" visitedBranchPoints="0" sequenceCoverage="0" branchCoverage="0" maxCyclomaticComplexity="1" minCyclomaticComplexity="1" visitedClasses="0" numClasses="0" visitedMethods="0" numMethods="1" />
              <MetadataToken>100663306</MetadataToken>
              <Name>System.Collections.Generic.IEnumerable`1&lt;Arkanis.Core.Entities.ProductEntity&gt; Arkanis.Repositories.ProductApplicationRepository::GetAll()</Name>
              <FileRef uid="7" />
              <SequencePoints>
                <SequencePoint vc="0" uspid="121" ordinal="0" offset="0" sl="52" sc="9" el="52" ec="10" bec="0" bev="0" fileid="7" />
                <SequencePoint vc="0" uspid="122" ordinal="1" offset="1" sl="53" sc="13" el="53" ec="30" bec="0" bev="0" fileid="7" />
                <SequencePoint vc="0" uspid="123" ordinal="2" offset="10" sl="54" sc="9" el="54" ec="10" bec="0" bev="0" fileid="7" />
              </SequencePoints>
              <BranchPoints />
              <MethodPoint xsi:type="SequencePoint" vc="0" uspid="121" ordinal="0" offset="0" sl="52" sc="9" el="52" ec="10" bec="0" bev="0" fileid="7" />
            </Method>
            <Method visited="false" cyclomaticComplexity="1" nPathComplexity="0" sequenceCoverage="0" branchCoverage="0" isConstructor="false" isStatic="false" isGetter="false" isSetter="false">
              <Summary numSequencePoints="3" visitedSequencePoints="0" numBranchPoints="1" visitedBranchPoints="0" sequenceCoverage="0" branchCoverage="0" maxCyclomaticComplexity="1" minCyclomaticComplexity="1" visitedClasses="0" numClasses="0" visitedMethods="0" numMethods="1" />
              <MetadataToken>100663307</MetadataToken>
              <Name>System.Collections.Generic.IEnumerable`1&lt;Arkanis.Core.Entities.ProductEntity&gt; Arkanis.Repositories.ProductApplicationRepository::Search(System.String)</Name>
              <FileRef uid="7" />
              <SequencePoints>
                <SequencePoint vc="0" uspid="124" ordinal="0" offset="13" sl="57" sc="9" el="57" ec="10" bec="0" bev="0" fileid="7" />
                <SequencePoint vc="0" uspid="125" ordinal="1" offset="14" sl="58" sc="13" el="58" ec="63" bec="0" bev="0" fileid="7" />
                <SequencePoint vc="0" uspid="126" ordinal="2" offset="40" sl="59" sc="9" el="59" ec="10" bec="0" bev="0" fileid="7" />
              </SequencePoints>
              <BranchPoints />
              <MethodPoint vc="0" uspid="127" ordinal="0" offset="0" />
            </Method>
            <Method visited="true" cyclomaticComplexity="1" nPathComplexity="0" sequenceCoverage="0" branchCoverage="0" isConstructor="true" isStatic="false" isGetter="false" isSetter="false">
              <Summary numSequencePoints="0" visitedSequencePoints="0" numBranchPoints="0" visitedBranchPoints="0" sequenceCoverage="0" branchCoverage="0" maxCyclomaticComplexity="1" minCyclomaticComplexity="1" visitedClasses="0" numClasses="0" visitedMethods="0" numMethods="0" />
              <MetadataToken>100663308</MetadataToken>
              <Name>System.Void Arkanis.Repositories.ProductApplicationRepository::.ctor()</Name>
              <SequencePoints />
              <BranchPoints />
              <MethodPoint vc="1" uspid="128" ordinal="0" offset="0" />
            </Method>
          </Methods>
        </Class>
        <Class>
          <Summary numSequencePoints="1" visitedSequencePoints="0" numBranchPoints="1" visitedBranchPoints="0" sequenceCoverage="0" branchCoverage="0" maxCyclomaticComplexity="1" minCyclomaticComplexity="1" visitedClasses="0" numClasses="1" visitedMethods="0" numMethods="1" />
          <FullName>Arkanis.Repositories.ProductApplicationRepository/&lt;&gt;c__DisplayClass4_0</FullName>
          <Methods>
            <Method visited="false" cyclomaticComplexity="1" nPathComplexity="0" sequenceCoverage="0" branchCoverage="0" isConstructor="true" isStatic="false" isGetter="false" isSetter="false">
              <Summary numSequencePoints="0" visitedSequencePoints="0" numBranchPoints="0" visitedBranchPoints="0" sequenceCoverage="0" branchCoverage="0" maxCyclomaticComplexity="1" minCyclomaticComplexity="1" visitedClasses="0" numClasses="0" visitedMethods="0" numMethods="0" />
              <MetadataToken>100663384</MetadataToken>
              <Name>System.Void Arkanis.Repositories.ProductApplicationRepository/&lt;&gt;c__DisplayClass4_0::.ctor()</Name>
              <SequencePoints />
              <BranchPoints />
              <MethodPoint vc="0" uspid="129" ordinal="0" offset="0" />
            </Method>
            <Method visited="false" cyclomaticComplexity="1" nPathComplexity="0" sequenceCoverage="0" branchCoverage="0" isConstructor="false" isStatic="false" isGetter="false" isSetter="false">
              <Summary numSequencePoints="1" visitedSequencePoints="0" numBranchPoints="1" visitedBranchPoints="0" sequenceCoverage="0" branchCoverage="0" maxCyclomaticComplexity="1" minCyclomaticComplexity="1" visitedClasses="0" numClasses="0" visitedMethods="0" numMethods="1" />
              <MetadataToken>100663385</MetadataToken>
              <Name>System.Boolean Arkanis.Repositories.ProductApplicationRepository/&lt;&gt;c__DisplayClass4_0::&lt;Delete&gt;b__0(Arkanis.Core.Entities.ProductEntity)</Name>
              <FileRef uid="7" />
              <SequencePoints>
                <SequencePoint vc="0" uspid="130" ordinal="0" offset="0" sl="41" sc="45" el="41" ec="55" bec="0" bev="0" fileid="7" />
              </SequencePoints>
              <BranchPoints />
              <MethodPoint xsi:type="SequencePoint" vc="0" uspid="130" ordinal="0" offset="0" sl="41" sc="45" el="41" ec="55" bec="0" bev="0" fileid="7" />
            </Method>
          </Methods>
        </Class>
        <Class>
          <Summary numSequencePoints="1" visitedSequencePoints="0" numBranchPoints="1" visitedBranchPoints="0" sequenceCoverage="0" branchCoverage="0" maxCyclomaticComplexity="2" minCyclomaticComplexity="1" visitedClasses="0" numClasses="1" visitedMethods="0" numMethods="1" />
          <FullName>Arkanis.Repositories.ProductApplicationRepository/&lt;&gt;c__DisplayClass5_0</FullName>
          <Methods>
            <Method visited="false" cyclomaticComplexity="1" nPathComplexity="0" sequenceCoverage="0" branchCoverage="0" isConstructor="true" isStatic="false" isGetter="false" isSetter="false">
              <Summary numSequencePoints="0" visitedSequencePoints="0" numBranchPoints="0" visitedBranchPoints="0" sequenceCoverage="0" branchCoverage="0" maxCyclomaticComplexity="1" minCyclomaticComplexity="1" visitedClasses="0" numClasses="0" visitedMethods="0" numMethods="0" />
              <MetadataToken>100663386</MetadataToken>
              <Name>System.Void Arkanis.Repositories.ProductApplicationRepository/&lt;&gt;c__DisplayClass5_0::.ctor()</Name>
              <SequencePoints />
              <BranchPoints />
              <MethodPoint vc="0" uspid="131" ordinal="0" offset="0" />
            </Method>
            <Method visited="false" cyclomaticComplexity="2" nPathComplexity="0" sequenceCoverage="0" branchCoverage="0" isConstructor="false" isStatic="false" isGetter="false" isSetter="false">
              <Summary numSequencePoints="1" visitedSequencePoints="0" numBranchPoints="1" visitedBranchPoints="0" sequenceCoverage="0" branchCoverage="0" maxCyclomaticComplexity="2" minCyclomaticComplexity="2" visitedClasses="0" numClasses="0" visitedMethods="0" numMethods="1" />
              <MetadataToken>100663387</MetadataToken>
              <Name>System.Boolean Arkanis.Repositories.ProductApplicationRepository/&lt;&gt;c__DisplayClass5_0::&lt;Get&gt;b__0(Arkanis.Core.Entities.ProductEntity)</Name>
              <FileRef uid="7" />
              <SequencePoints>
                <SequencePoint vc="0" uspid="132" ordinal="0" offset="0" sl="48" sc="41" el="48" ec="84" bec="0" bev="0" fileid="7" />
              </SequencePoints>
              <BranchPoints />
              <MethodPoint xsi:type="SequencePoint" vc="0" uspid="132" ordinal="0" offset="0" sl="48" sc="41" el="48" ec="84" bec="0" bev="0" fileid="7" />
            </Method>
          </Methods>
        </Class>
        <Class>
          <Summary numSequencePoints="1" visitedSequencePoints="0" numBranchPoints="1" visitedBranchPoints="0" sequenceCoverage="0" branchCoverage="0" maxCyclomaticComplexity="1" minCyclomaticComplexity="1" visitedClasses="0" numClasses="1" visitedMethods="0" numMethods="1" />
          <FullName>Arkanis.Repositories.ProductApplicationRepository/&lt;&gt;c__DisplayClass7_0</FullName>
          <Methods>
            <Method visited="false" cyclomaticComplexity="1" nPathComplexity="0" sequenceCoverage="0" branchCoverage="0" isConstructor="true" isStatic="false" isGetter="false" isSetter="false">
              <Summary numSequencePoints="0" visitedSequencePoints="0" numBranchPoints="0" visitedBranchPoints="0" sequenceCoverage="0" branchCoverage="0" maxCyclomaticComplexity="1" minCyclomaticComplexity="1" visitedClasses="0" numClasses="0" visitedMethods="0" numMethods="0" />
              <MetadataToken>100663388</MetadataToken>
              <Name>System.Void Arkanis.Repositories.ProductApplicationRepository/&lt;&gt;c__DisplayClass7_0::.ctor()</Name>
              <SequencePoints />
              <BranchPoints />
              <MethodPoint vc="0" uspid="135" ordinal="0" offset="0" />
            </Method>
            <Method visited="false" cyclomaticComplexity="1" nPathComplexity="0" sequenceCoverage="0" branchCoverage="0" isConstructor="false" isStatic="false" isGetter="false" isSetter="false">
              <Summary numSequencePoints="1" visitedSequencePoints="0" numBranchPoints="1" visitedBranchPoints="0" sequenceCoverage="0" branchCoverage="0" maxCyclomaticComplexity="1" minCyclomaticComplexity="1" visitedClasses="0" numClasses="0" visitedMethods="0" numMethods="1" />
              <MetadataToken>100663389</MetadataToken>
              <Name>System.Boolean Arkanis.Repositories.ProductApplicationRepository/&lt;&gt;c__DisplayClass7_0::&lt;Search&gt;b__0(Arkanis.Core.Entities.ProductEntity)</Name>
              <FileRef uid="7" />
              <SequencePoints>
                <SequencePoint vc="0" uspid="136" ordinal="0" offset="0" sl="58" sc="41" el="58" ec="61" bec="0" bev="0" fileid="7" />
              </SequencePoints>
              <BranchPoints />
              <MethodPoint xsi:type="SequencePoint" vc="0" uspid="136" ordinal="0" offset="0" sl="58" sc="41" el="58" ec="61" bec="0" bev="0" fileid="7" />
            </Method>
          </Methods>
        </Class>
        <Class>
          <Summary numSequencePoints="21" visitedSequencePoints="10" numBranchPoints="8" visitedBranchPoints="3" sequenceCoverage="47.62" branchCoverage="37.5" maxCyclomaticComplexity="2" minCyclomaticComplexity="1" visitedClasses="1" numClasses="1" visitedMethods="3" numMethods="6" />
          <FullName>Arkanis.Repositories.ProductMemoryRepository</FullName>
          <Methods>
            <Method visited="true" cyclomaticComplexity="1" nPathComplexity="0" sequenceCoverage="100" branchCoverage="100" isConstructor="false" isStatic="false" isGetter="false" isSetter="false">
              <Summary numSequencePoints="6" visitedSequencePoints="6" numBranchPoints="1" visitedBranchPoints="1" sequenceCoverage="100" branchCoverage="100" maxCyclomaticComplexity="1" minCyclomaticComplexity="1" visitedClasses="0" numClasses="0" visitedMethods="1" numMethods="1" />
              <MetadataToken>100663309</MetadataToken>
              <Name>System.Int32 Arkanis.Repositories.ProductMemoryRepository::Create(Arkanis.Core.Entities.ProductEntity)</Name>
              <FileRef uid="11" />
              <SequencePoints>
                <SequencePoint vc="1" uspid="137" ordinal="0" offset="0" sl="15" sc="9" el="15" ec="10" bec="0" bev="0" fileid="11" />
                <SequencePoint vc="1" uspid="138" ordinal="1" offset="1" sl="16" sc="13" el="16" ec="47" bec="0" bev="0" fileid="11" />
                <SequencePoint vc="1" uspid="139" ordinal="2" offset="12" sl="17" sc="13" el="17" ec="32" bec="0" bev="0" fileid="11" />
                <SequencePoint vc="1" uspid="140" ordinal="3" offset="24" sl="18" sc="13" el="18" ec="40" bec="0" bev="0" fileid="11" />
                <SequencePoint vc="1" uspid="141" ordinal="4" offset="36" sl="19" sc="13" el="19" ec="29" bec="0" bev="0" fileid="11" />
                <SequencePoint vc="1" uspid="142" ordinal="5" offset="45" sl="20" sc="9" el="20" ec="10" bec="0" bev="0" fileid="11" />
              </SequencePoints>
              <BranchPoints />
              <MethodPoint xsi:type="SequencePoint" vc="1" uspid="137" ordinal="0" offset="0" sl="15" sc="9" el="15" ec="10" bec="0" bev="0" fileid="11" />
            </Method>
            <Method visited="false" cyclomaticComplexity="2" nPathComplexity="2" sequenceCoverage="0" branchCoverage="0" isConstructor="false" isStatic="false" isGetter="false" isSetter="false">
              <Summary numSequencePoints="5" visitedSequencePoints="0" numBranchPoints="3" visitedBranchPoints="0" sequenceCoverage="0" branchCoverage="0" maxCyclomaticComplexity="2" minCyclomaticComplexity="2" visitedClasses="0" numClasses="0" visitedMethods="0" numMethods="1" />
              <MetadataToken>100663310</MetadataToken>
              <Name>System.Void Arkanis.Repositories.ProductMemoryRepository::Delete(System.Int32)</Name>
              <FileRef uid="11" />
              <SequencePoints>
                <SequencePoint vc="0" uspid="143" ordinal="0" offset="13" sl="23" sc="9" el="23" ec="10" bec="0" bev="0" fileid="11" />
                <SequencePoint vc="0" uspid="144" ordinal="1" offset="14" sl="24" sc="13" el="24" ec="80" bec="0" bev="0" fileid="11" />
                <SequencePoint vc="0" uspid="145" ordinal="2" offset="42" sl="25" sc="13" el="25" ec="30" bec="2" bev="0" fileid="11" />
                <SequencePoint vc="0" uspid="146" ordinal="3" offset="50" sl="26" sc="17" el="26" ec="46" bec="0" bev="0" fileid="11" />
                <SequencePoint vc="0" uspid="147" ordinal="4" offset="62" sl="27" sc="9" el="27" ec="10" bec="0" bev="0" fileid="11" />
              </SequencePoints>
              <BranchPoints>
                <BranchPoint vc="0" uspid="148" ordinal="0" offset="48" sl="25" path="0" offsetend="50" fileid="11" />
                <BranchPoint vc="0" uspid="149" ordinal="1" offset="48" sl="25" path="1" offsetend="62" fileid="11" />
              </BranchPoints>
              <MethodPoint vc="0" uspid="150" ordinal="0" offset="0" />
            </Method>
            <Method visited="true" cyclomaticComplexity="1" nPathComplexity="0" sequenceCoverage="100" branchCoverage="100" isConstructor="false" isStatic="false" isGetter="false" isSetter="false">
              <Summary numSequencePoints="3" visitedSequencePoints="3" numBranchPoints="1" visitedBranchPoints="1" sequenceCoverage="100" branchCoverage="100" maxCyclomaticComplexity="1" minCyclomaticComplexity="1" visitedClasses="0" numClasses="0" visitedMethods="1" numMethods="1" />
              <MetadataToken>100663311</MetadataToken>
              <Name>Arkanis.Core.Entities.ProductEntity Arkanis.Repositories.ProductMemoryRepository::Get(System.String,System.String)</Name>
              <FileRef uid="11" />
              <SequencePoints>
                <SequencePoint vc="1" uspid="151" ordinal="0" offset="20" sl="30" sc="9" el="30" ec="10" bec="0" bev="0" fileid="11" />
                <SequencePoint vc="1" uspid="152" ordinal="1" offset="21" sl="31" sc="13" el="31" ec="109" bec="0" bev="0" fileid="11" />
                <SequencePoint vc="1" uspid="153" ordinal="2" offset="51" sl="32" sc="9" el="32" ec="10" bec="0" bev="0" fileid="11" />
              </SequencePoints>
              <BranchPoints />
              <MethodPoint vc="1" uspid="154" ordinal="0" offset="0" />
            </Method>
            <Method visited="false" cyclomaticComplexity="1" nPathComplexity="0" sequenceCoverage="0" branchCoverage="0" isConstructor="false" isStatic="false" isGetter="false" isSetter="false">
              <Summary numSequencePoints="3" visitedSequencePoints="0" numBranchPoints="1" visitedBranchPoints="0" sequenceCoverage="0" branchCoverage="0" maxCyclomaticComplexity="1" minCyclomaticComplexity="1" visitedClasses="0" numClasses="0" visitedMethods="0" numMethods="1" />
              <MetadataToken>100663312</MetadataToken>
              <Name>System.Collections.Generic.IEnumerable`1&lt;Arkanis.Core.Entities.ProductEntity&gt; Arkanis.Repositories.ProductMemoryRepository::GetAll()</Name>
              <FileRef uid="11" />
              <SequencePoints>
                <SequencePoint vc="0" uspid="155" ordinal="0" offset="0" sl="35" sc="9" el="35" ec="10" bec="0" bev="0" fileid="11" />
                <SequencePoint vc="0" uspid="156" ordinal="1" offset="1" sl="36" sc="13" el="36" ec="36" bec="0" bev="0" fileid="11" />
                <SequencePoint vc="0" uspid="157" ordinal="2" offset="9" sl="37" sc="9" el="37" ec="10" bec="0" bev="0" fileid="11" />
              </SequencePoints>
              <BranchPoints />
              <MethodPoint xsi:type="SequencePoint" vc="0" uspid="155" ordinal="0" offset="0" sl="35" sc="9" el="35" ec="10" bec="0" bev="0" fileid="11" />
            </Method>
            <Method visited="false" cyclomaticComplexity="1" nPathComplexity="0" sequenceCoverage="0" branchCoverage="0" isConstructor="false" isStatic="false" isGetter="false" isSetter="false">
              <Summary numSequencePoints="3" visitedSequencePoints="0" numBranchPoints="1" visitedBranchPoints="0" sequenceCoverage="0" branchCoverage="0" maxCyclomaticComplexity="1" minCyclomaticComplexity="1" visitedClasses="0" numClasses="0" visitedMethods="0" numMethods="1" />
              <MetadataToken>100663313</MetadataToken>
              <Name>System.Collections.Generic.IEnumerable`1&lt;Arkanis.Core.Entities.ProductEntity&gt; Arkanis.Repositories.ProductMemoryRepository::Search(System.String)</Name>
              <FileRef uid="11" />
              <SequencePoints>
                <SequencePoint vc="0" uspid="158" ordinal="0" offset="13" sl="40" sc="9" el="40" ec="10" bec="0" bev="0" fileid="11" />
                <SequencePoint vc="0" uspid="159" ordinal="1" offset="14" sl="41" sc="13" el="41" ec="69" bec="0" bev="0" fileid="11" />
                <SequencePoint vc="0" uspid="160" ordinal="2" offset="39" sl="42" sc="9" el="42" ec="10" bec="0" bev="0" fileid="11" />
              </SequencePoints>
              <BranchPoints />
              <MethodPoint vc="0" uspid="161" ordinal="0" offset="0" />
            </Method>
            <Method visited="true" cyclomaticComplexity="1" nPathComplexity="0" sequenceCoverage="0" branchCoverage="0" isConstructor="true" isStatic="false" isGetter="false" isSetter="false">
              <Summary numSequencePoints="0" visitedSequencePoints="0" numBranchPoints="0" visitedBranchPoints="0" sequenceCoverage="0" branchCoverage="0" maxCyclomaticComplexity="1" minCyclomaticComplexity="1" visitedClasses="0" numClasses="0" visitedMethods="0" numMethods="0" />
              <MetadataToken>100663314</MetadataToken>
              <Name>System.Void Arkanis.Repositories.ProductMemoryRepository::.ctor()</Name>
              <SequencePoints />
              <BranchPoints />
              <MethodPoint vc="1" uspid="162" ordinal="0" offset="0" />
            </Method>
            <Method visited="true" cyclomaticComplexity="1" nPathComplexity="0" sequenceCoverage="100" branchCoverage="100" isConstructor="true" isStatic="true" isGetter="false" isSetter="false">
              <Summary numSequencePoints="1" visitedSequencePoints="1" numBranchPoints="1" visitedBranchPoints="1" sequenceCoverage="100" branchCoverage="100" maxCyclomaticComplexity="1" minCyclomaticComplexity="1" visitedClasses="0" numClasses="0" visitedMethods="1" numMethods="1" />
              <MetadataToken>100663315</MetadataToken>
              <Name>System.Void Arkanis.Repositories.ProductMemoryRepository::.cctor()</Name>
              <FileRef uid="11" />
              <SequencePoints>
                <SequencePoint vc="1" uspid="163" ordinal="0" offset="0" sl="13" sc="9" el="13" ec="96" bec="0" bev="0" fileid="11" />
              </SequencePoints>
              <BranchPoints />
              <MethodPoint xsi:type="SequencePoint" vc="1" uspid="163" ordinal="0" offset="0" sl="13" sc="9" el="13" ec="96" bec="0" bev="0" fileid="11" />
            </Method>
          </Methods>
        </Class>
        <Class>
          <Summary numSequencePoints="1" visitedSequencePoints="0" numBranchPoints="1" visitedBranchPoints="0" sequenceCoverage="0" branchCoverage="0" maxCyclomaticComplexity="1" minCyclomaticComplexity="1" visitedClasses="0" numClasses="1" visitedMethods="0" numMethods="1" />
          <FullName>Arkanis.Repositories.ProductMemoryRepository/&lt;&gt;c__DisplayClass2_0</FullName>
          <Methods>
            <Method visited="false" cyclomaticComplexity="1" nPathComplexity="0" sequenceCoverage="0" branchCoverage="0" isConstructor="true" isStatic="false" isGetter="false" isSetter="false">
              <Summary numSequencePoints="0" visitedSequencePoints="0" numBranchPoints="0" visitedBranchPoints="0" sequenceCoverage="0" branchCoverage="0" maxCyclomaticComplexity="1" minCyclomaticComplexity="1" visitedClasses="0" numClasses="0" visitedMethods="0" numMethods="0" />
              <MetadataToken>100663390</MetadataToken>
              <Name>System.Void Arkanis.Repositories.ProductMemoryRepository/&lt;&gt;c__DisplayClass2_0::.ctor()</Name>
              <SequencePoints />
              <BranchPoints />
              <MethodPoint vc="0" uspid="164" ordinal="0" offset="0" />
            </Method>
            <Method visited="false" cyclomaticComplexity="1" nPathComplexity="0" sequenceCoverage="0" branchCoverage="0" isConstructor="false" isStatic="false" isGetter="false" isSetter="false">
              <Summary numSequencePoints="1" visitedSequencePoints="0" numBranchPoints="1" visitedBranchPoints="0" sequenceCoverage="0" branchCoverage="0" maxCyclomaticComplexity="1" minCyclomaticComplexity="1" visitedClasses="0" numClasses="0" visitedMethods="0" numMethods="1" />
              <MetadataToken>100663391</MetadataToken>
              <Name>System.Boolean Arkanis.Repositories.ProductMemoryRepository/&lt;&gt;c__DisplayClass2_0::&lt;Delete&gt;b__0(Arkanis.Core.Entities.ProductEntity)</Name>
              <FileRef uid="11" />
              <SequencePoints>
                <SequencePoint vc="0" uspid="165" ordinal="0" offset="0" sl="24" sc="51" el="24" ec="61" bec="0" bev="0" fileid="11" />
              </SequencePoints>
              <BranchPoints />
              <MethodPoint xsi:type="SequencePoint" vc="0" uspid="165" ordinal="0" offset="0" sl="24" sc="51" el="24" ec="61" bec="0" bev="0" fileid="11" />
            </Method>
          </Methods>
        </Class>
        <Class>
          <Summary numSequencePoints="1" visitedSequencePoints="1" numBranchPoints="1" visitedBranchPoints="1" sequenceCoverage="100" branchCoverage="100" maxCyclomaticComplexity="2" minCyclomaticComplexity="1" visitedClasses="1" numClasses="1" visitedMethods="1" numMethods="1" />
          <FullName>Arkanis.Repositories.ProductMemoryRepository/&lt;&gt;c__DisplayClass3_0</FullName>
          <Methods>
            <Method visited="true" cyclomaticComplexity="1" nPathComplexity="0" sequenceCoverage="0" branchCoverage="0" isConstructor="true" isStatic="false" isGetter="false" isSetter="false">
              <Summary numSequencePoints="0" visitedSequencePoints="0" numBranchPoints="0" visitedBranchPoints="0" sequenceCoverage="0" branchCoverage="0" maxCyclomaticComplexity="1" minCyclomaticComplexity="1" visitedClasses="0" numClasses="0" visitedMethods="0" numMethods="0" />
              <MetadataToken>100663392</MetadataToken>
              <Name>System.Void Arkanis.Repositories.ProductMemoryRepository/&lt;&gt;c__DisplayClass3_0::.ctor()</Name>
              <SequencePoints />
              <BranchPoints />
              <MethodPoint vc="1" uspid="166" ordinal="0" offset="0" />
            </Method>
            <Method visited="true" cyclomaticComplexity="2" nPathComplexity="0" sequenceCoverage="100" branchCoverage="100" isConstructor="false" isStatic="false" isGetter="false" isSetter="false">
              <Summary numSequencePoints="1" visitedSequencePoints="1" numBranchPoints="1" visitedBranchPoints="1" sequenceCoverage="100" branchCoverage="100" maxCyclomaticComplexity="2" minCyclomaticComplexity="2" visitedClasses="0" numClasses="0" visitedMethods="1" numMethods="1" />
              <MetadataToken>100663393</MetadataToken>
              <Name>System.Boolean Arkanis.Repositories.ProductMemoryRepository/&lt;&gt;c__DisplayClass3_0::&lt;Get&gt;b__0(Arkanis.Core.Entities.ProductEntity)</Name>
              <FileRef uid="11" />
              <SequencePoints>
                <SequencePoint vc="1" uspid="167" ordinal="0" offset="0" sl="31" sc="47" el="31" ec="90" bec="0" bev="0" fileid="11" />
              </SequencePoints>
              <BranchPoints />
              <MethodPoint xsi:type="SequencePoint" vc="1" uspid="167" ordinal="0" offset="0" sl="31" sc="47" el="31" ec="90" bec="0" bev="0" fileid="11" />
            </Method>
          </Methods>
        </Class>
        <Class>
          <Summary numSequencePoints="1" visitedSequencePoints="0" numBranchPoints="1" visitedBranchPoints="0" sequenceCoverage="0" branchCoverage="0" maxCyclomaticComplexity="1" minCyclomaticComplexity="1" visitedClasses="0" numClasses="1" visitedMethods="0" numMethods="1" />
          <FullName>Arkanis.Repositories.ProductMemoryRepository/&lt;&gt;c__DisplayClass5_0</FullName>
          <Methods>
            <Method visited="false" cyclomaticComplexity="1" nPathComplexity="0" sequenceCoverage="0" branchCoverage="0" isConstructor="true" isStatic="false" isGetter="false" isSetter="false">
              <Summary numSequencePoints="0" visitedSequencePoints="0" numBranchPoints="0" visitedBranchPoints="0" sequenceCoverage="0" branchCoverage="0" maxCyclomaticComplexity="1" minCyclomaticComplexity="1" visitedClasses="0" numClasses="0" visitedMethods="0" numMethods="0" />
              <MetadataToken>100663394</MetadataToken>
              <Name>System.Void Arkanis.Repositories.ProductMemoryRepository/&lt;&gt;c__DisplayClass5_0::.ctor()</Name>
              <SequencePoints />
              <BranchPoints />
              <MethodPoint vc="0" uspid="170" ordinal="0" offset="0" />
            </Method>
            <Method visited="false" cyclomaticComplexity="1" nPathComplexity="0" sequenceCoverage="0" branchCoverage="0" isConstructor="false" isStatic="false" isGetter="false" isSetter="false">
              <Summary numSequencePoints="1" visitedSequencePoints="0" numBranchPoints="1" visitedBranchPoints="0" sequenceCoverage="0" branchCoverage="0" maxCyclomaticComplexity="1" minCyclomaticComplexity="1" visitedClasses="0" numClasses="0" visitedMethods="0" numMethods="1" />
              <MetadataToken>100663395</MetadataToken>
              <Name>System.Boolean Arkanis.Repositories.ProductMemoryRepository/&lt;&gt;c__DisplayClass5_0::&lt;Search&gt;b__0(Arkanis.Core.Entities.ProductEntity)</Name>
              <FileRef uid="11" />
              <SequencePoints>
                <SequencePoint vc="0" uspid="171" ordinal="0" offset="0" sl="41" sc="47" el="41" ec="67" bec="0" bev="0" fileid="11" />
              </SequencePoints>
              <BranchPoints />
              <MethodPoint xsi:type="SequencePoint" vc="0" uspid="171" ordinal="0" offset="0" sl="41" sc="47" el="41" ec="67" bec="0" bev="0" fileid="11" />
            </Method>
          </Methods>
        </Class>
        <Class>
          <Summary numSequencePoints="77" visitedSequencePoints="30" numBranchPoints="11" visitedBranchPoints="3" sequenceCoverage="38.96" branchCoverage="27.27" maxCyclomaticComplexity="6" minCyclomaticComplexity="1" visitedClasses="1" numClasses="1" visitedMethods="2" numMethods="5" />
          <FullName>Arkanis.Repositories.ProductRepository</FullName>
          <Methods>
            <Method visited="true" cyclomaticComplexity="2" nPathComplexity="0" sequenceCoverage="100" branchCoverage="100" isConstructor="false" isStatic="false" isGetter="false" isSetter="false">
              <Summary numSequencePoints="18" visitedSequencePoints="18" numBranchPoints="1" visitedBranchPoints="1" sequenceCoverage="100" branchCoverage="100" maxCyclomaticComplexity="2" minCyclomaticComplexity="2" visitedClasses="0" numClasses="0" visitedMethods="1" numMethods="1" />
              <MetadataToken>100663316</MetadataToken>
[...]
              </SequencePoints>
              <BranchPoints />
              <MethodPoint xsi:type="SequencePoint" vc="0" uspid="536" ordinal="0" offset="0" sl="11" sc="34" el="11" ec="40" bec="0" bev="0" fileid="45" />
            </Method>
            <Method visited="true" cyclomaticComplexity="1" nPathComplexity="0" sequenceCoverage="100" branchCoverage="100" isConstructor="true" isStatic="false" isGetter="false" isSetter="false">
              <Summary numSequencePoints="5" visitedSequencePoints="5" numBranchPoints="1" visitedBranchPoints="1" sequenceCoverage="100" branchCoverage="100" maxCyclomaticComplexity="1" minCyclomaticComplexity="1" visitedClasses="0" numClasses="0" visitedMethods="1" numMethods="1" />
              <MetadataToken>100663319</MetadataToken>
              <Name>System.Void Arkanis.Core.Entities.ProductEntity::.ctor(System.String,System.String)</Name>
              <FileRef uid="45" />
              <SequencePoints>
                <SequencePoint vc="4" uspid="539" ordinal="0" offset="0" sl="12" sc="53" el="12" ec="59" bec="0" bev="0" fileid="45" />
                <SequencePoint vc="4" uspid="540" ordinal="1" offset="7" sl="13" sc="3" el="13" ec="4" bec="0" bev="0" fileid="45" />
                <SequencePoint vc="4" uspid="541" ordinal="2" offset="8" sl="14" sc="4" el="14" ec="21" bec="0" bev="0" fileid="45" />
                <SequencePoint vc="4" uspid="542" ordinal="3" offset="16" sl="15" sc="4" el="15" ec="23" bec="0" bev="0" fileid="45" />
                <SequencePoint vc="4" uspid="543" ordinal="4" offset="24" sl="16" sc="3" el="16" ec="4" bec="0" bev="0" fileid="45" />
              </SequencePoints>
              <BranchPoints />
              <MethodPoint xsi:type="SequencePoint" vc="4" uspid="539" ordinal="0" offset="0" sl="12" sc="53" el="12" ec="59" bec="0" bev="0" fileid="45" />
            </Method>
            <Method visited="true" cyclomaticComplexity="3" nPathComplexity="4" sequenceCoverage="100" branchCoverage="60" isConstructor="false" isStatic="false" isGetter="false" isSetter="false">
              <Summary numSequencePoints="12" visitedSequencePoints="12" numBranchPoints="5" visitedBranchPoints="3" sequenceCoverage="100" branchCoverage="60" maxCyclomaticComplexity="3" minCyclomaticComplexity="3" visitedClasses="0" numClasses="0" visitedMethods="1" numMethods="1" />
              <MetadataToken>100663340</MetadataToken>
              <Name>System.Void Arkanis.Core.Entities.ProductEntity::Create()</Name>
              <FileRef uid="45" />
              <SequencePoints>
                <SequencePoint vc="3" uspid="544" ordinal="0" offset="0" sl="34" sc="30" el="34" ec="31" bec="0" bev="0" fileid="45" />
                <SequencePoint vc="3" uspid="545" ordinal="1" offset="1" sl="35" sc="13" el="35" ec="24" bec="0" bev="0" fileid="45" />
                <SequencePoint vc="3" uspid="546" ordinal="2" offset="8" sl="36" sc="13" el="36" ec="36" bec="2" bev="1" fileid="45" />
                <SequencePoint vc="3" uspid="547" ordinal="3" offset="21" sl="36" sc="36" el="36" ec="37" bec="0" bev="0" fileid="45" />
                <SequencePoint vc="3" uspid="548" ordinal="4" offset="22" sl="37" sc="17" el="37" ec="60" bec="0" bev="0" fileid="45" />
                <SequencePoint vc="3" uspid="549" ordinal="5" offset="28" sl="38" sc="17" el="38" ec="77" bec="0" bev="0" fileid="45" />
                <SequencePoint vc="3" uspid="550" ordinal="6" offset="48" sl="39" sc="13" el="39" ec="14" bec="0" bev="0" fileid="45" />
                <SequencePoint vc="3" uspid="551" ordinal="7" offset="49" sl="40" sc="13" el="40" ec="40" bec="2" bev="1" fileid="45" />
                <SequencePoint vc="3" uspid="552" ordinal="8" offset="62" sl="40" sc="41" el="40" ec="42" bec="0" bev="0" fileid="45" />
                <SequencePoint vc="3" uspid="553" ordinal="9" offset="63" sl="41" sc="17" el="41" ec="28" bec="0" bev="0" fileid="45" />
                <SequencePoint vc="3" uspid="554" ordinal="10" offset="71" sl="42" sc="13" el="42" ec="14" bec="0" bev="0" fileid="45" />
                <SequencePoint vc="3" uspid="555" ordinal="11" offset="72" sl="43" sc="9" el="43" ec="10" bec="0" bev="0" fileid="45" />
              </SequencePoints>
              <BranchPoints>
                <BranchPoint vc="3" uspid="556" ordinal="0" offset="19" sl="36" path="0" offsetend="21" fileid="45" />
                <BranchPoint vc="0" uspid="557" ordinal="1" offset="19" sl="36" path="1" offsetend="49" fileid="45" />
                <BranchPoint vc="3" uspid="558" ordinal="2" offset="60" sl="40" path="0" offsetend="62" fileid="45" />
                <BranchPoint vc="0" uspid="559" ordinal="3" offset="60" sl="40" path="1" offsetend="72" fileid="45" />
              </BranchPoints>
              <MethodPoint xsi:type="SequencePoint" vc="3" uspid="544" ordinal="0" offset="0" sl="34" sc="30" el="34" ec="31" bec="0" bev="0" fileid="45" />
            </Method>
            <Method visited="true" cyclomaticComplexity="5" nPathComplexity="16" sequenceCoverage="61.54" branchCoverage="55.56" isConstructor="false" isStatic="false" isGetter="false" isSetter="false">
              <Summary numSequencePoints="13" visitedSequencePoints="8" numBranchPoints="9" visitedBranchPoints="5" sequenceCoverage="61.54" branchCoverage="55.56" maxCyclomaticComplexity="5" minCyclomaticComplexity="5" visitedClasses="0" numClasses="0" visitedMethods="1" numMethods="1" />
              <MetadataToken>100663341</MetadataToken>
              <Name>System.Void Arkanis.Core.Entities.ProductEntity::Validate()</Name>
              <FileRef uid="45" />
              <SequencePoints>
                <SequencePoint vc="3" uspid="560" ordinal="0" offset="0" sl="46" sc="3" el="46" ec="4" bec="0" bev="0" fileid="45" />
                <SequencePoint vc="3" uspid="561" ordinal="1" offset="1" sl="47" sc="13" el="47" ec="54" bec="2" bev="1" fileid="45" />
                <SequencePoint vc="0" uspid="562" ordinal="2" offset="16" sl="48" sc="5" el="48" ec="65" bec="0" bev="0" fileid="45" />
                <SequencePoint vc="3" uspid="563" ordinal="3" offset="27" sl="50" sc="13" el="50" ec="55" bec="2" bev="1" fileid="45" />
                <SequencePoint vc="0" uspid="564" ordinal="4" offset="42" sl="51" sc="17" el="51" ec="77" bec="0" bev="0" fileid="45" />
                <SequencePoint vc="3" uspid="565" ordinal="5" offset="53" sl="53" sc="13" el="53" ec="32" bec="2" bev="1" fileid="45" />
                <SequencePoint vc="0" uspid="566" ordinal="6" offset="75" sl="54" sc="17" el="54" ec="82" bec="0" bev="0" fileid="45" />
                <SequencePoint vc="3" uspid="567" ordinal="7" offset="86" sl="56" sc="13" el="56" ec="80" bec="0" bev="0" fileid="45" />
                <SequencePoint vc="3" uspid="568" ordinal="8" offset="92" sl="57" sc="4" el="57" ec="43" bec="0" bev="0" fileid="45" />
                <SequencePoint vc="3" uspid="569" ordinal="9" offset="100" sl="58" sc="4" el="58" ec="25" bec="2" bev="1" fileid="45" />
                <SequencePoint vc="0" uspid="570" ordinal="10" offset="115" sl="59" sc="4" el="59" ec="5" bec="0" bev="0" fileid="45" />
                <SequencePoint vc="0" uspid="571" ordinal="11" offset="116" sl="60" sc="5" el="60" ec="33" bec="0" bev="0" fileid="45" />
                <SequencePoint vc="3" uspid="572" ordinal="12" offset="123" sl="63" sc="3" el="63" ec="4" bec="0" bev="0" fileid="45" />
              </SequencePoints>
              <BranchPoints>
                <BranchPoint vc="0" uspid="573" ordinal="0" offset="14" sl="47" path="0" offsetend="16" fileid="45" />
                <BranchPoint vc="3" uspid="574" ordinal="1" offset="14" sl="47" path="1" offsetend="27" fileid="45" />
                <BranchPoint vc="0" uspid="575" ordinal="2" offset="40" sl="50" path="0" offsetend="42" fileid="45" />
                <BranchPoint vc="3" uspid="576" ordinal="3" offset="40" sl="50" path="1" offsetend="53" fileid="45" />
                <BranchPoint vc="0" uspid="577" ordinal="4" offset="73" sl="53" path="0" offsetend="75" fileid="45" />
                <BranchPoint vc="3" uspid="578" ordinal="5" offset="73" sl="53" path="1" offsetend="86" fileid="45" />
                <BranchPoint vc="0" uspid="579" ordinal="6" offset="113" sl="58" path="0" offsetend="115" fileid="45" />
                <BranchPoint vc="3" uspid="580" ordinal="7" offset="113" sl="58" path="1" offsetend="123" fileid="45" />
              </BranchPoints>
              <MethodPoint xsi:type="SequencePoint" vc="3" uspid="560" ordinal="0" offset="0" sl="46" sc="3" el="46" ec="4" bec="0" bev="0" fileid="45" />
            </Method>
          </Methods>
        </Class>
        <Class>
          <Summary numSequencePoints="11" visitedSequencePoints="0" numBranchPoints="1" visitedBranchPoints="0" sequenceCoverage="0" branchCoverage="0" maxCyclomaticComplexity="3" minCyclomaticComplexity="3" visitedClasses="0" numClasses="1" visitedMethods="0" numMethods="1" />
          <FullName>Arkanis.Core.Infrastructure.ValidationResultsExtension</FullName>
          <Methods>
            <Method visited="false" cyclomaticComplexity="3" nPathComplexity="0" sequenceCoverage="0" branchCoverage="0" isConstructor="false" isStatic="true" isGetter="false" isSetter="false">
              <Summary numSequencePoints="11" visitedSequencePoints="0" numBranchPoints="1" visitedBranchPoints="0" sequenceCoverage="0" branchCoverage="0" maxCyclomaticComplexity="3" minCyclomaticComplexity="3" visitedClasses="0" numClasses="0" visitedMethods="0" numMethods="1" />
              <MetadataToken>100663342</MetadataToken>
              <Name>System.ApplicationException Arkanis.Core.Infrastructure.ValidationResultsExtension::ToException(Microsoft.Practices.EnterpriseLibrary.Validation.ValidationResults)</Name>
              <FileRef uid="46" />
              <SequencePoints>
                <SequencePoint vc="0" uspid="581" ordinal="0" offset="0" sl="10" sc="3" el="10" ec="4" bec="0" bev="0" fileid="46" />
                <SequencePoint vc="0" uspid="582" ordinal="1" offset="1" sl="11" sc="4" el="11" ec="43" bec="0" bev="0" fileid="46" />
                <SequencePoint vc="0" uspid="583" ordinal="2" offset="7" sl="12" sc="4" el="12" ec="11" bec="0" bev="0" fileid="46" />
                <SequencePoint vc="0" uspid="584" ordinal="3" offset="8" sl="12" sc="25" el="12" ec="32" bec="0" bev="0" fileid="46" />
                <SequencePoint vc="0" uspid="585" ordinal="4" offset="17" sl="12" sc="13" el="12" ec="21" bec="0" bev="0" fileid="46" />
                <SequencePoint vc="0" uspid="586" ordinal="5" offset="24" sl="13" sc="4" el="13" ec="5" bec="0" bev="0" fileid="46" />
                <SequencePoint vc="0" uspid="587" ordinal="6" offset="25" sl="14" sc="5" el="14" ec="33" bec="0" bev="0" fileid="46" />
                <SequencePoint vc="0" uspid="588" ordinal="7" offset="38" sl="15" sc="4" el="15" ec="5" bec="0" bev="0" fileid="46" />
                <SequencePoint vc="0" uspid="589" ordinal="8" offset="39" sl="12" sc="22" el="12" ec="24" bec="0" bev="0" fileid="46" />
                <SequencePoint vc="0" uspid="590" ordinal="9" offset="60" sl="16" sc="4" el="16" ec="51" bec="0" bev="0" fileid="46" />
                <SequencePoint vc="0" uspid="591" ordinal="10" offset="74" sl="17" sc="3" el="17" ec="4" bec="0" bev="0" fileid="46" />
              </SequencePoints>
              <BranchPoints />
              <MethodPoint xsi:type="SequencePoint" vc="0" uspid="581" ordinal="0" offset="0" sl="10" sc="3" el="10" ec="4" bec="0" bev="0" fileid="46" />
            </Method>
          </Methods>
        </Class>
      </Classes>
    </Module>
    <Module skippedDueTo="Filter" hash="74-F0-A7-4F-1E-8F-15-13-FF-F1-3C-D4-D7-A6-06-58-F5-9D-C8-56">
      <ModulePath>C:\Users\developer\Documents\projects\GHArkanis\Tests\Arkanis.FunctionalTests\bin\Debug\Microsoft.Practices.EnterpriseLibrary.Validation.dll</ModulePath>
      <ModuleTime>2013-04-25T17:04:22Z</ModuleTime>
      <ModuleName>Microsoft.Practices.EnterpriseLibrary.Validation</ModuleName>
      <Classes />
    </Module>
    <Module skippedDueTo="Filter" hash="74-28-C6-4C-3E-68-DD-45-E8-9F-DF-EB-A0-8F-75-F1-D3-A4-9B-29">
      <ModulePath>C:\Users\developer\Documents\projects\GHArkanis\Tests\Arkanis.FunctionalTests\bin\Debug\Microsoft.Practices.EnterpriseLibrary.Common.dll</ModulePath>
      <ModuleTime>2013-04-25T17:04:08Z</ModuleTime>
      <ModuleName>Microsoft.Practices.EnterpriseLibrary.Common</ModuleName>
      <Classes />
    </Module>
    <Module skippedDueTo="Filter" hash="EC-C8-73-33-83-EB-E9-33-AC-FD-CC-8D-E1-9C-57-8F-47-55-09-A9">
      <ModulePath>C:\Windows\Microsoft.Net\assembly\GAC_MSIL\System.Core\v4.0_4.0.0.0__b77a5c561934e089\System.Core.dll</ModulePath>
      <ModuleTime>2017-07-28T01:29:28.5532064Z</ModuleTime>
      <ModuleName>System.Core</ModuleName>
      <Classes />
    </Module>
    <Module skippedDueTo="Filter" hash="5A-19-01-15-5F-43-79-80-9C-C2-15-F8-4A-4D-C3-F0-D1-6C-F7-07">
      <ModulePath>C:\Windows\Microsoft.Net\assembly\GAC_MSIL\System.ComponentModel.DataAnnotations\v4.0_4.0.0.0__31bf3856ad364e35\System.ComponentModel.DataAnnotations.dll</ModulePath>
      <ModuleTime>2017-03-18T20:59:45.9939488Z</ModuleTime>
      <ModuleName>System.ComponentModel.DataAnnotations</ModuleName>
      <Classes />
    </Module>
    <Module skippedDueTo="Filter" hash="4E-75-0E-1D-FE-71-FF-E7-3E-12-71-73-33-10-89-E5-FA-1F-C8-82">
      <ModulePath>C:\Users\developer\Documents\projects\GHArkanis\Tests\Arkanis.FunctionalTests\bin\Debug\EntityFramework.dll</ModulePath>
      <ModuleTime>2013-09-11T16:10:04Z</ModuleTime>
      <ModuleName>EntityFramework</ModuleName>
      <Classes />
    </Module>
    <Module skippedDueTo="Filter" hash="C4-70-7F-F9-A6-42-46-29-2F-07-22-01-7B-20-F8-01-B5-1D-B5-65">
      <ModulePath>C:\Windows\Microsoft.Net\assembly\GAC_64\System.Data\v4.0_4.0.0.0__b77a5c561934e089\System.Data.dll</ModulePath>
      <ModuleTime>2017-07-28T01:28:16.0131522Z</ModuleTime>
      <ModuleName>System.Data</ModuleName>
      <Classes />
    </Module>
    <Module skippedDueTo="Filter" hash="28-6F-10-48-EE-A6-4A-9D-EE-E6-08-A1-6C-DF-30-7A-42-9C-C4-22">
      <ModulePath>C:\Users\developer\Documents\projects\GHArkanis\Tests\Arkanis.FunctionalTests\bin\Debug\MySql.Data.Entity.EF6.dll</ModulePath>
      <ModuleTime>2016-06-18T01:29:12Z</ModuleTime>
      <ModuleName>MySql.Data.Entity.EF6</ModuleName>
      <Classes />
    </Module>
    <Module skippedDueTo="Filter" hash="C3-04-5F-75-20-EE-56-D2-5D-9A-1C-79-D6-6A-56-F9-33-C3-7D-2C">
      <ModulePath>C:\Users\developer\Documents\projects\GHArkanis\Tests\Arkanis.FunctionalTests\bin\Debug\MySql.Data.dll</ModulePath>
      <ModuleTime>2016-06-18T01:29:10Z</ModuleTime>
      <ModuleName>MySql.Data</ModuleName>
      <Classes />
    </Module>
    <Module skippedDueTo="Filter" hash="CD-1A-0F-9A-99-BF-1A-24-9B-B5-D0-21-D3-27-93-4B-AB-87-97-FC">
      <ModulePath>C:\Windows\Microsoft.Net\assembly\GAC_64\System.Transactions\v4.0_4.0.0.0__b77a5c561934e089\System.Transactions.dll</ModulePath>
      <ModuleTime>2017-03-18T20:59:43.8531422Z</ModuleTime>
      <ModuleName>System.Transactions</ModuleName>
      <Classes />
    </Module>
    <Module skippedDueTo="Filter" hash="7F-D0-99-21-BA-2B-90-5B-93-02-29-B8-7B-1C-AD-0D-2A-CF-99-EC">
      <ModulePath>C:\Users\developer\Documents\projects\GHArkanis\Tests\Arkanis.FunctionalTests\bin\Debug\EntityFramework.SqlServer.dll</ModulePath>
      <ModuleTime>2013-09-11T16:10:04Z</ModuleTime>
      <ModuleName>EntityFramework.SqlServer</ModuleName>
      <Classes />
    </Module>
    <Module skippedDueTo="Filter" hash="">
      <ModulePath>RefEmit_InMemoryManifestModule</ModulePath>
      <ModuleTime>0001-01-01T00:00:00</ModuleTime>
      <ModuleName>Anonymously Hosted DynamicMethods Assembly</ModuleName>
      <Classes />
    </Module>
    <Module skippedDueTo="Filter" hash="59-F8-E7-31-B8-D6-73-4E-ED-89-F7-22-B8-47-F6-C3-A3-9B-17-BE">
      <ModulePath>C:\Windows\Microsoft.Net\assembly\GAC_MSIL\System.Numerics\v4.0_4.0.0.0__b77a5c561934e089\System.Numerics.dll</ModulePath>
      <ModuleTime>2017-03-18T20:59:43.8218895Z</ModuleTime>
      <ModuleName>System.Numerics</ModuleName>
      <Classes />
    </Module>
    <Module skippedDueTo="Filter" hash="89-46-FE-AD-F5-3B-1B-75-9C-41-91-22-AD-11-6D-B5-4B-3C-9C-B9">
      <ModulePath>C:\Windows\Microsoft.Net\assembly\GAC_64\System.Data.OracleClient\v4.0_4.0.0.0__b77a5c561934e089\System.Data.OracleClient.dll</ModulePath>
      <ModuleTime>2017-03-18T20:59:45.9939488Z</ModuleTime>
      <ModuleName>System.Data.OracleClient</ModuleName>
      <Classes />
    </Module>
    <Module skippedDueTo="Filter" hash="0F-7F-25-98-8D-37-21-1F-A0-FF-E6-8C-CF-1C-08-16-5C-85-43-27">
      <ModulePath>C:\Windows\Microsoft.Net\assembly\GAC_64\System.EnterpriseServices\v4.0_4.0.0.0__b03f5f7f11d50a3a\System.EnterpriseServices.dll</ModulePath>
      <ModuleTime>2017-03-18T20:59:45.6501693Z</ModuleTime>
      <ModuleName>System.EnterpriseServices</ModuleName>
      <Classes />
    </Module>
    <Module skippedDueTo="Filter" hash="EC-C8-73-33-83-EB-E9-33-AC-FD-CC-8D-E1-9C-57-8F-47-55-09-A9">
      <ModulePath>C:\Windows\Microsoft.Net\assembly\GAC_MSIL\System.Core\v4.0_4.0.0.0__b77a5c561934e089\System.Core.dll</ModulePath>
      <ModuleTime>2017-07-28T01:29:28.5532064Z</ModuleTime>
      <ModuleName>System.Core</ModuleName>
      <Classes />
    </Module>
    <Module skippedDueTo="Filter" hash="47-11-2F-46-51-04-7E-8C-43-F6-02-DE-6A-CB-42-3C-02-5F-4C-B2">
      <ModulePath>C:\Windows\Microsoft.Net\assembly\GAC_MSIL\System.Management\v4.0_4.0.0.0__b03f5f7f11d50a3a\System.Management.dll</ModulePath>
      <ModuleTime>2017-07-28T01:29:28.7563299Z</ModuleTime>
      <ModuleName>System.Management</ModuleName>
      <Classes />
    </Module>
    <Module skippedDueTo="Filter" hash="B2-28-6B-70-63-9D-E4-57-87-05-C1-81-C5-79-94-3B-83-FA-E0-DD">
      <ModulePath>C:\Windows\Microsoft.Net\assembly\GAC_MSIL\System.Xml.Linq\v4.0_4.0.0.0__b77a5c561934e089\System.Xml.Linq.dll</ModulePath>
      <ModuleTime>2017-03-18T20:59:45.7283009Z</ModuleTime>
      <ModuleName>System.Xml.Linq</ModuleName>
      <Classes />
    </Module>
    <Module skippedDueTo="Filter" hash="78-34-25-03-D2-B2-45-90-ED-CB-35-FE-38-B1-51-C0-BF-C1-56-82">
      <ModulePath>C:\Windows\Microsoft.Net\assembly\GAC_MSIL\System.Runtime.Serialization\v4.0_4.0.0.0__b77a5c561934e089\System.Runtime.Serialization.dll</ModulePath>
      <ModuleTime>2017-03-18T20:59:46.1033339Z</ModuleTime>
      <ModuleName>System.Runtime.Serialization</ModuleName>
      <Classes />
    </Module>
    <Module skippedDueTo="Filter" hash="">
      <ModulePath>RefEmit_InMemoryManifestModule</ModulePath>
      <ModuleTime>0001-01-01T00:00:00</ModuleTime>
      <ModuleName>EntityFrameworkDynamicProxies-EntityFramework</ModuleName>
      <Classes />
    </Module>
    <Module skippedDueTo="Filter" hash="F0-8B-08-9E-26-97-77-55-BC-B3-5B-23-D1-B5-4D-C5-71-BB-E8-D1">
      <ModulePath>C:\Windows\Microsoft.Net\assembly\GAC_MSIL\System.Web.Extensions\v4.0_4.0.0.0__31bf3856ad364e35\System.Web.Extensions.dll</ModulePath>
      <ModuleTime>2017-07-31T22:45:58.1836349Z</ModuleTime>
      <ModuleName>System.Web.Extensions</ModuleName>
      <Classes />
    </Module>
    <Module skippedDueTo="Filter" hash="">
      <ModulePath>RefEmit_InMemoryManifestModule</ModulePath>
      <ModuleTime>0001-01-01T00:00:00</ModuleTime>
      <ModuleName>EntityFrameworkDynamicProxies-Arkanis.Repositories</ModuleName>
      <Classes />
    </Module>
    <Module skippedDueTo="Filter" hash="BA-C3-1A-32-62-15-B4-CA-4B-D6-04-07-22-46-9F-35-6C-EF-4A-64">
      <ModulePath>C:\Windows\Microsoft.Net\assembly\GAC_64\System.Web\v4.0_4.0.0.0__b03f5f7f11d50a3a\System.Web.dll</ModulePath>
      <ModuleTime>2017-07-31T22:46:54.556383Z</ModuleTime>
      <ModuleName>System.Web</ModuleName>
      <Classes />
    </Module>
  </Modules>
</CoverageSession>